[2015.09.27-03.08.38:362][  0]Log file open, 09/26/15 23:08:38
[2015.09.27-03.08.38:362][  0]LogInit:Display: Running engine for game: TrialThirdPerson
[2015.09.27-03.08.38:362][  0]LogInit:Display: RandInit(-2126516217) SRandInit(-2126516217).
[2015.09.27-03.08.38:362][  0]LogTaskGraph: Started task graph with 4 named threads and 7 total threads.
[2015.09.27-03.08.38:362][  0]LogStats: Stats thread started at 0.176311
[2015.09.27-03.08.38:362][  0]LogInit: Version: 4.9.1-2689999+++depot+UE4-Releases+4.9
[2015.09.27-03.08.38:362][  0]LogInit: API Version: 2672455
[2015.09.27-03.08.38:362][  0]LogInit: Compiled (64-bit): Sep 14 2015 04:12:03
[2015.09.27-03.08.38:362][  0]LogInit: Compiled with Visual C++: 18.00.21005.01
[2015.09.27-03.08.38:362][  0]LogInit: Build Configuration: Development
[2015.09.27-03.08.38:362][  0]LogInit: Branch Name: ++depot+UE4-Releases+4.9
[2015.09.27-03.08.38:362][  0]LogInit: Command line:  /Temp/Autosaves/Game/StarterContent/Maps/UEDPCMinimal_Default -game -PIEVIACONSOLE -ResX=1920 -ResY=1080  -Multiprocess 
[2015.09.27-03.08.38:362][  0]LogInit: Base directory: D:/Program Files (x86)/Epic Games/4.9/Engine/Binaries/Win64/
[2015.09.27-03.08.38:362][  0]LogInit: Rocket: 1
[2015.09.27-03.08.38:378][  0]LogInit: Using libcurl 7.41.0
[2015.09.27-03.08.38:378][  0]LogInit:  - built for x86_64-pc-win32
[2015.09.27-03.08.38:378][  0]LogInit:  - supports SSL with WinSSL
[2015.09.27-03.08.38:378][  0]LogInit:  - other features:
[2015.09.27-03.08.38:378][  0]LogInit:      CURL_VERSION_SSL
[2015.09.27-03.08.38:378][  0]LogInit:      CURL_VERSION_IPV6
[2015.09.27-03.08.38:378][  0]LogInit:      CURL_VERSION_ASYNCHDNS
[2015.09.27-03.08.38:378][  0]LogInit:      CURL_VERSION_LARGEFILE
[2015.09.27-03.08.38:378][  0]LogInit:      CURL_VERSION_IDN
[2015.09.27-03.08.38:378][  0]LogInit:  CurlRequestOptions (configurable via config and command line):
[2015.09.27-03.08.38:378][  0]LogInit:  - bVerifyPeer = true  - Libcurl will verify peer certificate
[2015.09.27-03.08.38:378][  0]LogInit:  - bUseHttpProxy = false  - Libcurl will NOT use HTTP proxy
[2015.09.27-03.08.38:378][  0]LogInit:  - bDontReuseConnections = false  - Libcurl will reuse connections
[2015.09.27-03.08.38:378][  0]LogInit:  - CertBundlePath = nullptr  - Libcurl will use whatever was configured at build time.
[2015.09.27-03.08.38:384][  0]LogInit: Presizing for 0 objects not considered by GC, pre-allocating 0 bytes.
[2015.09.27-03.08.38:390][  0]LogInit: Object subsystem initialized
[2015.09.27-03.08.38:391][  0]LogInit: Selected Device Profile: [Windows]
[2015.09.27-03.08.38:391][  0]LogInit: Applying CVar settings loaded from the selected device profile: [Windows]
[2015.09.27-03.08.38:394][  0]LogInit: Computer: DIGITALSTORM-PC
[2015.09.27-03.08.38:394][  0]LogInit: User: Juan
[2015.09.27-03.08.38:394][  0]LogInit: CPU Page size=4096, Cores=4
[2015.09.27-03.08.38:394][  0]LogInit: High frequency timer resolution =3.507503 MHz
[2015.09.27-03.08.38:394][  0]LogMemory: Memory total: Physical=8.0GB (8GB approx)
[2015.09.27-03.08.38:394][  0]LogMemory: Platform Memory Stats for Windows
[2015.09.27-03.08.38:394][  0]LogMemory: Process Physical Memory: 55.95 MB used, 55.95 MB peak
[2015.09.27-03.08.38:394][  0]LogMemory: Process Virtual Memory: 57.11 MB used, 57.11 MB peak
[2015.09.27-03.08.38:394][  0]LogMemory: Physical Memory: 4578.35 MB used, 8149.59 MB total
[2015.09.27-03.08.38:394][  0]LogMemory: Virtual Memory: 356.15 MB used, 134217728.00 MB total
[2015.09.27-03.08.38:441][  0]LogTextLocalizationManager: No specific translations for ('en-US') exist, so ('en') translations will be used.
[2015.09.27-03.08.38:966][  0]LogD3D11RHI: Found D3D11 adapter 0: NVIDIA GeForce GTX 980M        (Feature Level 11_0)
[2015.09.27-03.08.38:966][  0]LogD3D11RHI: Adapter has 8039MB of dedicated video memory, 0MB of dedicated system memory, and 4074MB of shared system memory, 1 output[s]
[2015.09.27-03.08.38:969][  0]LogD3D11RHI: Found D3D11 adapter 1: Microsoft Basic Render Driver (Feature Level 11_0)
[2015.09.27-03.08.38:969][  0]LogD3D11RHI: Adapter has 0MB of dedicated video memory, 0MB of dedicated system memory, and 256MB of shared system memory, 0 output[s]
[2015.09.27-03.08.38:969][  0]LogD3D11RHI: Chosen D3D11 Adapter Id = 0
[2015.09.27-03.08.38:973][  0]LogD3D11RHI: !Direct3DDevice
[2015.09.27-03.08.38:973][  0]LogRHI: Texture pool is 1361 MB (70% of 1945 MB)
[2015.09.27-03.08.38:985][  0]LogD3D11RHI: Async texture creation enabled
[2015.09.27-03.08.39:002][  0]LogShaderCompilers: Guid format shader working directory is 14 characters bigger than the processId version (C:/Users/Juan/Dropbox/Game Design Class/Francisco's Stuff/TrialThirdPerson/Intermediate/Shaders/WorkingDirectory/14164/).
[2015.09.27-03.08.39:003][  0]LogShaderCompilers: Cleaned the shader compiler working directory 'C:/Users/Juan/Dropbox/Game Design Class/Francisco's Stuff/TrialThirdPerson/Intermediate/Shaders/tmp/356008934348A81B395B96870063C2F1/'.
[2015.09.27-03.08.39:003][  0]LogShaderCompilers:Display: Using Local Shader Compiler.
[2015.09.27-03.08.40:063][  0]LogTemp:Display: Loaded TP AllDesktopTargetPlatform
[2015.09.27-03.08.40:067][  0]LogTemp:Display: Loaded TP WindowsClientTargetPlatform
[2015.09.27-03.08.40:072][  0]LogTemp:Display: Loaded TP WindowsNoEditorTargetPlatform
[2015.09.27-03.08.40:077][  0]LogTemp:Display: Loaded TP WindowsServerTargetPlatform
[2015.09.27-03.08.40:082][  0]LogTemp:Display: Loaded TP WindowsTargetPlatform
[2015.09.27-03.08.40:086][  0]LogTemp:Display: Loaded TP AndroidTargetPlatform
[2015.09.27-03.08.40:093][  0]LogTemp:Display: Loaded TP Android_ASTCTargetPlatform
[2015.09.27-03.08.40:100][  0]LogTemp:Display: Loaded TP Android_ATCTargetPlatform
[2015.09.27-03.08.40:107][  0]LogTemp:Display: Loaded TP Android_DXTTargetPlatform
[2015.09.27-03.08.40:114][  0]LogTemp:Display: Loaded TP Android_ETC1TargetPlatform
[2015.09.27-03.08.40:121][  0]LogTemp:Display: Loaded TP Android_ETC2TargetPlatform
[2015.09.27-03.08.40:128][  0]LogTemp:Display: Loaded TP Android_PVRTCTargetPlatform
[2015.09.27-03.08.40:131][  0]LogTemp:Display: Loaded TP HTML5TargetPlatform
[2015.09.27-03.08.40:150][  0]LogTemp:Display: Loaded TP IOSTargetPlatform
[2015.09.27-03.08.40:154][  0]LogTemp:Display: Loaded TP LinuxNoEditorTargetPlatform
[2015.09.27-03.08.40:157][  0]LogTemp:Display: Loaded TP LinuxServerTargetPlatform
[2015.09.27-03.08.40:161][  0]LogTemp:Display: Loaded TP LinuxTargetPlatform
[2015.09.27-03.08.40:161][  0]LogTargetPlatformManager:Display: Building Assets For Windows
[2015.09.27-03.08.40:239][  0]LogDerivedDataCache:Display: Max Cache Size: 512 MB
[2015.09.27-03.08.40:285][  0]LogDerivedDataCache: Loaded boot cache 0.05s 41MB C:/Users/Juan/AppData/Local/UnrealEngine/4.9/DerivedDataCache/Boot.ddc.
[2015.09.27-03.08.40:285][  0]LogDerivedDataCache:Display: Loaded Boot cache: C:/Users/Juan/AppData/Local/UnrealEngine/4.9/DerivedDataCache/Boot.ddc
[2015.09.27-03.08.40:285][  0]LogDerivedDataCache: FDerivedDataBackendGraph:  Pak pak cache file C:/Users/Juan/Dropbox/Game Design Class/Francisco's Stuff/TrialThirdPerson/DerivedDataCache/DDC.ddp not found, will not use a pak cache.
[2015.09.27-03.08.40:285][  0]LogDerivedDataCache: Unable to find inner node Pak for hierarchical cache Hierarchy.
[2015.09.27-03.08.40:285][  0]LogDerivedDataCache: FDerivedDataBackendGraph:  CompressedPak pak cache file C:/Users/Juan/Dropbox/Game Design Class/Francisco's Stuff/TrialThirdPerson/DerivedDataCache/Compressed.ddp not found, will not use a pak cache.
[2015.09.27-03.08.40:285][  0]LogDerivedDataCache: Unable to find inner node CompressedPak for hierarchical cache Hierarchy.
[2015.09.27-03.08.40:395][  0]LogDerivedDataCache:Display: Pak cache opened for reading ../../../Engine/DerivedDataCache/Compressed.ddp.
[2015.09.27-03.08.40:407][  0]LogDerivedDataCache: Using Local data cache path C:/Users/Juan/AppData/Local/UnrealEngine/Common/DerivedDataCache: Writable
[2015.09.27-03.08.40:538][  0]LogInit: Selected Device Profile: [Windows]
[2015.09.27-03.08.40:539][  0]LogContentStreaming: Texture pool size is 1000.000000MB
[2015.09.27-03.08.40:632][  0]LogMeshUtilities: No automatic mesh reduction module available
[2015.09.27-03.08.40:632][  0]LogMeshUtilities: No automatic mesh merging module available
[2015.09.27-03.08.40:855][  0]LogInit: WinSock: version 1.1 (2.2), MaxSocks=32767, MaxUdp=65467
[2015.09.27-03.08.41:024][  0]LogWindowsMoviePlayer: Unable to load movie: C:/Users/Juan/Dropbox/Game Design Class/Francisco's Stuff/TrialThirdPerson/Content/Movies/Default_Startup.mp4
[2015.09.27-03.08.41:133][  0]SourceControl: Info Source control is disabled
[2015.09.27-03.08.41:134][  0]SourceControl: Info Source control is disabled
[2015.09.27-03.08.41:142][  0]SourceControl: Info Source control is disabled
[2015.09.27-03.08.41:225][  0]LogLinker:Warning: Asset '../../../Engine/Plugins/Runtime/LeapMotionController/Content/LM_PassthroughMaterial.uasset' has been saved with empty engine version. The asset will be loaded but may be incompatible.
[2015.09.27-03.08.41:303][  0]LogObj: 27669 objects as part of root set at end of initial load.
[2015.09.27-03.08.41:303][  0]LogUObjectAllocator: 5775704 out of 0 bytes used by permanent object pool.
[2015.09.27-03.08.41:357][  0]LogEngine: Initializing Engine...
[2015.09.27-03.08.41:359][  0]LogHMD: Can't find Oculus library dev build: is proper Runtime installed? Version: 0.7.0.0
[2015.09.27-03.08.41:370][  0]LogHMD: SteamVR failed to initialize.  Err: 108
[2015.09.27-03.08.41:459][  0]LogInit: XAudio2 using 'Speakers (Realtek High Definition Audio)' : 2 channels at 48 kHz using 32 bits per sample (channel mask 0x3)
[2015.09.27-03.08.41:471][  0]LogInit: FAudioDevice initialized.
[2015.09.27-03.08.41:475][  0]LogInit: Texture streaming: Enabled
[2015.09.27-03.08.41:525][  0]LogNet: Browse: /Temp/Autosaves/Game/StarterContent/Maps/UEDPCMinimal_Default?Name=Player
[2015.09.27-03.08.41:527][  0]LogLoad: LoadMap: /Temp/Autosaves/Game/StarterContent/Maps/UEDPCMinimal_Default?Name=Player
[2015.09.27-03.08.41:537][  0]LogParticles: Destroying 0 GPU particle simulations for FXSystem 0x0000002EF14C7560
[2015.09.27-03.08.41:551][  0]LogMemory: Platform Memory Stats for Windows
[2015.09.27-03.08.41:551][  0]LogMemory: Process Physical Memory: 362.30 MB used, 365.83 MB peak
[2015.09.27-03.08.41:551][  0]LogMemory: Process Virtual Memory: 328.63 MB used, 337.05 MB peak
[2015.09.27-03.08.41:551][  0]LogMemory: Physical Memory: 4835.03 MB used, 8149.59 MB total
[2015.09.27-03.08.41:551][  0]LogMemory: Virtual Memory: 858.30 MB used, 134217728.00 MB total
[2015.09.27-03.08.41:551][  0]LogMemory: 
[2015.09.27-03.08.41:551][  0]Allocator Stats for TBB: (not implemented)
[2015.09.27-03.08.42:239][  0]LogAIModule: Creating AISystem for world Minimal_Default
[2015.09.27-03.08.42:239][  0]LogWorld: Game class is 'MyGame_C'
[2015.09.27-03.08.42:261][  0]LogWorld: Bringing World /Temp/Autosaves/Game/StarterContent/Maps/UEDPCMinimal_Default.Minimal_Default up for play (max tick rate 0) at 2015.09.26-23.08.42
[2015.09.27-03.08.42:261][  0]LogWorld: Bringing up level for play took: 0.021188
[2015.09.27-03.08.42:265][  0]LogInit:Display: Game Engine Initialized.
[2015.09.27-03.08.42:483][  0]LogLoad: Full Startup: 4.52 seconds (BP compile: 0.19 seconds)
[2015.09.27-03.08.42:562][  0]LogRenderer: Reallocating scene render targets to support 128x128 (Frame:1).
[2015.09.27-03.08.42:633][  1]LogRenderer: Reallocating scene render targets to support 1920x1080 (Frame:2).
[2015.09.27-03.08.44:515][116]LogBlueprintUserMessages: [MyCharacter_C_0] 0.0
[2015.09.27-03.08.46:515][240]LogBlueprintUserMessages: [MyCharacter_C_0] 0.0
[2015.09.27-03.08.48:516][362]LogBlueprintUserMessages: [MyCharacter_C_0] 0.0
[2015.09.27-03.08.50:516][486]LogBlueprintUserMessages: [MyCharacter_C_0] 0.0
[2015.09.27-03.08.52:516][610]LogBlueprintUserMessages: [MyCharacter_C_0] 0.0
[2015.09.27-03.08.52:831][628]LogWindowsTextInputMethodSystem:Display: IME system now deactivated.
[2015.09.27-03.08.52:833][628]LogEngine: All Windows Closed
[2015.09.27-03.08.52:833][628]LogWindows: FPlatformMisc::RequestExit(0)
[2015.09.27-03.08.53:380][629]LogExit: Preparing to exit.
[2015.09.27-03.08.53:467][629]LogExit: Game engine shut down
[2015.09.27-03.08.53:468][629]LogParticles: Destroying 0 GPU particle simulations for FXSystem 0x0000002EF2B59B20
[2015.09.27-03.08.53:578][629]LogExit: Object subsystem successfully closed.
[2015.09.27-03.08.53:587][629]LogD3D11RHI: Shutdown
[2015.09.27-03.08.53:587][629]LogD3D11RHI: CleanupD3DDevice
[2015.09.27-03.08.53:622][629]LogD3D11RHI: ~FD3D11DynamicRHI
[2015.09.27-03.08.53:632][629]LogModuleManager: Shutting down and abandoning module AndroidDeviceDetection (115)
[2015.09.27-03.08.54:508][629]LogModuleManager: Shutting down and abandoning module AutomationController (114)
[2015.09.27-03.08.54:508][629]LogModuleManager: Shutting down and abandoning module AutomationWorker (113)
[2015.09.27-03.08.54:508][629]LogModuleManager: Shutting down and abandoning module CharacterAI (112)
[2015.09.27-03.08.54:508][629]LogModuleManager: Shutting down and abandoning module AITestSuite (111)
[2015.09.27-03.08.54:508][629]LogModuleManager: Shutting down and abandoning module GameplayDebugger (110)
[2015.09.27-03.08.54:508][629]LogModuleManager: Shutting down and abandoning module AIModule (109)
[2015.09.27-03.08.54:508][629]LogModuleManager: Shutting down and abandoning module GameLiveStreaming (108)
[2015.09.27-03.08.54:508][629]LogModuleManager: Shutting down and abandoning module StreamingPauseRendering (107)
[2015.09.27-03.08.54:508][629]LogModuleManager: Shutting down and abandoning module ProfilerService (106)
[2015.09.27-03.08.54:577][629]LogModuleManager: Shutting down and abandoning module TaskGraph (105)
[2015.09.27-03.08.54:577][629]LogModuleManager: Shutting down and abandoning module SlateRemote (104)
[2015.09.27-03.08.54:577][629]LogModuleManager: Shutting down and abandoning module SteamVRController (103)
[2015.09.27-03.08.54:577][629]LogModuleManager: Shutting down and abandoning module SteamVR (102)
[2015.09.27-03.08.54:577][629]LogModuleManager: Shutting down and abandoning module ProceduralMeshComponent (101)
[2015.09.27-03.08.54:577][629]LogModuleManager: Shutting down and abandoning module OculusRift (100)
[2015.09.27-03.08.54:577][629]LogModuleManager: Shutting down and abandoning module OculusLibrary (99)
[2015.09.27-03.08.54:577][629]LogModuleManager: Shutting down and abandoning module LeapMotionController (98)
[2015.09.27-03.08.54:587][629]LogModuleManager: Shutting down and abandoning module CustomMeshComponent (97)
[2015.09.27-03.08.54:587][629]LogModuleManager: Shutting down and abandoning module CableComponent (96)
[2015.09.27-03.08.54:587][629]LogModuleManager: Shutting down and abandoning module ArchVisCharacter (95)
[2015.09.27-03.08.54:587][629]LogModuleManager: Shutting down and abandoning module HTML5Networking (94)
[2015.09.27-03.08.54:587][629]LogModuleManager: Shutting down and abandoning module DesktopPlatform (93)
[2015.09.27-03.08.54:587][629]LogModuleManager: Shutting down and abandoning module DirectoryWatcher (92)
[2015.09.27-03.08.54:587][629]LogModuleManager: Shutting down and abandoning module HotReload (91)
[2015.09.27-03.08.54:587][629]LogModuleManager: Shutting down and abandoning module VisualStudioSourceCodeAccess (90)
[2015.09.27-03.08.54:587][629]LogModuleManager: Shutting down and abandoning module UObjectPlugin (89)
[2015.09.27-03.08.54:587][629]LogModuleManager: Shutting down and abandoning module SubversionSourceControl (88)
[2015.09.27-03.08.54:587][629]LogModuleManager: Shutting down and abandoning module SourceControl (87)
[2015.09.27-03.08.54:587][629]LogModuleManager: Shutting down and abandoning module PerforceSourceControl (86)
[2015.09.27-03.08.54:587][629]LogModuleManager: Shutting down and abandoning module UdpMessaging (85)
[2015.09.27-03.08.54:587][629]LogModuleManager: Shutting down and abandoning module LightPropagationVolumeRuntime (84)
[2015.09.27-03.08.54:587][629]LogModuleManager: Shutting down and abandoning module Paper2D (83)
[2015.09.27-03.08.54:587][629]LogModuleManager: Shutting down and abandoning module WindowsMoviePlayer (82)
[2015.09.27-03.08.54:589][629]LogModuleManager: Shutting down and abandoning module Media (81)
[2015.09.27-03.08.54:589][629]LogModuleManager: Shutting down and abandoning module WmfMedia (80)
[2015.09.27-03.08.54:589][629]LogModuleManager: Shutting down and abandoning module OnlineBlueprintSupport (79)
[2015.09.27-03.08.54:589][629]LogModuleManager: Shutting down and abandoning module GameplayTasksEditor (78)
[2015.09.27-03.08.54:589][629]LogModuleManager: Shutting down and abandoning module PropertyEditor (77)
[2015.09.27-03.08.54:589][629]LogModuleManager: Shutting down and abandoning module BehaviorTreeEditor (76)
[2015.09.27-03.08.54:589][629]LogModuleManager: Shutting down and abandoning module FunctionalTesting (75)
[2015.09.27-03.08.54:590][629]LogModuleManager: Shutting down and abandoning module CollisionAnalyzer (74)
[2015.09.27-03.08.54:590][629]LogModuleManager: Shutting down and abandoning module WorkspaceMenuStructure (73)
[2015.09.27-03.08.54:590][629]LogModuleManager: Shutting down and abandoning module MessageLog (72)
[2015.09.27-03.08.54:590][629]LogModuleManager: Shutting down and abandoning module Sequencer (71)
[2015.09.27-03.08.54:590][629]LogModuleManager: Shutting down and abandoning module AssetTools (70)
[2015.09.27-03.08.54:590][629]LogModuleManager: Shutting down and abandoning module UMGEditor (69)
[2015.09.27-03.08.54:590][629]LogModuleManager: Shutting down and abandoning module UMG (68)
[2015.09.27-03.08.54:590][629]LogModuleManager: Shutting down and abandoning module Slate (67)
[2015.09.27-03.08.54:590][629]LogModuleManager: Shutting down and abandoning module EditorStyle (66)
[2015.09.27-03.08.54:591][629]LogModuleManager: Shutting down and abandoning module SessionServices (65)
[2015.09.27-03.08.54:591][629]LogModuleManager: Shutting down and abandoning module SourceCodeAccess (64)
[2015.09.27-03.08.54:591][629]LogModuleManager: Shutting down and abandoning module HeadMountedDisplay (63)
[2015.09.27-03.08.54:591][629]LogModuleManager: Shutting down and abandoning module XAudio2 (62)
[2015.09.27-03.08.54:591][629]LogModuleManager: Shutting down and abandoning module Networking (60)
[2015.09.27-03.08.54:591][629]LogModuleManager: Shutting down and abandoning module Core (59)
[2015.09.27-03.08.54:591][629]LogModuleManager: Shutting down and abandoning module KismetCompiler (58)
[2015.09.27-03.08.54:591][629]LogModuleManager: Shutting down and abandoning module PhysXFormats (57)
[2015.09.27-03.08.54:591][629]LogModuleManager: Shutting down and abandoning module MeshUtilities (56)
[2015.09.27-03.08.54:591][629]LogModuleManager: Shutting down and abandoning module CookingStats (55)
[2015.09.27-03.08.54:592][629]LogModuleManager: Shutting down and abandoning module DerivedDataCache (54)
[2015.09.27-03.08.54:907][629]LogDerivedDataCache: Shutdown
[2015.09.27-03.08.54:907][629]LogModuleManager: Shutting down and abandoning module ShaderFormatOpenGL (53)
[2015.09.27-03.08.54:907][629]LogModuleManager: Shutting down and abandoning module ShaderFormatD3D (52)
[2015.09.27-03.08.54:907][629]LogModuleManager: Shutting down and abandoning module MetalShaderFormat (51)
[2015.09.27-03.08.54:907][629]LogModuleManager: Shutting down and abandoning module TextureFormatUncompressed (50)
[2015.09.27-03.08.54:907][629]LogModuleManager: Shutting down and abandoning module TextureFormatPVR (49)
[2015.09.27-03.08.54:907][629]LogModuleManager: Shutting down and abandoning module TextureFormatIntelISPCTexComp (48)
[2015.09.27-03.08.54:907][629]LogModuleManager: Shutting down and abandoning module TextureFormatDXT (47)
[2015.09.27-03.08.54:907][629]LogModuleManager: Shutting down and abandoning module ImageWrapper (46)
[2015.09.27-03.08.54:907][629]LogModuleManager: Shutting down and abandoning module TextureFormatASTC (45)
[2015.09.27-03.08.54:907][629]LogModuleManager: Shutting down and abandoning module TextureFormatAndroid (44)
[2015.09.27-03.08.54:907][629]LogModuleManager: Shutting down and abandoning module AudioFormatOpus (43)
[2015.09.27-03.08.54:907][629]LogModuleManager: Shutting down and abandoning module AudioFormatOgg (42)
[2015.09.27-03.08.54:907][629]LogModuleManager: Shutting down and abandoning module AudioFormatADPCM (41)
[2015.09.27-03.08.54:907][629]LogModuleManager: Shutting down and abandoning module LinuxTargetPlatform (40)
[2015.09.27-03.08.54:907][629]LogModuleManager: Shutting down and abandoning module LinuxServerTargetPlatform (39)
[2015.09.27-03.08.54:907][629]LogModuleManager: Shutting down and abandoning module LinuxNoEditorTargetPlatform (38)
[2015.09.27-03.08.54:907][629]LogModuleManager: Shutting down and abandoning module Messaging (37)
[2015.09.27-03.08.54:907][629]LogModuleManager: Shutting down and abandoning module IOSTargetPlatform (36)
[2015.09.27-03.08.54:907][629]LogModuleManager: Shutting down and abandoning module HTML5TargetPlatform (35)
[2015.09.27-03.08.54:907][629]LogModuleManager: Shutting down and abandoning module Android_PVRTCTargetPlatform (34)
[2015.09.27-03.08.54:907][629]LogModuleManager: Shutting down and abandoning module Android_ETC2TargetPlatform (33)
[2015.09.27-03.08.54:907][629]LogModuleManager: Shutting down and abandoning module Android_ETC1TargetPlatform (32)
[2015.09.27-03.08.54:907][629]LogModuleManager: Shutting down and abandoning module Android_DXTTargetPlatform (31)
[2015.09.27-03.08.54:907][629]LogModuleManager: Shutting down and abandoning module Android_ATCTargetPlatform (30)
[2015.09.27-03.08.54:907][629]LogModuleManager: Shutting down and abandoning module Android_ASTCTargetPlatform (29)
[2015.09.27-03.08.54:907][629]LogModuleManager: Shutting down and abandoning module AndroidTargetPlatform (28)
[2015.09.27-03.08.54:907][629]LogModuleManager: Shutting down and abandoning module WindowsTargetPlatform (27)
[2015.09.27-03.08.54:907][629]LogModuleManager: Shutting down and abandoning module WindowsServerTargetPlatform (26)
[2015.09.27-03.08.54:907][629]LogModuleManager: Shutting down and abandoning module WindowsNoEditorTargetPlatform (25)
[2015.09.27-03.08.54:907][629]LogModuleManager: Shutting down and abandoning module WindowsClientTargetPlatform (24)
[2015.09.27-03.08.54:907][629]LogModuleManager: Shutting down and abandoning module AllDesktopTargetPlatform (23)
[2015.09.27-03.08.54:907][629]LogModuleManager: Shutting down and abandoning module TargetPlatform (22)
[2015.09.27-03.08.54:907][629]LogModuleManager: Shutting down and abandoning module InputCore (21)
[2015.09.27-03.08.54:907][629]LogModuleManager: Shutting down and abandoning module Settings (20)
[2015.09.27-03.08.54:907][629]LogModuleManager: Shutting down and abandoning module OnlineSubsystem (18)
[2015.09.27-03.08.54:907][629]LogModuleManager: Shutting down and abandoning module HTTP (17)
[2015.09.27-03.08.54:907][629]LogModuleManager: Shutting down and abandoning module XMPP (16)
[2015.09.27-03.08.54:907][629]LogModuleManager: Shutting down and abandoning module ExampleDeviceProfileSelector (15)
[2015.09.27-03.08.54:907][629]LogModuleManager: Shutting down and abandoning module TextureCompressor (14)
[2015.09.27-03.08.54:908][629]LogModuleManager: Shutting down and abandoning module ShaderCore (13)
[2015.09.27-03.08.54:908][629]LogModuleManager: Shutting down and abandoning module Landscape (12)
[2015.09.27-03.08.54:908][629]LogModuleManager: Shutting down and abandoning module SlateRHIRenderer (11)
[2015.09.27-03.08.54:908][629]LogModuleManager: Shutting down and abandoning module OpenGLDrv (10)
[2015.09.27-03.08.54:908][629]LogModuleManager: Shutting down and abandoning module D3D11RHI (9)
[2015.09.27-03.08.54:908][629]LogModuleManager: Shutting down and abandoning module AnimGraphRuntime (8)
[2015.09.27-03.08.54:908][629]LogModuleManager: Shutting down and abandoning module Renderer (7)
[2015.09.27-03.08.54:908][629]LogModuleManager: Shutting down and abandoning module Engine (6)
[2015.09.27-03.08.54:908][629]LogModuleManager: Shutting down and abandoning module CoreUObject (5)
[2015.09.27-03.08.54:908][629]LogModuleManager: Shutting down and abandoning module NetworkFile (4)
[2015.09.27-03.08.54:908][629]LogModuleManager: Shutting down and abandoning module StreamingFile (3)
[2015.09.27-03.08.54:908][629]LogModuleManager: Shutting down and abandoning module SandboxFile (2)
[2015.09.27-03.08.54:908][629]LogModuleManager: Shutting down and abandoning module PakFile (1)
[2015.09.27-03.08.54:908][629]LogExit: Exiting.
[2015.09.27-03.08.54:910][629]Log file closed, 09/26/15 23:08:54
