[2015.09.28-23.57.45:545][  0]Log file open, 09/28/15 19:57:45
[2015.09.28-23.57.45:545][  0]LogInit:Display: Running engine for game: TrialThirdPerson
[2015.09.28-23.57.45:545][  0]LogInit:Display: RandInit(1074062631) SRandInit(1074062632).
[2015.09.28-23.57.45:545][  0]LogTaskGraph: Started task graph with 4 named threads and 7 total threads.
[2015.09.28-23.57.45:545][  0]LogStats: Stats thread started at 0.506810
[2015.09.28-23.57.45:545][  0]LogInit: Version: 4.9.1-2689999+++depot+UE4-Releases+4.9
[2015.09.28-23.57.45:545][  0]LogInit: API Version: 2672455
[2015.09.28-23.57.45:545][  0]LogInit: Compiled (64-bit): Sep 14 2015 04:12:03
[2015.09.28-23.57.45:545][  0]LogInit: Compiled with Visual C++: 18.00.21005.01
[2015.09.28-23.57.45:545][  0]LogInit: Build Configuration: Development
[2015.09.28-23.57.45:545][  0]LogInit: Branch Name: ++depot+UE4-Releases+4.9
[2015.09.28-23.57.45:545][  0]LogInit: Command line:  /Temp/Autosaves/Game/StarterContent/Maps/UEDPCMinimal_Default -game -PIEVIACONSOLE -ResX=1920 -ResY=1080  -Multiprocess 
[2015.09.28-23.57.45:545][  0]LogInit: Base directory: D:/Program Files (x86)/Epic Games/4.9/Engine/Binaries/Win64/
[2015.09.28-23.57.45:545][  0]LogInit: Rocket: 1
[2015.09.28-23.57.45:602][  0]LogInit: Using libcurl 7.41.0
[2015.09.28-23.57.45:602][  0]LogInit:  - built for x86_64-pc-win32
[2015.09.28-23.57.45:602][  0]LogInit:  - supports SSL with WinSSL
[2015.09.28-23.57.45:602][  0]LogInit:  - other features:
[2015.09.28-23.57.45:602][  0]LogInit:      CURL_VERSION_SSL
[2015.09.28-23.57.45:602][  0]LogInit:      CURL_VERSION_IPV6
[2015.09.28-23.57.45:602][  0]LogInit:      CURL_VERSION_ASYNCHDNS
[2015.09.28-23.57.45:602][  0]LogInit:      CURL_VERSION_LARGEFILE
[2015.09.28-23.57.45:602][  0]LogInit:      CURL_VERSION_IDN
[2015.09.28-23.57.45:602][  0]LogInit:  CurlRequestOptions (configurable via config and command line):
[2015.09.28-23.57.45:602][  0]LogInit:  - bVerifyPeer = true  - Libcurl will verify peer certificate
[2015.09.28-23.57.45:602][  0]LogInit:  - bUseHttpProxy = false  - Libcurl will NOT use HTTP proxy
[2015.09.28-23.57.45:602][  0]LogInit:  - bDontReuseConnections = false  - Libcurl will reuse connections
[2015.09.28-23.57.45:602][  0]LogInit:  - CertBundlePath = nullptr  - Libcurl will use whatever was configured at build time.
[2015.09.28-23.57.45:653][  0]LogInit: Presizing for 0 objects not considered by GC, pre-allocating 0 bytes.
[2015.09.28-23.57.45:665][  0]LogInit: Object subsystem initialized
[2015.09.28-23.57.45:681][  0]LogInit: Selected Device Profile: [Windows]
[2015.09.28-23.57.45:681][  0]LogInit: Applying CVar settings loaded from the selected device profile: [Windows]
[2015.09.28-23.57.45:699][  0]LogInit: Computer: DIGITALSTORM-PC
[2015.09.28-23.57.45:699][  0]LogInit: User: Juan
[2015.09.28-23.57.45:699][  0]LogInit: CPU Page size=4096, Cores=4
[2015.09.28-23.57.45:699][  0]LogInit: High frequency timer resolution =3.507503 MHz
[2015.09.28-23.57.45:699][  0]LogMemory: Memory total: Physical=8.0GB (8GB approx)
[2015.09.28-23.57.45:699][  0]LogMemory: Platform Memory Stats for Windows
[2015.09.28-23.57.45:699][  0]LogMemory: Process Physical Memory: 55.87 MB used, 55.87 MB peak
[2015.09.28-23.57.45:699][  0]LogMemory: Process Virtual Memory: 57.13 MB used, 57.13 MB peak
[2015.09.28-23.57.45:699][  0]LogMemory: Physical Memory: 4825.49 MB used, 8149.59 MB total
[2015.09.28-23.57.45:699][  0]LogMemory: Virtual Memory: 356.15 MB used, 134217728.00 MB total
[2015.09.28-23.57.45:996][  0]LogTextLocalizationManager: No specific translations for ('en-US') exist, so ('en') translations will be used.
[2015.09.28-23.57.47:279][  0]LogD3D11RHI: Found D3D11 adapter 0: NVIDIA GeForce GTX 980M        (Feature Level 11_0)
[2015.09.28-23.57.47:279][  0]LogD3D11RHI: Adapter has 8039MB of dedicated video memory, 0MB of dedicated system memory, and 4074MB of shared system memory, 1 output[s]
[2015.09.28-23.57.47:285][  0]LogD3D11RHI: Found D3D11 adapter 1: Microsoft Basic Render Driver (Feature Level 11_0)
[2015.09.28-23.57.47:285][  0]LogD3D11RHI: Adapter has 0MB of dedicated video memory, 0MB of dedicated system memory, and 256MB of shared system memory, 0 output[s]
[2015.09.28-23.57.47:286][  0]LogD3D11RHI: Chosen D3D11 Adapter Id = 0
[2015.09.28-23.57.47:293][  0]LogD3D11RHI: !Direct3DDevice
[2015.09.28-23.57.47:293][  0]LogRHI: Texture pool is 1361 MB (70% of 1945 MB)
[2015.09.28-23.57.47:317][  0]LogD3D11RHI: Async texture creation enabled
[2015.09.28-23.57.47:337][  0]LogShaderCompilers: Guid format shader working directory is 14 characters bigger than the processId version (C:/Users/Juan/Dropbox/Game Design Class/Francisco's Stuff/TrialThirdPerson/Intermediate/Shaders/WorkingDirectory/10992/).
[2015.09.28-23.57.47:337][  0]LogShaderCompilers: Cleaned the shader compiler working directory 'C:/Users/Juan/Dropbox/Game Design Class/Francisco's Stuff/TrialThirdPerson/Intermediate/Shaders/tmp/F4E9EBFB40D59F6E8543F38C6BB3AFEE/'.
[2015.09.28-23.57.47:337][  0]LogShaderCompilers:Display: Using Local Shader Compiler.
[2015.09.28-23.57.50:856][  0]LogTemp:Display: Loaded TP AllDesktopTargetPlatform
[2015.09.28-23.57.50:866][  0]LogTemp:Display: Loaded TP WindowsClientTargetPlatform
[2015.09.28-23.57.50:876][  0]LogTemp:Display: Loaded TP WindowsNoEditorTargetPlatform
[2015.09.28-23.57.50:885][  0]LogTemp:Display: Loaded TP WindowsServerTargetPlatform
[2015.09.28-23.57.50:895][  0]LogTemp:Display: Loaded TP WindowsTargetPlatform
[2015.09.28-23.57.50:904][  0]LogTemp:Display: Loaded TP AndroidTargetPlatform
[2015.09.28-23.57.50:911][  0]LogTemp:Display: Loaded TP Android_ASTCTargetPlatform
[2015.09.28-23.57.50:918][  0]LogTemp:Display: Loaded TP Android_ATCTargetPlatform
[2015.09.28-23.57.50:925][  0]LogTemp:Display: Loaded TP Android_DXTTargetPlatform
[2015.09.28-23.57.50:933][  0]LogTemp:Display: Loaded TP Android_ETC1TargetPlatform
[2015.09.28-23.57.50:940][  0]LogTemp:Display: Loaded TP Android_ETC2TargetPlatform
[2015.09.28-23.57.50:948][  0]LogTemp:Display: Loaded TP Android_PVRTCTargetPlatform
[2015.09.28-23.57.50:951][  0]LogTemp:Display: Loaded TP HTML5TargetPlatform
[2015.09.28-23.57.51:007][  0]LogTemp:Display: Loaded TP IOSTargetPlatform
[2015.09.28-23.57.51:014][  0]LogTemp:Display: Loaded TP LinuxNoEditorTargetPlatform
[2015.09.28-23.57.51:021][  0]LogTemp:Display: Loaded TP LinuxServerTargetPlatform
[2015.09.28-23.57.51:031][  0]LogTemp:Display: Loaded TP LinuxTargetPlatform
[2015.09.28-23.57.51:031][  0]LogTargetPlatformManager:Display: Building Assets For Windows
[2015.09.28-23.57.51:436][  0]LogDerivedDataCache:Display: Max Cache Size: 512 MB
[2015.09.28-23.57.51:601][  0]LogDerivedDataCache: Loaded boot cache 0.16s 41MB C:/Users/Juan/AppData/Local/UnrealEngine/4.9/DerivedDataCache/Boot.ddc.
[2015.09.28-23.57.51:602][  0]LogDerivedDataCache:Display: Loaded Boot cache: C:/Users/Juan/AppData/Local/UnrealEngine/4.9/DerivedDataCache/Boot.ddc
[2015.09.28-23.57.51:602][  0]LogDerivedDataCache: FDerivedDataBackendGraph:  Pak pak cache file C:/Users/Juan/Dropbox/Game Design Class/Francisco's Stuff/TrialThirdPerson/DerivedDataCache/DDC.ddp not found, will not use a pak cache.
[2015.09.28-23.57.51:602][  0]LogDerivedDataCache: Unable to find inner node Pak for hierarchical cache Hierarchy.
[2015.09.28-23.57.51:602][  0]LogDerivedDataCache: FDerivedDataBackendGraph:  CompressedPak pak cache file C:/Users/Juan/Dropbox/Game Design Class/Francisco's Stuff/TrialThirdPerson/DerivedDataCache/Compressed.ddp not found, will not use a pak cache.
[2015.09.28-23.57.51:602][  0]LogDerivedDataCache: Unable to find inner node CompressedPak for hierarchical cache Hierarchy.
[2015.09.28-23.57.51:901][  0]LogDerivedDataCache:Display: Pak cache opened for reading ../../../Engine/DerivedDataCache/Compressed.ddp.
[2015.09.28-23.57.51:913][  0]LogDerivedDataCache: Using Local data cache path C:/Users/Juan/AppData/Local/UnrealEngine/Common/DerivedDataCache: Writable
[2015.09.28-23.57.54:613][  0]LogInit: Selected Device Profile: [Windows]
[2015.09.28-23.57.54:616][  0]LogContentStreaming: Texture pool size is 1000.000000MB
[2015.09.28-23.57.54:863][  0]LogMeshUtilities: No automatic mesh reduction module available
[2015.09.28-23.57.54:863][  0]LogMeshUtilities: No automatic mesh merging module available
[2015.09.28-23.57.55:392][  0]LogInit: WinSock: version 1.1 (2.2), MaxSocks=32767, MaxUdp=65467
[2015.09.28-23.57.56:468][  0]LogWindowsMoviePlayer: Unable to load movie: C:/Users/Juan/Dropbox/Game Design Class/Francisco's Stuff/TrialThirdPerson/Content/Movies/Default_Startup.mp4
[2015.09.28-23.57.56:693][  0]SourceControl: Info Source control is disabled
[2015.09.28-23.57.56:693][  0]SourceControl: Info Source control is disabled
[2015.09.28-23.57.56:735][  0]SourceControl: Info Source control is disabled
[2015.09.28-23.57.56:967][  0]LogLinker:Warning: Asset '../../../Engine/Plugins/Runtime/LeapMotionController/Content/LM_PassthroughMaterial.uasset' has been saved with empty engine version. The asset will be loaded but may be incompatible.
[2015.09.28-23.57.57:169][  0]LogObj: 27669 objects as part of root set at end of initial load.
[2015.09.28-23.57.57:169][  0]LogUObjectAllocator: 5775704 out of 0 bytes used by permanent object pool.
[2015.09.28-23.57.57:338][  0]LogEngine: Initializing Engine...
[2015.09.28-23.57.57:341][  0]LogHMD: Can't find Oculus library dev build: is proper Runtime installed? Version: 0.7.0.0
[2015.09.28-23.57.57:555][  0]LogHMD: SteamVR failed to initialize.  Err: 108
[2015.09.28-23.57.57:746][  0]LogInit: XAudio2 using 'Speakers (Realtek High Definition Audio)' : 2 channels at 48 kHz using 32 bits per sample (channel mask 0x3)
[2015.09.28-23.57.57:777][  0]LogInit: FAudioDevice initialized.
[2015.09.28-23.57.57:781][  0]LogInit: Texture streaming: Enabled
[2015.09.28-23.57.58:044][  0]LogNet: Browse: /Temp/Autosaves/Game/StarterContent/Maps/UEDPCMinimal_Default?Name=Player
[2015.09.28-23.57.58:056][  0]LogLoad: LoadMap: /Temp/Autosaves/Game/StarterContent/Maps/UEDPCMinimal_Default?Name=Player
[2015.09.28-23.57.58:073][  0]LogParticles: Destroying 0 GPU particle simulations for FXSystem 0x000000DFBC063560
[2015.09.28-23.57.58:196][  0]LogMemory: Platform Memory Stats for Windows
[2015.09.28-23.57.58:196][  0]LogMemory: Process Physical Memory: 363.73 MB used, 364.03 MB peak
[2015.09.28-23.57.58:196][  0]LogMemory: Process Virtual Memory: 327.88 MB used, 332.70 MB peak
[2015.09.28-23.57.58:196][  0]LogMemory: Physical Memory: 5089.38 MB used, 8149.59 MB total
[2015.09.28-23.57.58:196][  0]LogMemory: Virtual Memory: 857.37 MB used, 134217728.00 MB total
[2015.09.28-23.57.58:196][  0]LogMemory: 
[2015.09.28-23.57.58:196][  0]Allocator Stats for TBB: (not implemented)
[2015.09.28-23.57.59:876][  0]LogAIModule: Creating AISystem for world Minimal_Default
[2015.09.28-23.57.59:884][  0]LogWorld: Game class is 'MyGame_C'
[2015.09.28-23.57.59:950][  0]LogWorld: Bringing World /Temp/Autosaves/Game/StarterContent/Maps/UEDPCMinimal_Default.Minimal_Default up for play (max tick rate 0) at 2015.09.28-19.57.59
[2015.09.28-23.58.00:010][  0]LogWorld: Bringing up level for play took: 0.123550
[2015.09.28-23.58.00:294][  0]LogInit:Display: Game Engine Initialized.
[2015.09.28-23.58.00:547][  0]LogLoad: Full Startup: 16.33 seconds (BP compile: 0.46 seconds)
[2015.09.28-23.58.00:672][  0]LogRenderer: Reallocating scene render targets to support 128x128 (Frame:1).
[2015.09.28-23.58.00:950][  1]LogRenderer: Reallocating scene render targets to support 1920x1080 (Frame:2).
[2015.09.28-23.58.02:616][ 97]LogBlueprintUserMessages: [MyCharacter_C_0] 0.0
[2015.09.28-23.58.04:624][219]LogBlueprintUserMessages: [MyCharacter_C_0] 0.0
[2015.09.28-23.58.06:576][338]LogBlueprintUserMessages: [MyCharacter_C_0] 0.0
[2015.09.28-23.58.08:577][462]LogBlueprintUserMessages: [MyCharacter_C_0] 0.0
[2015.09.28-23.58.10:576][580]LogBlueprintUserMessages: [MyCharacter_C_0] 168.886017
[2015.09.28-23.58.12:579][702]LogBlueprintUserMessages: [MyCharacter_C_0] 1007.658447
[2015.09.28-23.58.14:573][825]LogBlueprintUserMessages: [MyCharacter_C_0] 1007.658447
[2015.09.28-23.58.16:573][949]LogBlueprintUserMessages: [MyCharacter_C_0] 1114.903076
[2015.09.28-23.58.18:574][ 73]LogBlueprintUserMessages: [MyCharacter_C_0] 1228.366943
[2015.09.28-23.58.20:573][197]LogBlueprintUserMessages: [MyCharacter_C_0] 1238.341309
[2015.09.28-23.58.22:574][321]LogBlueprintUserMessages: [MyCharacter_C_0] 1238.341309
[2015.09.28-23.58.24:569][428]LogBlueprintUserMessages: [MyCharacter_C_0] 1253.22522
[2015.09.28-23.58.26:569][552]LogBlueprintUserMessages: [MyCharacter_C_0] 1259.846313
[2015.09.28-23.58.28:569][676]LogBlueprintUserMessages: [MyCharacter_C_0] 1265.713135
[2015.09.28-23.58.30:569][800]LogBlueprintUserMessages: [MyCharacter_C_0] 1293.182007
[2015.09.28-23.58.32:569][924]LogBlueprintUserMessages: [MyCharacter_C_0] 1355.069336
[2015.09.28-23.58.34:570][ 48]LogBlueprintUserMessages: [MyCharacter_C_0] 1416.435059
[2015.09.28-23.58.36:570][172]LogBlueprintUserMessages: [MyCharacter_C_0] 1557.829224
[2015.09.28-23.58.38:570][296]LogBlueprintUserMessages: [MyCharacter_C_0] 1668.599609
[2015.09.28-23.58.40:570][420]LogBlueprintUserMessages: [MyCharacter_C_0] 1777.748169
[2015.09.28-23.58.42:571][544]LogBlueprintUserMessages: [MyCharacter_C_0] 2136.525879
[2015.09.28-23.58.44:571][668]LogBlueprintUserMessages: [MyCharacter_C_0] 2304.391357
[2015.09.28-23.58.46:570][792]LogBlueprintUserMessages: [MyCharacter_C_0] 2460.857178
[2015.09.28-23.58.48:571][916]LogBlueprintUserMessages: [MyCharacter_C_0] 2655.769531
[2015.09.28-23.58.50:570][ 40]LogBlueprintUserMessages: [MyCharacter_C_0] 2830.364746
[2015.09.28-23.58.52:576][148]LogBlueprintUserMessages: [MyCharacter_C_0] 3190.733154
[2015.09.28-23.58.54:581][271]LogBlueprintUserMessages: [MyCharacter_C_0] 3538.245605
[2015.09.28-23.58.56:566][377]LogBlueprintUserMessages: [MyCharacter_C_0] 4010.385986
[2015.09.28-23.58.58:567][501]LogBlueprintUserMessages: [MyCharacter_C_0] 4924.353027
[2015.09.28-23.59.00:566][625]LogBlueprintUserMessages: [MyCharacter_C_0] 5795.302246
[2015.09.28-23.59.02:577][727]LogBlueprintUserMessages: [MyCharacter_C_0] 6641.078125
[2015.09.28-23.59.04:581][847]LogBlueprintUserMessages: [MyCharacter_C_0] 7107.849121
[2015.09.28-23.59.06:579][968]LogBlueprintUserMessages: [MyCharacter_C_0] 8092.832031
[2015.09.28-23.59.08:579][ 92]LogBlueprintUserMessages: [MyCharacter_C_0] 8481.775391
[2015.09.28-23.59.10:579][216]LogBlueprintUserMessages: [MyCharacter_C_0] 9311.799805
[2015.09.28-23.59.12:580][340]LogBlueprintUserMessages: [MyCharacter_C_0] 9732.005859
[2015.09.28-23.59.14:580][464]LogBlueprintUserMessages: [MyCharacter_C_0] 10058.069336
[2015.09.28-23.59.16:581][588]LogBlueprintUserMessages: [MyCharacter_C_0] 10263.123047
[2015.09.28-23.59.18:580][693]LogBlueprintUserMessages: [MyCharacter_C_0] 10558.118164
[2015.09.28-23.59.20:538][806]LogWindowsTextInputMethodSystem:Display: IME system now deactivated.
[2015.09.28-23.59.20:556][806]LogEngine: All Windows Closed
[2015.09.28-23.59.20:556][806]LogWindows: FPlatformMisc::RequestExit(0)
[2015.09.28-23.59.20:655][807]LogExit: Preparing to exit.
[2015.09.28-23.59.20:930][807]LogExit: Game engine shut down
[2015.09.28-23.59.20:958][807]LogParticles: Destroying 0 GPU particle simulations for FXSystem 0x000000DFCD9A5800
[2015.09.28-23.59.22:144][807]LogExit: Object subsystem successfully closed.
[2015.09.28-23.59.22:311][807]LogD3D11RHI: Shutdown
[2015.09.28-23.59.22:311][807]LogD3D11RHI: CleanupD3DDevice
[2015.09.28-23.59.22:422][807]LogD3D11RHI: ~FD3D11DynamicRHI
[2015.09.28-23.59.22:696][807]LogModuleManager: Shutting down and abandoning module AndroidDeviceDetection (115)
[2015.09.28-23.59.23:666][807]LogModuleManager: Shutting down and abandoning module AutomationController (114)
[2015.09.28-23.59.23:704][807]LogModuleManager: Shutting down and abandoning module AutomationWorker (113)
[2015.09.28-23.59.23:713][807]LogModuleManager: Shutting down and abandoning module CharacterAI (112)
[2015.09.28-23.59.23:713][807]LogModuleManager: Shutting down and abandoning module AITestSuite (111)
[2015.09.28-23.59.23:721][807]LogModuleManager: Shutting down and abandoning module GameplayDebugger (110)
[2015.09.28-23.59.23:721][807]LogModuleManager: Shutting down and abandoning module AIModule (109)
[2015.09.28-23.59.23:721][807]LogModuleManager: Shutting down and abandoning module GameLiveStreaming (108)
[2015.09.28-23.59.23:728][807]LogModuleManager: Shutting down and abandoning module StreamingPauseRendering (107)
[2015.09.28-23.59.23:728][807]LogModuleManager: Shutting down and abandoning module ProfilerService (106)
[2015.09.28-23.59.23:812][807]LogModuleManager: Shutting down and abandoning module TaskGraph (105)
[2015.09.28-23.59.23:832][807]LogModuleManager: Shutting down and abandoning module SlateRemote (104)
[2015.09.28-23.59.23:837][807]LogModuleManager: Shutting down and abandoning module SteamVRController (103)
[2015.09.28-23.59.23:837][807]LogModuleManager: Shutting down and abandoning module SteamVR (102)
[2015.09.28-23.59.23:837][807]LogModuleManager: Shutting down and abandoning module ProceduralMeshComponent (101)
[2015.09.28-23.59.23:837][807]LogModuleManager: Shutting down and abandoning module OculusRift (100)
[2015.09.28-23.59.23:837][807]LogModuleManager: Shutting down and abandoning module OculusLibrary (99)
[2015.09.28-23.59.23:837][807]LogModuleManager: Shutting down and abandoning module LeapMotionController (98)
[2015.09.28-23.59.23:880][807]LogModuleManager: Shutting down and abandoning module CustomMeshComponent (97)
[2015.09.28-23.59.23:886][807]LogModuleManager: Shutting down and abandoning module CableComponent (96)
[2015.09.28-23.59.23:887][807]LogModuleManager: Shutting down and abandoning module ArchVisCharacter (95)
[2015.09.28-23.59.23:887][807]LogModuleManager: Shutting down and abandoning module HTML5Networking (94)
[2015.09.28-23.59.23:887][807]LogModuleManager: Shutting down and abandoning module DesktopPlatform (93)
[2015.09.28-23.59.23:887][807]LogModuleManager: Shutting down and abandoning module DirectoryWatcher (92)
[2015.09.28-23.59.23:887][807]LogModuleManager: Shutting down and abandoning module HotReload (91)
[2015.09.28-23.59.23:896][807]LogModuleManager: Shutting down and abandoning module VisualStudioSourceCodeAccess (90)
[2015.09.28-23.59.23:896][807]LogModuleManager: Shutting down and abandoning module UObjectPlugin (89)
[2015.09.28-23.59.23:896][807]LogModuleManager: Shutting down and abandoning module SubversionSourceControl (88)
[2015.09.28-23.59.23:896][807]LogModuleManager: Shutting down and abandoning module SourceControl (87)
[2015.09.28-23.59.23:907][807]LogModuleManager: Shutting down and abandoning module PerforceSourceControl (86)
[2015.09.28-23.59.23:919][807]LogModuleManager: Shutting down and abandoning module UdpMessaging (85)
[2015.09.28-23.59.23:919][807]LogModuleManager: Shutting down and abandoning module LightPropagationVolumeRuntime (84)
[2015.09.28-23.59.23:919][807]LogModuleManager: Shutting down and abandoning module Paper2D (83)
[2015.09.28-23.59.23:926][807]LogModuleManager: Shutting down and abandoning module WindowsMoviePlayer (82)
[2015.09.28-23.59.23:930][807]LogModuleManager: Shutting down and abandoning module Media (81)
[2015.09.28-23.59.23:930][807]LogModuleManager: Shutting down and abandoning module WmfMedia (80)
[2015.09.28-23.59.23:931][807]LogModuleManager: Shutting down and abandoning module OnlineBlueprintSupport (79)
[2015.09.28-23.59.23:931][807]LogModuleManager: Shutting down and abandoning module GameplayTasksEditor (78)
[2015.09.28-23.59.23:931][807]LogModuleManager: Shutting down and abandoning module PropertyEditor (77)
[2015.09.28-23.59.23:931][807]LogModuleManager: Shutting down and abandoning module BehaviorTreeEditor (76)
[2015.09.28-23.59.23:945][807]LogModuleManager: Shutting down and abandoning module FunctionalTesting (75)
[2015.09.28-23.59.23:945][807]LogModuleManager: Shutting down and abandoning module CollisionAnalyzer (74)
[2015.09.28-23.59.23:955][807]LogModuleManager: Shutting down and abandoning module WorkspaceMenuStructure (73)
[2015.09.28-23.59.23:955][807]LogModuleManager: Shutting down and abandoning module MessageLog (72)
[2015.09.28-23.59.23:955][807]LogModuleManager: Shutting down and abandoning module Sequencer (71)
[2015.09.28-23.59.23:969][807]LogModuleManager: Shutting down and abandoning module AssetTools (70)
[2015.09.28-23.59.24:017][807]LogModuleManager: Shutting down and abandoning module UMGEditor (69)
[2015.09.28-23.59.24:038][807]LogModuleManager: Shutting down and abandoning module UMG (68)
[2015.09.28-23.59.24:038][807]LogModuleManager: Shutting down and abandoning module Slate (67)
[2015.09.28-23.59.24:038][807]LogModuleManager: Shutting down and abandoning module EditorStyle (66)
[2015.09.28-23.59.24:041][807]LogModuleManager: Shutting down and abandoning module SessionServices (65)
[2015.09.28-23.59.24:041][807]LogModuleManager: Shutting down and abandoning module SourceCodeAccess (64)
[2015.09.28-23.59.24:041][807]LogModuleManager: Shutting down and abandoning module HeadMountedDisplay (63)
[2015.09.28-23.59.24:041][807]LogModuleManager: Shutting down and abandoning module XAudio2 (62)
[2015.09.28-23.59.24:041][807]LogModuleManager: Shutting down and abandoning module Networking (60)
[2015.09.28-23.59.24:041][807]LogModuleManager: Shutting down and abandoning module Core (59)
[2015.09.28-23.59.24:041][807]LogModuleManager: Shutting down and abandoning module KismetCompiler (58)
[2015.09.28-23.59.24:041][807]LogModuleManager: Shutting down and abandoning module PhysXFormats (57)
[2015.09.28-23.59.24:041][807]LogModuleManager: Shutting down and abandoning module MeshUtilities (56)
[2015.09.28-23.59.24:051][807]LogModuleManager: Shutting down and abandoning module CookingStats (55)
[2015.09.28-23.59.24:051][807]LogModuleManager: Shutting down and abandoning module DerivedDataCache (54)
[2015.09.28-23.59.24:469][807]LogDerivedDataCache: Shutdown
[2015.09.28-23.59.24:469][807]LogModuleManager: Shutting down and abandoning module ShaderFormatOpenGL (53)
[2015.09.28-23.59.24:469][807]LogModuleManager: Shutting down and abandoning module ShaderFormatD3D (52)
[2015.09.28-23.59.24:469][807]LogModuleManager: Shutting down and abandoning module MetalShaderFormat (51)
[2015.09.28-23.59.24:530][807]LogModuleManager: Shutting down and abandoning module TextureFormatUncompressed (50)
[2015.09.28-23.59.24:530][807]LogModuleManager: Shutting down and abandoning module TextureFormatPVR (49)
[2015.09.28-23.59.24:530][807]LogModuleManager: Shutting down and abandoning module TextureFormatIntelISPCTexComp (48)
[2015.09.28-23.59.24:530][807]LogModuleManager: Shutting down and abandoning module TextureFormatDXT (47)
[2015.09.28-23.59.24:530][807]LogModuleManager: Shutting down and abandoning module ImageWrapper (46)
[2015.09.28-23.59.24:531][807]LogModuleManager: Shutting down and abandoning module TextureFormatASTC (45)
[2015.09.28-23.59.24:531][807]LogModuleManager: Shutting down and abandoning module TextureFormatAndroid (44)
[2015.09.28-23.59.24:531][807]LogModuleManager: Shutting down and abandoning module AudioFormatOpus (43)
[2015.09.28-23.59.24:548][807]LogModuleManager: Shutting down and abandoning module AudioFormatOgg (42)
[2015.09.28-23.59.24:548][807]LogModuleManager: Shutting down and abandoning module AudioFormatADPCM (41)
[2015.09.28-23.59.24:548][807]LogModuleManager: Shutting down and abandoning module LinuxTargetPlatform (40)
[2015.09.28-23.59.24:548][807]LogModuleManager: Shutting down and abandoning module LinuxServerTargetPlatform (39)
[2015.09.28-23.59.24:565][807]LogModuleManager: Shutting down and abandoning module LinuxNoEditorTargetPlatform (38)
[2015.09.28-23.59.24:575][807]LogModuleManager: Shutting down and abandoning module Messaging (37)
[2015.09.28-23.59.24:575][807]LogModuleManager: Shutting down and abandoning module IOSTargetPlatform (36)
[2015.09.28-23.59.24:575][807]LogModuleManager: Shutting down and abandoning module HTML5TargetPlatform (35)
[2015.09.28-23.59.24:575][807]LogModuleManager: Shutting down and abandoning module Android_PVRTCTargetPlatform (34)
[2015.09.28-23.59.24:584][807]LogModuleManager: Shutting down and abandoning module Android_ETC2TargetPlatform (33)
[2015.09.28-23.59.24:594][807]LogModuleManager: Shutting down and abandoning module Android_ETC1TargetPlatform (32)
[2015.09.28-23.59.24:604][807]LogModuleManager: Shutting down and abandoning module Android_DXTTargetPlatform (31)
[2015.09.28-23.59.24:613][807]LogModuleManager: Shutting down and abandoning module Android_ATCTargetPlatform (30)
[2015.09.28-23.59.24:621][807]LogModuleManager: Shutting down and abandoning module Android_ASTCTargetPlatform (29)
[2015.09.28-23.59.24:629][807]LogModuleManager: Shutting down and abandoning module AndroidTargetPlatform (28)
[2015.09.28-23.59.24:639][807]LogModuleManager: Shutting down and abandoning module WindowsTargetPlatform (27)
[2015.09.28-23.59.24:639][807]LogModuleManager: Shutting down and abandoning module WindowsServerTargetPlatform (26)
[2015.09.28-23.59.24:652][807]LogModuleManager: Shutting down and abandoning module WindowsNoEditorTargetPlatform (25)
[2015.09.28-23.59.24:660][807]LogModuleManager: Shutting down and abandoning module WindowsClientTargetPlatform (24)
[2015.09.28-23.59.24:669][807]LogModuleManager: Shutting down and abandoning module AllDesktopTargetPlatform (23)
[2015.09.28-23.59.24:669][807]LogModuleManager: Shutting down and abandoning module TargetPlatform (22)
[2015.09.28-23.59.24:669][807]LogModuleManager: Shutting down and abandoning module InputCore (21)
[2015.09.28-23.59.24:669][807]LogModuleManager: Shutting down and abandoning module Settings (20)
[2015.09.28-23.59.24:669][807]LogModuleManager: Shutting down and abandoning module OnlineSubsystem (18)
[2015.09.28-23.59.24:669][807]LogModuleManager: Shutting down and abandoning module HTTP (17)
[2015.09.28-23.59.24:669][807]LogModuleManager: Shutting down and abandoning module XMPP (16)
[2015.09.28-23.59.24:679][807]LogModuleManager: Shutting down and abandoning module ExampleDeviceProfileSelector (15)
[2015.09.28-23.59.24:679][807]LogModuleManager: Shutting down and abandoning module TextureCompressor (14)
[2015.09.28-23.59.24:684][807]LogModuleManager: Shutting down and abandoning module ShaderCore (13)
[2015.09.28-23.59.24:684][807]LogModuleManager: Shutting down and abandoning module Landscape (12)
[2015.09.28-23.59.24:684][807]LogModuleManager: Shutting down and abandoning module SlateRHIRenderer (11)
[2015.09.28-23.59.24:695][807]LogModuleManager: Shutting down and abandoning module OpenGLDrv (10)
[2015.09.28-23.59.24:704][807]LogModuleManager: Shutting down and abandoning module D3D11RHI (9)
[2015.09.28-23.59.24:704][807]LogModuleManager: Shutting down and abandoning module AnimGraphRuntime (8)
[2015.09.28-23.59.24:704][807]LogModuleManager: Shutting down and abandoning module Renderer (7)
[2015.09.28-23.59.24:704][807]LogModuleManager: Shutting down and abandoning module Engine (6)
[2015.09.28-23.59.24:704][807]LogModuleManager: Shutting down and abandoning module CoreUObject (5)
[2015.09.28-23.59.24:704][807]LogModuleManager: Shutting down and abandoning module NetworkFile (4)
[2015.09.28-23.59.24:711][807]LogModuleManager: Shutting down and abandoning module StreamingFile (3)
[2015.09.28-23.59.24:711][807]LogModuleManager: Shutting down and abandoning module SandboxFile (2)
[2015.09.28-23.59.24:720][807]LogModuleManager: Shutting down and abandoning module PakFile (1)
[2015.09.28-23.59.24:738][807]LogExit: Exiting.
[2015.09.28-23.59.24:748][807]Log file closed, 09/28/15 19:59:24
