[2015.09.27-03.06.31:856][  0]Log file open, 09/26/15 23:06:31
[2015.09.27-03.06.31:856][  0]LogInit:Display: Running engine for game: TrialThirdPerson
[2015.09.27-03.06.31:856][  0]LogInit:Display: RandInit(1724481724) SRandInit(1724481725).
[2015.09.27-03.06.31:856][  0]LogTaskGraph: Started task graph with 4 named threads and 7 total threads.
[2015.09.27-03.06.31:856][  0]LogStats: Stats thread started at 0.181448
[2015.09.27-03.06.31:856][  0]LogInit: Version: 4.9.1-2689999+++depot+UE4-Releases+4.9
[2015.09.27-03.06.31:856][  0]LogInit: API Version: 2672455
[2015.09.27-03.06.31:856][  0]LogInit: Compiled (64-bit): Sep 14 2015 04:12:03
[2015.09.27-03.06.31:856][  0]LogInit: Compiled with Visual C++: 18.00.21005.01
[2015.09.27-03.06.31:856][  0]LogInit: Build Configuration: Development
[2015.09.27-03.06.31:856][  0]LogInit: Branch Name: ++depot+UE4-Releases+4.9
[2015.09.27-03.06.31:856][  0]LogInit: Command line:  /Temp/Autosaves/Game/StarterContent/Maps/UEDPCMinimal_Default -game -PIEVIACONSOLE -ResX=1920 -ResY=1080  -Multiprocess 
[2015.09.27-03.06.31:856][  0]LogInit: Base directory: D:/Program Files (x86)/Epic Games/4.9/Engine/Binaries/Win64/
[2015.09.27-03.06.31:856][  0]LogInit: Rocket: 1
[2015.09.27-03.06.31:871][  0]LogInit: Using libcurl 7.41.0
[2015.09.27-03.06.31:871][  0]LogInit:  - built for x86_64-pc-win32
[2015.09.27-03.06.31:871][  0]LogInit:  - supports SSL with WinSSL
[2015.09.27-03.06.31:871][  0]LogInit:  - other features:
[2015.09.27-03.06.31:871][  0]LogInit:      CURL_VERSION_SSL
[2015.09.27-03.06.31:871][  0]LogInit:      CURL_VERSION_IPV6
[2015.09.27-03.06.31:871][  0]LogInit:      CURL_VERSION_ASYNCHDNS
[2015.09.27-03.06.31:871][  0]LogInit:      CURL_VERSION_LARGEFILE
[2015.09.27-03.06.31:871][  0]LogInit:      CURL_VERSION_IDN
[2015.09.27-03.06.31:871][  0]LogInit:  CurlRequestOptions (configurable via config and command line):
[2015.09.27-03.06.31:871][  0]LogInit:  - bVerifyPeer = true  - Libcurl will verify peer certificate
[2015.09.27-03.06.31:871][  0]LogInit:  - bUseHttpProxy = false  - Libcurl will NOT use HTTP proxy
[2015.09.27-03.06.31:871][  0]LogInit:  - bDontReuseConnections = false  - Libcurl will reuse connections
[2015.09.27-03.06.31:871][  0]LogInit:  - CertBundlePath = nullptr  - Libcurl will use whatever was configured at build time.
[2015.09.27-03.06.31:877][  0]LogInit: Presizing for 0 objects not considered by GC, pre-allocating 0 bytes.
[2015.09.27-03.06.31:883][  0]LogInit: Object subsystem initialized
[2015.09.27-03.06.31:884][  0]LogInit: Selected Device Profile: [Windows]
[2015.09.27-03.06.31:884][  0]LogInit: Applying CVar settings loaded from the selected device profile: [Windows]
[2015.09.27-03.06.31:887][  0]LogInit: Computer: DIGITALSTORM-PC
[2015.09.27-03.06.31:887][  0]LogInit: User: Juan
[2015.09.27-03.06.31:887][  0]LogInit: CPU Page size=4096, Cores=4
[2015.09.27-03.06.31:887][  0]LogInit: High frequency timer resolution =3.507503 MHz
[2015.09.27-03.06.31:887][  0]LogMemory: Memory total: Physical=8.0GB (8GB approx)
[2015.09.27-03.06.31:887][  0]LogMemory: Platform Memory Stats for Windows
[2015.09.27-03.06.31:887][  0]LogMemory: Process Physical Memory: 55.95 MB used, 55.95 MB peak
[2015.09.27-03.06.31:887][  0]LogMemory: Process Virtual Memory: 57.11 MB used, 57.11 MB peak
[2015.09.27-03.06.31:887][  0]LogMemory: Physical Memory: 4487.66 MB used, 8149.59 MB total
[2015.09.27-03.06.31:887][  0]LogMemory: Virtual Memory: 356.15 MB used, 134217728.00 MB total
[2015.09.27-03.06.31:938][  0]LogTextLocalizationManager: No specific translations for ('en-US') exist, so ('en') translations will be used.
[2015.09.27-03.06.32:543][  0]LogD3D11RHI: Found D3D11 adapter 0: NVIDIA GeForce GTX 980M        (Feature Level 11_0)
[2015.09.27-03.06.32:543][  0]LogD3D11RHI: Adapter has 8039MB of dedicated video memory, 0MB of dedicated system memory, and 4074MB of shared system memory, 1 output[s]
[2015.09.27-03.06.32:545][  0]LogD3D11RHI: Found D3D11 adapter 1: Microsoft Basic Render Driver (Feature Level 11_0)
[2015.09.27-03.06.32:545][  0]LogD3D11RHI: Adapter has 0MB of dedicated video memory, 0MB of dedicated system memory, and 256MB of shared system memory, 0 output[s]
[2015.09.27-03.06.32:545][  0]LogD3D11RHI: Chosen D3D11 Adapter Id = 0
[2015.09.27-03.06.32:549][  0]LogD3D11RHI: !Direct3DDevice
[2015.09.27-03.06.32:549][  0]LogRHI: Texture pool is 1361 MB (70% of 1945 MB)
[2015.09.27-03.06.32:562][  0]LogD3D11RHI: Async texture creation enabled
[2015.09.27-03.06.32:578][  0]LogShaderCompilers: Guid format shader working directory is 14 characters bigger than the processId version (C:/Users/Juan/Dropbox/Game Design Class/Francisco's Stuff/TrialThirdPerson/Intermediate/Shaders/WorkingDirectory/10728/).
[2015.09.27-03.06.32:578][  0]LogShaderCompilers: Cleaned the shader compiler working directory 'C:/Users/Juan/Dropbox/Game Design Class/Francisco's Stuff/TrialThirdPerson/Intermediate/Shaders/tmp/22943BFC45230C2217DE52A2C592E096/'.
[2015.09.27-03.06.32:578][  0]LogShaderCompilers:Display: Using Local Shader Compiler.
[2015.09.27-03.06.33:671][  0]LogTemp:Display: Loaded TP AllDesktopTargetPlatform
[2015.09.27-03.06.33:676][  0]LogTemp:Display: Loaded TP WindowsClientTargetPlatform
[2015.09.27-03.06.33:681][  0]LogTemp:Display: Loaded TP WindowsNoEditorTargetPlatform
[2015.09.27-03.06.33:686][  0]LogTemp:Display: Loaded TP WindowsServerTargetPlatform
[2015.09.27-03.06.33:691][  0]LogTemp:Display: Loaded TP WindowsTargetPlatform
[2015.09.27-03.06.33:695][  0]LogTemp:Display: Loaded TP AndroidTargetPlatform
[2015.09.27-03.06.33:699][  0]LogTemp:Display: Loaded TP Android_ASTCTargetPlatform
[2015.09.27-03.06.33:704][  0]LogTemp:Display: Loaded TP Android_ATCTargetPlatform
[2015.09.27-03.06.33:707][  0]LogTemp:Display: Loaded TP Android_DXTTargetPlatform
[2015.09.27-03.06.33:711][  0]LogTemp:Display: Loaded TP Android_ETC1TargetPlatform
[2015.09.27-03.06.33:715][  0]LogTemp:Display: Loaded TP Android_ETC2TargetPlatform
[2015.09.27-03.06.33:720][  0]LogTemp:Display: Loaded TP Android_PVRTCTargetPlatform
[2015.09.27-03.06.33:721][  0]LogTemp:Display: Loaded TP HTML5TargetPlatform
[2015.09.27-03.06.33:740][  0]LogTemp:Display: Loaded TP IOSTargetPlatform
[2015.09.27-03.06.33:745][  0]LogTemp:Display: Loaded TP LinuxNoEditorTargetPlatform
[2015.09.27-03.06.33:749][  0]LogTemp:Display: Loaded TP LinuxServerTargetPlatform
[2015.09.27-03.06.33:753][  0]LogTemp:Display: Loaded TP LinuxTargetPlatform
[2015.09.27-03.06.33:753][  0]LogTargetPlatformManager:Display: Building Assets For Windows
[2015.09.27-03.06.33:840][  0]LogDerivedDataCache:Display: Max Cache Size: 512 MB
[2015.09.27-03.06.33:894][  0]LogDerivedDataCache: Loaded boot cache 0.05s 41MB C:/Users/Juan/AppData/Local/UnrealEngine/4.9/DerivedDataCache/Boot.ddc.
[2015.09.27-03.06.33:894][  0]LogDerivedDataCache:Display: Loaded Boot cache: C:/Users/Juan/AppData/Local/UnrealEngine/4.9/DerivedDataCache/Boot.ddc
[2015.09.27-03.06.33:894][  0]LogDerivedDataCache: FDerivedDataBackendGraph:  Pak pak cache file C:/Users/Juan/Dropbox/Game Design Class/Francisco's Stuff/TrialThirdPerson/DerivedDataCache/DDC.ddp not found, will not use a pak cache.
[2015.09.27-03.06.33:894][  0]LogDerivedDataCache: Unable to find inner node Pak for hierarchical cache Hierarchy.
[2015.09.27-03.06.33:894][  0]LogDerivedDataCache: FDerivedDataBackendGraph:  CompressedPak pak cache file C:/Users/Juan/Dropbox/Game Design Class/Francisco's Stuff/TrialThirdPerson/DerivedDataCache/Compressed.ddp not found, will not use a pak cache.
[2015.09.27-03.06.33:894][  0]LogDerivedDataCache: Unable to find inner node CompressedPak for hierarchical cache Hierarchy.
[2015.09.27-03.06.34:044][  0]LogDerivedDataCache:Display: Pak cache opened for reading ../../../Engine/DerivedDataCache/Compressed.ddp.
[2015.09.27-03.06.34:055][  0]LogDerivedDataCache: Using Local data cache path C:/Users/Juan/AppData/Local/UnrealEngine/Common/DerivedDataCache: Writable
[2015.09.27-03.06.34:207][  0]LogInit: Selected Device Profile: [Windows]
[2015.09.27-03.06.34:208][  0]LogContentStreaming: Texture pool size is 1000.000000MB
[2015.09.27-03.06.34:301][  0]LogMeshUtilities: No automatic mesh reduction module available
[2015.09.27-03.06.34:301][  0]LogMeshUtilities: No automatic mesh merging module available
[2015.09.27-03.06.34:546][  0]LogInit: WinSock: version 1.1 (2.2), MaxSocks=32767, MaxUdp=65467
[2015.09.27-03.06.34:717][  0]LogWindowsMoviePlayer: Unable to load movie: C:/Users/Juan/Dropbox/Game Design Class/Francisco's Stuff/TrialThirdPerson/Content/Movies/Default_Startup.mp4
[2015.09.27-03.06.34:823][  0]SourceControl: Info Source control is disabled
[2015.09.27-03.06.34:823][  0]SourceControl: Info Source control is disabled
[2015.09.27-03.06.34:833][  0]SourceControl: Info Source control is disabled
[2015.09.27-03.06.34:915][  0]LogLinker:Warning: Asset '../../../Engine/Plugins/Runtime/LeapMotionController/Content/LM_PassthroughMaterial.uasset' has been saved with empty engine version. The asset will be loaded but may be incompatible.
[2015.09.27-03.06.35:004][  0]LogObj: 27669 objects as part of root set at end of initial load.
[2015.09.27-03.06.35:004][  0]LogUObjectAllocator: 5775704 out of 0 bytes used by permanent object pool.
[2015.09.27-03.06.35:050][  0]LogEngine: Initializing Engine...
[2015.09.27-03.06.35:052][  0]LogHMD: Can't find Oculus library dev build: is proper Runtime installed? Version: 0.7.0.0
[2015.09.27-03.06.35:063][  0]LogHMD: SteamVR failed to initialize.  Err: 108
[2015.09.27-03.06.35:176][  0]LogInit: XAudio2 using 'Speakers (Realtek High Definition Audio)' : 2 channels at 48 kHz using 32 bits per sample (channel mask 0x3)
[2015.09.27-03.06.35:190][  0]LogInit: FAudioDevice initialized.
[2015.09.27-03.06.35:195][  0]LogInit: Texture streaming: Enabled
[2015.09.27-03.06.35:250][  0]LogNet: Browse: /Temp/Autosaves/Game/StarterContent/Maps/UEDPCMinimal_Default?Name=Player
[2015.09.27-03.06.35:251][  0]LogLoad: LoadMap: /Temp/Autosaves/Game/StarterContent/Maps/UEDPCMinimal_Default?Name=Player
[2015.09.27-03.06.35:261][  0]LogParticles: Destroying 0 GPU particle simulations for FXSystem 0x00000035B5637560
[2015.09.27-03.06.35:270][  0]LogMemory: Platform Memory Stats for Windows
[2015.09.27-03.06.35:270][  0]LogMemory: Process Physical Memory: 362.58 MB used, 366.23 MB peak
[2015.09.27-03.06.35:270][  0]LogMemory: Process Virtual Memory: 328.76 MB used, 337.07 MB peak
[2015.09.27-03.06.35:270][  0]LogMemory: Physical Memory: 4741.77 MB used, 8149.59 MB total
[2015.09.27-03.06.35:270][  0]LogMemory: Virtual Memory: 858.30 MB used, 134217728.00 MB total
[2015.09.27-03.06.35:270][  0]LogMemory: 
[2015.09.27-03.06.35:270][  0]Allocator Stats for TBB: (not implemented)
[2015.09.27-03.06.35:967][  0]LogAIModule: Creating AISystem for world Minimal_Default
[2015.09.27-03.06.35:967][  0]LogWorld: Game class is 'MyGame_C'
[2015.09.27-03.06.35:990][  0]LogWorld: Bringing World /Temp/Autosaves/Game/StarterContent/Maps/UEDPCMinimal_Default.Minimal_Default up for play (max tick rate 0) at 2015.09.26-23.06.35
[2015.09.27-03.06.35:991][  0]LogWorld: Bringing up level for play took: 0.022793
[2015.09.27-03.06.35:995][  0]LogInit:Display: Game Engine Initialized.
[2015.09.27-03.06.36:212][  0]LogLoad: Full Startup: 4.83 seconds (BP compile: 0.18 seconds)
[2015.09.27-03.06.36:277][  0]LogRenderer: Reallocating scene render targets to support 128x128 (Frame:1).
[2015.09.27-03.06.36:348][  1]LogRenderer: Reallocating scene render targets to support 1920x1080 (Frame:2).
[2015.09.27-03.06.38:242][116]LogBlueprintUserMessages: [MyCharacter_C_0] 646.685547
[2015.09.27-03.06.40:241][240]LogBlueprintUserMessages: [MyCharacter_C_0] 950.388733
[2015.09.27-03.06.42:242][364]LogBlueprintUserMessages: [MyCharacter_C_0] 1186.667969
[2015.09.27-03.06.44:242][488]LogBlueprintUserMessages: [MyCharacter_C_0] 1425.102051
[2015.09.27-03.06.46:242][612]LogBlueprintUserMessages: [MyCharacter_C_0] 1425.102051
[2015.09.27-03.06.48:242][736]LogBlueprintUserMessages: [MyCharacter_C_0] 1657.849609
[2015.09.27-03.06.50:241][860]LogBlueprintUserMessages: [MyCharacter_C_0] 1657.849609
[2015.09.27-03.06.50:412][869]LogWindowsTextInputMethodSystem:Display: IME system now deactivated.
[2015.09.27-03.06.50:414][869]LogEngine: All Windows Closed
[2015.09.27-03.06.50:414][869]LogWindows: FPlatformMisc::RequestExit(0)
[2015.09.27-03.06.51:076][870]LogExit: Preparing to exit.
[2015.09.27-03.06.51:155][870]LogExit: Game engine shut down
[2015.09.27-03.06.51:156][870]LogParticles: Destroying 0 GPU particle simulations for FXSystem 0x00000035BECCDE40
[2015.09.27-03.06.51:260][870]LogExit: Object subsystem successfully closed.
[2015.09.27-03.06.51:279][870]LogD3D11RHI: Shutdown
[2015.09.27-03.06.51:279][870]LogD3D11RHI: CleanupD3DDevice
[2015.09.27-03.06.51:317][870]LogD3D11RHI: ~FD3D11DynamicRHI
[2015.09.27-03.06.51:327][870]LogModuleManager: Shutting down and abandoning module AndroidDeviceDetection (115)
[2015.09.27-03.06.52:237][870]LogModuleManager: Shutting down and abandoning module AutomationController (114)
[2015.09.27-03.06.52:237][870]LogModuleManager: Shutting down and abandoning module AutomationWorker (113)
[2015.09.27-03.06.52:237][870]LogModuleManager: Shutting down and abandoning module CharacterAI (112)
[2015.09.27-03.06.52:237][870]LogModuleManager: Shutting down and abandoning module AITestSuite (111)
[2015.09.27-03.06.52:237][870]LogModuleManager: Shutting down and abandoning module GameplayDebugger (110)
[2015.09.27-03.06.52:237][870]LogModuleManager: Shutting down and abandoning module AIModule (109)
[2015.09.27-03.06.52:237][870]LogModuleManager: Shutting down and abandoning module GameLiveStreaming (108)
[2015.09.27-03.06.52:237][870]LogModuleManager: Shutting down and abandoning module StreamingPauseRendering (107)
[2015.09.27-03.06.52:237][870]LogModuleManager: Shutting down and abandoning module ProfilerService (106)
[2015.09.27-03.06.52:274][870]LogModuleManager: Shutting down and abandoning module TaskGraph (105)
[2015.09.27-03.06.52:274][870]LogModuleManager: Shutting down and abandoning module SlateRemote (104)
[2015.09.27-03.06.52:274][870]LogModuleManager: Shutting down and abandoning module SteamVRController (103)
[2015.09.27-03.06.52:274][870]LogModuleManager: Shutting down and abandoning module SteamVR (102)
[2015.09.27-03.06.52:274][870]LogModuleManager: Shutting down and abandoning module ProceduralMeshComponent (101)
[2015.09.27-03.06.52:274][870]LogModuleManager: Shutting down and abandoning module OculusRift (100)
[2015.09.27-03.06.52:274][870]LogModuleManager: Shutting down and abandoning module OculusLibrary (99)
[2015.09.27-03.06.52:274][870]LogModuleManager: Shutting down and abandoning module LeapMotionController (98)
[2015.09.27-03.06.52:285][870]LogModuleManager: Shutting down and abandoning module CustomMeshComponent (97)
[2015.09.27-03.06.52:285][870]LogModuleManager: Shutting down and abandoning module CableComponent (96)
[2015.09.27-03.06.52:285][870]LogModuleManager: Shutting down and abandoning module ArchVisCharacter (95)
[2015.09.27-03.06.52:285][870]LogModuleManager: Shutting down and abandoning module HTML5Networking (94)
[2015.09.27-03.06.52:285][870]LogModuleManager: Shutting down and abandoning module DesktopPlatform (93)
[2015.09.27-03.06.52:285][870]LogModuleManager: Shutting down and abandoning module DirectoryWatcher (92)
[2015.09.27-03.06.52:285][870]LogModuleManager: Shutting down and abandoning module HotReload (91)
[2015.09.27-03.06.52:285][870]LogModuleManager: Shutting down and abandoning module VisualStudioSourceCodeAccess (90)
[2015.09.27-03.06.52:285][870]LogModuleManager: Shutting down and abandoning module UObjectPlugin (89)
[2015.09.27-03.06.52:285][870]LogModuleManager: Shutting down and abandoning module SubversionSourceControl (88)
[2015.09.27-03.06.52:285][870]LogModuleManager: Shutting down and abandoning module SourceControl (87)
[2015.09.27-03.06.52:285][870]LogModuleManager: Shutting down and abandoning module PerforceSourceControl (86)
[2015.09.27-03.06.52:285][870]LogModuleManager: Shutting down and abandoning module UdpMessaging (85)
[2015.09.27-03.06.52:285][870]LogModuleManager: Shutting down and abandoning module LightPropagationVolumeRuntime (84)
[2015.09.27-03.06.52:285][870]LogModuleManager: Shutting down and abandoning module Paper2D (83)
[2015.09.27-03.06.52:285][870]LogModuleManager: Shutting down and abandoning module WindowsMoviePlayer (82)
[2015.09.27-03.06.52:289][870]LogModuleManager: Shutting down and abandoning module Media (81)
[2015.09.27-03.06.52:289][870]LogModuleManager: Shutting down and abandoning module WmfMedia (80)
[2015.09.27-03.06.52:289][870]LogModuleManager: Shutting down and abandoning module OnlineBlueprintSupport (79)
[2015.09.27-03.06.52:289][870]LogModuleManager: Shutting down and abandoning module GameplayTasksEditor (78)
[2015.09.27-03.06.52:289][870]LogModuleManager: Shutting down and abandoning module PropertyEditor (77)
[2015.09.27-03.06.52:289][870]LogModuleManager: Shutting down and abandoning module BehaviorTreeEditor (76)
[2015.09.27-03.06.52:289][870]LogModuleManager: Shutting down and abandoning module FunctionalTesting (75)
[2015.09.27-03.06.52:289][870]LogModuleManager: Shutting down and abandoning module CollisionAnalyzer (74)
[2015.09.27-03.06.52:289][870]LogModuleManager: Shutting down and abandoning module WorkspaceMenuStructure (73)
[2015.09.27-03.06.52:289][870]LogModuleManager: Shutting down and abandoning module MessageLog (72)
[2015.09.27-03.06.52:289][870]LogModuleManager: Shutting down and abandoning module Sequencer (71)
[2015.09.27-03.06.52:289][870]LogModuleManager: Shutting down and abandoning module AssetTools (70)
[2015.09.27-03.06.52:289][870]LogModuleManager: Shutting down and abandoning module UMGEditor (69)
[2015.09.27-03.06.52:289][870]LogModuleManager: Shutting down and abandoning module UMG (68)
[2015.09.27-03.06.52:289][870]LogModuleManager: Shutting down and abandoning module Slate (67)
[2015.09.27-03.06.52:289][870]LogModuleManager: Shutting down and abandoning module EditorStyle (66)
[2015.09.27-03.06.52:291][870]LogModuleManager: Shutting down and abandoning module SessionServices (65)
[2015.09.27-03.06.52:291][870]LogModuleManager: Shutting down and abandoning module SourceCodeAccess (64)
[2015.09.27-03.06.52:291][870]LogModuleManager: Shutting down and abandoning module HeadMountedDisplay (63)
[2015.09.27-03.06.52:291][870]LogModuleManager: Shutting down and abandoning module XAudio2 (62)
[2015.09.27-03.06.52:291][870]LogModuleManager: Shutting down and abandoning module Networking (60)
[2015.09.27-03.06.52:291][870]LogModuleManager: Shutting down and abandoning module Core (59)
[2015.09.27-03.06.52:291][870]LogModuleManager: Shutting down and abandoning module KismetCompiler (58)
[2015.09.27-03.06.52:291][870]LogModuleManager: Shutting down and abandoning module PhysXFormats (57)
[2015.09.27-03.06.52:291][870]LogModuleManager: Shutting down and abandoning module MeshUtilities (56)
[2015.09.27-03.06.52:291][870]LogModuleManager: Shutting down and abandoning module CookingStats (55)
[2015.09.27-03.06.52:292][870]LogModuleManager: Shutting down and abandoning module DerivedDataCache (54)
[2015.09.27-03.06.52:559][870]LogDerivedDataCache: Shutdown
[2015.09.27-03.06.52:559][870]LogModuleManager: Shutting down and abandoning module ShaderFormatOpenGL (53)
[2015.09.27-03.06.52:559][870]LogModuleManager: Shutting down and abandoning module ShaderFormatD3D (52)
[2015.09.27-03.06.52:559][870]LogModuleManager: Shutting down and abandoning module MetalShaderFormat (51)
[2015.09.27-03.06.52:559][870]LogModuleManager: Shutting down and abandoning module TextureFormatUncompressed (50)
[2015.09.27-03.06.52:559][870]LogModuleManager: Shutting down and abandoning module TextureFormatPVR (49)
[2015.09.27-03.06.52:559][870]LogModuleManager: Shutting down and abandoning module TextureFormatIntelISPCTexComp (48)
[2015.09.27-03.06.52:559][870]LogModuleManager: Shutting down and abandoning module TextureFormatDXT (47)
[2015.09.27-03.06.52:559][870]LogModuleManager: Shutting down and abandoning module ImageWrapper (46)
[2015.09.27-03.06.52:559][870]LogModuleManager: Shutting down and abandoning module TextureFormatASTC (45)
[2015.09.27-03.06.52:559][870]LogModuleManager: Shutting down and abandoning module TextureFormatAndroid (44)
[2015.09.27-03.06.52:560][870]LogModuleManager: Shutting down and abandoning module AudioFormatOpus (43)
[2015.09.27-03.06.52:560][870]LogModuleManager: Shutting down and abandoning module AudioFormatOgg (42)
[2015.09.27-03.06.52:560][870]LogModuleManager: Shutting down and abandoning module AudioFormatADPCM (41)
[2015.09.27-03.06.52:560][870]LogModuleManager: Shutting down and abandoning module LinuxTargetPlatform (40)
[2015.09.27-03.06.52:560][870]LogModuleManager: Shutting down and abandoning module LinuxServerTargetPlatform (39)
[2015.09.27-03.06.52:560][870]LogModuleManager: Shutting down and abandoning module LinuxNoEditorTargetPlatform (38)
[2015.09.27-03.06.52:560][870]LogModuleManager: Shutting down and abandoning module Messaging (37)
[2015.09.27-03.06.52:560][870]LogModuleManager: Shutting down and abandoning module IOSTargetPlatform (36)
[2015.09.27-03.06.52:560][870]LogModuleManager: Shutting down and abandoning module HTML5TargetPlatform (35)
[2015.09.27-03.06.52:560][870]LogModuleManager: Shutting down and abandoning module Android_PVRTCTargetPlatform (34)
[2015.09.27-03.06.52:560][870]LogModuleManager: Shutting down and abandoning module Android_ETC2TargetPlatform (33)
[2015.09.27-03.06.52:560][870]LogModuleManager: Shutting down and abandoning module Android_ETC1TargetPlatform (32)
[2015.09.27-03.06.52:560][870]LogModuleManager: Shutting down and abandoning module Android_DXTTargetPlatform (31)
[2015.09.27-03.06.52:560][870]LogModuleManager: Shutting down and abandoning module Android_ATCTargetPlatform (30)
[2015.09.27-03.06.52:560][870]LogModuleManager: Shutting down and abandoning module Android_ASTCTargetPlatform (29)
[2015.09.27-03.06.52:560][870]LogModuleManager: Shutting down and abandoning module AndroidTargetPlatform (28)
[2015.09.27-03.06.52:560][870]LogModuleManager: Shutting down and abandoning module WindowsTargetPlatform (27)
[2015.09.27-03.06.52:560][870]LogModuleManager: Shutting down and abandoning module WindowsServerTargetPlatform (26)
[2015.09.27-03.06.52:560][870]LogModuleManager: Shutting down and abandoning module WindowsNoEditorTargetPlatform (25)
[2015.09.27-03.06.52:560][870]LogModuleManager: Shutting down and abandoning module WindowsClientTargetPlatform (24)
[2015.09.27-03.06.52:560][870]LogModuleManager: Shutting down and abandoning module AllDesktopTargetPlatform (23)
[2015.09.27-03.06.52:560][870]LogModuleManager: Shutting down and abandoning module TargetPlatform (22)
[2015.09.27-03.06.52:560][870]LogModuleManager: Shutting down and abandoning module InputCore (21)
[2015.09.27-03.06.52:560][870]LogModuleManager: Shutting down and abandoning module Settings (20)
[2015.09.27-03.06.52:560][870]LogModuleManager: Shutting down and abandoning module OnlineSubsystem (18)
[2015.09.27-03.06.52:560][870]LogModuleManager: Shutting down and abandoning module HTTP (17)
[2015.09.27-03.06.52:560][870]LogModuleManager: Shutting down and abandoning module XMPP (16)
[2015.09.27-03.06.52:560][870]LogModuleManager: Shutting down and abandoning module ExampleDeviceProfileSelector (15)
[2015.09.27-03.06.52:560][870]LogModuleManager: Shutting down and abandoning module TextureCompressor (14)
[2015.09.27-03.06.52:560][870]LogModuleManager: Shutting down and abandoning module ShaderCore (13)
[2015.09.27-03.06.52:560][870]LogModuleManager: Shutting down and abandoning module Landscape (12)
[2015.09.27-03.06.52:560][870]LogModuleManager: Shutting down and abandoning module SlateRHIRenderer (11)
[2015.09.27-03.06.52:560][870]LogModuleManager: Shutting down and abandoning module OpenGLDrv (10)
[2015.09.27-03.06.52:560][870]LogModuleManager: Shutting down and abandoning module D3D11RHI (9)
[2015.09.27-03.06.52:561][870]LogModuleManager: Shutting down and abandoning module AnimGraphRuntime (8)
[2015.09.27-03.06.52:561][870]LogModuleManager: Shutting down and abandoning module Renderer (7)
[2015.09.27-03.06.52:561][870]LogModuleManager: Shutting down and abandoning module Engine (6)
[2015.09.27-03.06.52:561][870]LogModuleManager: Shutting down and abandoning module CoreUObject (5)
[2015.09.27-03.06.52:561][870]LogModuleManager: Shutting down and abandoning module NetworkFile (4)
[2015.09.27-03.06.52:561][870]LogModuleManager: Shutting down and abandoning module StreamingFile (3)
[2015.09.27-03.06.52:561][870]LogModuleManager: Shutting down and abandoning module SandboxFile (2)
[2015.09.27-03.06.52:561][870]LogModuleManager: Shutting down and abandoning module PakFile (1)
[2015.09.27-03.06.52:561][870]LogExit: Exiting.
[2015.09.27-03.06.52:562][870]Log file closed, 09/26/15 23:06:52
