[2015.09.27-03.07.14:470][  0]Log file open, 09/26/15 23:07:14
[2015.09.27-03.07.14:470][  0]LogInit:Display: Running engine for game: TrialThirdPerson
[2015.09.27-03.07.14:470][  0]LogInit:Display: RandInit(1874159402) SRandInit(1874159402).
[2015.09.27-03.07.14:470][  0]LogTaskGraph: Started task graph with 4 named threads and 7 total threads.
[2015.09.27-03.07.14:470][  0]LogStats: Stats thread started at 0.189578
[2015.09.27-03.07.14:470][  0]LogInit: Version: 4.9.1-2689999+++depot+UE4-Releases+4.9
[2015.09.27-03.07.14:470][  0]LogInit: API Version: 2672455
[2015.09.27-03.07.14:470][  0]LogInit: Compiled (64-bit): Sep 14 2015 04:12:03
[2015.09.27-03.07.14:470][  0]LogInit: Compiled with Visual C++: 18.00.21005.01
[2015.09.27-03.07.14:470][  0]LogInit: Build Configuration: Development
[2015.09.27-03.07.14:470][  0]LogInit: Branch Name: ++depot+UE4-Releases+4.9
[2015.09.27-03.07.14:470][  0]LogInit: Command line:  /Temp/Autosaves/Game/StarterContent/Maps/UEDPCMinimal_Default -game -PIEVIACONSOLE -ResX=1920 -ResY=1080  -Multiprocess 
[2015.09.27-03.07.14:470][  0]LogInit: Base directory: D:/Program Files (x86)/Epic Games/4.9/Engine/Binaries/Win64/
[2015.09.27-03.07.14:470][  0]LogInit: Rocket: 1
[2015.09.27-03.07.14:485][  0]LogInit: Using libcurl 7.41.0
[2015.09.27-03.07.14:485][  0]LogInit:  - built for x86_64-pc-win32
[2015.09.27-03.07.14:485][  0]LogInit:  - supports SSL with WinSSL
[2015.09.27-03.07.14:485][  0]LogInit:  - other features:
[2015.09.27-03.07.14:485][  0]LogInit:      CURL_VERSION_SSL
[2015.09.27-03.07.14:485][  0]LogInit:      CURL_VERSION_IPV6
[2015.09.27-03.07.14:485][  0]LogInit:      CURL_VERSION_ASYNCHDNS
[2015.09.27-03.07.14:485][  0]LogInit:      CURL_VERSION_LARGEFILE
[2015.09.27-03.07.14:485][  0]LogInit:      CURL_VERSION_IDN
[2015.09.27-03.07.14:485][  0]LogInit:  CurlRequestOptions (configurable via config and command line):
[2015.09.27-03.07.14:485][  0]LogInit:  - bVerifyPeer = true  - Libcurl will verify peer certificate
[2015.09.27-03.07.14:485][  0]LogInit:  - bUseHttpProxy = false  - Libcurl will NOT use HTTP proxy
[2015.09.27-03.07.14:485][  0]LogInit:  - bDontReuseConnections = false  - Libcurl will reuse connections
[2015.09.27-03.07.14:485][  0]LogInit:  - CertBundlePath = nullptr  - Libcurl will use whatever was configured at build time.
[2015.09.27-03.07.14:491][  0]LogInit: Presizing for 0 objects not considered by GC, pre-allocating 0 bytes.
[2015.09.27-03.07.14:497][  0]LogInit: Object subsystem initialized
[2015.09.27-03.07.14:498][  0]LogInit: Selected Device Profile: [Windows]
[2015.09.27-03.07.14:498][  0]LogInit: Applying CVar settings loaded from the selected device profile: [Windows]
[2015.09.27-03.07.14:500][  0]LogInit: Computer: DIGITALSTORM-PC
[2015.09.27-03.07.14:500][  0]LogInit: User: Juan
[2015.09.27-03.07.14:500][  0]LogInit: CPU Page size=4096, Cores=4
[2015.09.27-03.07.14:500][  0]LogInit: High frequency timer resolution =3.507503 MHz
[2015.09.27-03.07.14:500][  0]LogMemory: Memory total: Physical=8.0GB (8GB approx)
[2015.09.27-03.07.14:500][  0]LogMemory: Platform Memory Stats for Windows
[2015.09.27-03.07.14:500][  0]LogMemory: Process Physical Memory: 55.98 MB used, 55.98 MB peak
[2015.09.27-03.07.14:500][  0]LogMemory: Process Virtual Memory: 57.12 MB used, 57.12 MB peak
[2015.09.27-03.07.14:500][  0]LogMemory: Physical Memory: 4494.29 MB used, 8149.59 MB total
[2015.09.27-03.07.14:501][  0]LogMemory: Virtual Memory: 356.15 MB used, 134217728.00 MB total
[2015.09.27-03.07.14:549][  0]LogTextLocalizationManager: No specific translations for ('en-US') exist, so ('en') translations will be used.
[2015.09.27-03.07.15:143][  0]LogD3D11RHI: Found D3D11 adapter 0: NVIDIA GeForce GTX 980M        (Feature Level 11_0)
[2015.09.27-03.07.15:143][  0]LogD3D11RHI: Adapter has 8039MB of dedicated video memory, 0MB of dedicated system memory, and 4074MB of shared system memory, 1 output[s]
[2015.09.27-03.07.15:145][  0]LogD3D11RHI: Found D3D11 adapter 1: Microsoft Basic Render Driver (Feature Level 11_0)
[2015.09.27-03.07.15:145][  0]LogD3D11RHI: Adapter has 0MB of dedicated video memory, 0MB of dedicated system memory, and 256MB of shared system memory, 0 output[s]
[2015.09.27-03.07.15:145][  0]LogD3D11RHI: Chosen D3D11 Adapter Id = 0
[2015.09.27-03.07.15:149][  0]LogD3D11RHI: !Direct3DDevice
[2015.09.27-03.07.15:149][  0]LogRHI: Texture pool is 1361 MB (70% of 1945 MB)
[2015.09.27-03.07.15:160][  0]LogD3D11RHI: Async texture creation enabled
[2015.09.27-03.07.15:177][  0]LogShaderCompilers: Guid format shader working directory is 15 characters bigger than the processId version (C:/Users/Juan/Dropbox/Game Design Class/Francisco's Stuff/TrialThirdPerson/Intermediate/Shaders/WorkingDirectory/5856/).
[2015.09.27-03.07.15:177][  0]LogShaderCompilers: Cleaned the shader compiler working directory 'C:/Users/Juan/Dropbox/Game Design Class/Francisco's Stuff/TrialThirdPerson/Intermediate/Shaders/tmp/AA933A8446E5BFB3415742829093B268/'.
[2015.09.27-03.07.15:177][  0]LogShaderCompilers:Display: Using Local Shader Compiler.
[2015.09.27-03.07.16:263][  0]LogTemp:Display: Loaded TP AllDesktopTargetPlatform
[2015.09.27-03.07.16:268][  0]LogTemp:Display: Loaded TP WindowsClientTargetPlatform
[2015.09.27-03.07.16:273][  0]LogTemp:Display: Loaded TP WindowsNoEditorTargetPlatform
[2015.09.27-03.07.16:278][  0]LogTemp:Display: Loaded TP WindowsServerTargetPlatform
[2015.09.27-03.07.16:283][  0]LogTemp:Display: Loaded TP WindowsTargetPlatform
[2015.09.27-03.07.16:287][  0]LogTemp:Display: Loaded TP AndroidTargetPlatform
[2015.09.27-03.07.16:290][  0]LogTemp:Display: Loaded TP Android_ASTCTargetPlatform
[2015.09.27-03.07.16:294][  0]LogTemp:Display: Loaded TP Android_ATCTargetPlatform
[2015.09.27-03.07.16:298][  0]LogTemp:Display: Loaded TP Android_DXTTargetPlatform
[2015.09.27-03.07.16:302][  0]LogTemp:Display: Loaded TP Android_ETC1TargetPlatform
[2015.09.27-03.07.16:306][  0]LogTemp:Display: Loaded TP Android_ETC2TargetPlatform
[2015.09.27-03.07.16:310][  0]LogTemp:Display: Loaded TP Android_PVRTCTargetPlatform
[2015.09.27-03.07.16:311][  0]LogTemp:Display: Loaded TP HTML5TargetPlatform
[2015.09.27-03.07.16:329][  0]LogTemp:Display: Loaded TP IOSTargetPlatform
[2015.09.27-03.07.16:333][  0]LogTemp:Display: Loaded TP LinuxNoEditorTargetPlatform
[2015.09.27-03.07.16:337][  0]LogTemp:Display: Loaded TP LinuxServerTargetPlatform
[2015.09.27-03.07.16:341][  0]LogTemp:Display: Loaded TP LinuxTargetPlatform
[2015.09.27-03.07.16:341][  0]LogTargetPlatformManager:Display: Building Assets For Windows
[2015.09.27-03.07.16:419][  0]LogDerivedDataCache:Display: Max Cache Size: 512 MB
[2015.09.27-03.07.16:459][  0]LogDerivedDataCache: Loaded boot cache 0.04s 41MB C:/Users/Juan/AppData/Local/UnrealEngine/4.9/DerivedDataCache/Boot.ddc.
[2015.09.27-03.07.16:459][  0]LogDerivedDataCache:Display: Loaded Boot cache: C:/Users/Juan/AppData/Local/UnrealEngine/4.9/DerivedDataCache/Boot.ddc
[2015.09.27-03.07.16:459][  0]LogDerivedDataCache: FDerivedDataBackendGraph:  Pak pak cache file C:/Users/Juan/Dropbox/Game Design Class/Francisco's Stuff/TrialThirdPerson/DerivedDataCache/DDC.ddp not found, will not use a pak cache.
[2015.09.27-03.07.16:459][  0]LogDerivedDataCache: Unable to find inner node Pak for hierarchical cache Hierarchy.
[2015.09.27-03.07.16:459][  0]LogDerivedDataCache: FDerivedDataBackendGraph:  CompressedPak pak cache file C:/Users/Juan/Dropbox/Game Design Class/Francisco's Stuff/TrialThirdPerson/DerivedDataCache/Compressed.ddp not found, will not use a pak cache.
[2015.09.27-03.07.16:459][  0]LogDerivedDataCache: Unable to find inner node CompressedPak for hierarchical cache Hierarchy.
[2015.09.27-03.07.16:600][  0]LogDerivedDataCache:Display: Pak cache opened for reading ../../../Engine/DerivedDataCache/Compressed.ddp.
[2015.09.27-03.07.16:612][  0]LogDerivedDataCache: Using Local data cache path C:/Users/Juan/AppData/Local/UnrealEngine/Common/DerivedDataCache: Writable
[2015.09.27-03.07.16:746][  0]LogInit: Selected Device Profile: [Windows]
[2015.09.27-03.07.16:747][  0]LogContentStreaming: Texture pool size is 1000.000000MB
[2015.09.27-03.07.16:841][  0]LogMeshUtilities: No automatic mesh reduction module available
[2015.09.27-03.07.16:841][  0]LogMeshUtilities: No automatic mesh merging module available
[2015.09.27-03.07.17:069][  0]LogInit: WinSock: version 1.1 (2.2), MaxSocks=32767, MaxUdp=65467
[2015.09.27-03.07.17:251][  0]LogWindowsMoviePlayer: Unable to load movie: C:/Users/Juan/Dropbox/Game Design Class/Francisco's Stuff/TrialThirdPerson/Content/Movies/Default_Startup.mp4
[2015.09.27-03.07.17:353][  0]SourceControl: Info Source control is disabled
[2015.09.27-03.07.17:353][  0]SourceControl: Info Source control is disabled
[2015.09.27-03.07.17:362][  0]SourceControl: Info Source control is disabled
[2015.09.27-03.07.17:438][  0]LogLinker:Warning: Asset '../../../Engine/Plugins/Runtime/LeapMotionController/Content/LM_PassthroughMaterial.uasset' has been saved with empty engine version. The asset will be loaded but may be incompatible.
[2015.09.27-03.07.17:516][  0]LogObj: 27669 objects as part of root set at end of initial load.
[2015.09.27-03.07.17:516][  0]LogUObjectAllocator: 5775704 out of 0 bytes used by permanent object pool.
[2015.09.27-03.07.17:570][  0]LogEngine: Initializing Engine...
[2015.09.27-03.07.17:572][  0]LogHMD: Can't find Oculus library dev build: is proper Runtime installed? Version: 0.7.0.0
[2015.09.27-03.07.17:583][  0]LogHMD: SteamVR failed to initialize.  Err: 108
[2015.09.27-03.07.17:672][  0]LogInit: XAudio2 using 'Speakers (Realtek High Definition Audio)' : 2 channels at 48 kHz using 32 bits per sample (channel mask 0x3)
[2015.09.27-03.07.17:683][  0]LogInit: FAudioDevice initialized.
[2015.09.27-03.07.17:687][  0]LogInit: Texture streaming: Enabled
[2015.09.27-03.07.17:740][  0]LogNet: Browse: /Temp/Autosaves/Game/StarterContent/Maps/UEDPCMinimal_Default?Name=Player
[2015.09.27-03.07.17:741][  0]LogLoad: LoadMap: /Temp/Autosaves/Game/StarterContent/Maps/UEDPCMinimal_Default?Name=Player
[2015.09.27-03.07.17:749][  0]LogParticles: Destroying 0 GPU particle simulations for FXSystem 0x000000A235887560
[2015.09.27-03.07.17:756][  0]LogMemory: Platform Memory Stats for Windows
[2015.09.27-03.07.17:756][  0]LogMemory: Process Physical Memory: 365.35 MB used, 366.30 MB peak
[2015.09.27-03.07.17:756][  0]LogMemory: Process Virtual Memory: 328.89 MB used, 337.11 MB peak
[2015.09.27-03.07.17:756][  0]LogMemory: Physical Memory: 4755.84 MB used, 8149.59 MB total
[2015.09.27-03.07.17:756][  0]LogMemory: Virtual Memory: 858.30 MB used, 134217728.00 MB total
[2015.09.27-03.07.17:756][  0]LogMemory: 
[2015.09.27-03.07.17:756][  0]Allocator Stats for TBB: (not implemented)
[2015.09.27-03.07.18:446][  0]LogAIModule: Creating AISystem for world Minimal_Default
[2015.09.27-03.07.18:447][  0]LogWorld: Game class is 'MyGame_C'
[2015.09.27-03.07.18:467][  0]LogWorld: Bringing World /Temp/Autosaves/Game/StarterContent/Maps/UEDPCMinimal_Default.Minimal_Default up for play (max tick rate 0) at 2015.09.26-23.07.18
[2015.09.27-03.07.18:468][  0]LogWorld: Bringing up level for play took: 0.020388
[2015.09.27-03.07.18:472][  0]LogInit:Display: Game Engine Initialized.
[2015.09.27-03.07.18:688][  0]LogLoad: Full Startup: 4.64 seconds (BP compile: 0.19 seconds)
[2015.09.27-03.07.18:752][  0]LogRenderer: Reallocating scene render targets to support 128x128 (Frame:1).
[2015.09.27-03.07.18:819][  1]LogRenderer: Reallocating scene render targets to support 1920x1080 (Frame:2).
[2015.09.27-03.07.20:717][117]LogBlueprintUserMessages: [MyCharacter_C_0] 679.096191
[2015.09.27-03.07.22:718][241]LogBlueprintUserMessages: [MyCharacter_C_0] 1096.171387
[2015.09.27-03.07.24:717][365]LogBlueprintUserMessages: [MyCharacter_C_0] 1096.171387
[2015.09.27-03.07.26:717][489]LogBlueprintUserMessages: [MyCharacter_C_0] 1096.171387
[2015.09.27-03.07.28:718][613]LogBlueprintUserMessages: [MyCharacter_C_0] 1096.171387
[2015.09.27-03.07.30:717][737]LogBlueprintUserMessages: [MyCharacter_C_0] 1288.709351
[2015.09.27-03.07.32:718][861]LogBlueprintUserMessages: [MyCharacter_C_0] 2331.430664
[2015.09.27-03.07.34:717][985]LogBlueprintUserMessages: [MyCharacter_C_0] 3465.406738
[2015.09.27-03.07.36:718][109]LogBlueprintUserMessages: [MyCharacter_C_0] 3757.887939
[2015.09.27-03.07.38:718][233]LogBlueprintUserMessages: [MyCharacter_C_0] 4111.583008
[2015.09.27-03.07.40:717][357]LogBlueprintUserMessages: [MyCharacter_C_0] 4111.583008
[2015.09.27-03.07.42:718][481]LogBlueprintUserMessages: [MyCharacter_C_0] 4111.583008
[2015.09.27-03.07.44:717][605]LogBlueprintUserMessages: [MyCharacter_C_0] 4113.181152
[2015.09.27-03.07.46:718][729]LogBlueprintUserMessages: [MyCharacter_C_0] 5018.196289
[2015.09.27-03.07.48:718][853]LogBlueprintUserMessages: [MyCharacter_C_0] 5775.98584
[2015.09.27-03.07.50:718][977]LogBlueprintUserMessages: [MyCharacter_C_0] 6060.166016
[2015.09.27-03.07.51:588][ 31]LogNet: Browse: /Temp/Autosaves/Game/StarterContent/Maps/UEDPCMinimal_Default?Name=Player?restart
[2015.09.27-03.07.51:588][ 31]LogLoad: LoadMap: /Temp/Autosaves/Game/StarterContent/Maps/UEDPCMinimal_Default?Name=Player
[2015.09.27-03.07.51:616][ 31]LogParticles: Destroying 0 GPU particle simulations for FXSystem 0x000000A2439D5BC0
[2015.09.27-03.07.51:643][ 31]LogMemory: Platform Memory Stats for Windows
[2015.09.27-03.07.51:643][ 31]LogMemory: Process Physical Memory: 467.84 MB used, 472.98 MB peak
[2015.09.27-03.07.51:643][ 31]LogMemory: Process Virtual Memory: 416.33 MB used, 423.28 MB peak
[2015.09.27-03.07.51:643][ 31]LogMemory: Physical Memory: 4849.89 MB used, 8149.59 MB total
[2015.09.27-03.07.51:643][ 31]LogMemory: Virtual Memory: 966.63 MB used, 134217728.00 MB total
[2015.09.27-03.07.51:643][ 31]LogMemory: 
[2015.09.27-03.07.51:643][ 31]Allocator Stats for TBB: (not implemented)
[2015.09.27-03.07.52:284][ 31]LogAIModule: Creating AISystem for world Minimal_Default
[2015.09.27-03.07.52:284][ 31]LogWorld: Game class is 'MyGame_C'
[2015.09.27-03.07.52:301][ 31]LogWorld: Bringing World /Temp/Autosaves/Game/StarterContent/Maps/UEDPCMinimal_Default.Minimal_Default up for play (max tick rate 0) at 2015.09.26-23.07.52
[2015.09.27-03.07.52:301][ 31]LogWorld: Bringing up level for play took: 0.015810
[2015.09.27-03.07.53:922][130]LogBlueprintUserMessages: [MyCharacter_C_0] 61.069237
[2015.09.27-03.07.55:921][254]LogBlueprintUserMessages: [MyCharacter_C_0] 408.679688
[2015.09.27-03.07.57:915][362]LogBlueprintUserMessages: [MyCharacter_C_0] 1020.7547
[2015.09.27-03.07.59:915][486]LogBlueprintUserMessages: [MyCharacter_C_0] 1516.264526
[2015.09.27-03.08.01:915][610]LogBlueprintUserMessages: [MyCharacter_C_0] 2087.015869
[2015.09.27-03.08.03:915][734]LogBlueprintUserMessages: [MyCharacter_C_0] 2697.621338
[2015.09.27-03.08.05:915][858]LogBlueprintUserMessages: [MyCharacter_C_0] 2875.818604
[2015.09.27-03.08.07:915][982]LogBlueprintUserMessages: [MyCharacter_C_0] 3524.369385
[2015.09.27-03.08.09:915][106]LogBlueprintUserMessages: [MyCharacter_C_0] 4616.053223
[2015.09.27-03.08.11:923][227]LogBlueprintUserMessages: [MyCharacter_C_0] 5646.723633
[2015.09.27-03.08.13:913][316]LogBlueprintUserMessages: [MyCharacter_C_0] 6489.023438
[2015.09.27-03.08.15:920][415]LogBlueprintUserMessages: [MyCharacter_C_0] 6491.276855
[2015.09.27-03.08.17:913][512]LogBlueprintUserMessages: [MyCharacter_C_0] 6491.276855
[2015.09.27-03.08.19:916][610]LogBlueprintUserMessages: [MyCharacter_C_0] 6491.276855
[2015.09.27-03.08.20:632][643]LogWindowsTextInputMethodSystem:Display: IME system now deactivated.
[2015.09.27-03.08.20:635][643]LogEngine: All Windows Closed
[2015.09.27-03.08.20:635][643]LogWindows: FPlatformMisc::RequestExit(0)
[2015.09.27-03.08.21:631][644]LogExit: Preparing to exit.
[2015.09.27-03.08.21:672][644]LogExit: Game engine shut down
[2015.09.27-03.08.21:676][644]LogParticles: Destroying 0 GPU particle simulations for FXSystem 0x000000A234A1CD60
[2015.09.27-03.08.21:789][644]LogExit: Object subsystem successfully closed.
[2015.09.27-03.08.21:803][644]LogD3D11RHI: Shutdown
[2015.09.27-03.08.21:803][644]LogD3D11RHI: CleanupD3DDevice
[2015.09.27-03.08.21:852][644]LogD3D11RHI: ~FD3D11DynamicRHI
[2015.09.27-03.08.21:863][644]LogModuleManager: Shutting down and abandoning module AndroidDeviceDetection (115)
[2015.09.27-03.08.22:747][644]LogModuleManager: Shutting down and abandoning module AutomationController (114)
[2015.09.27-03.08.22:747][644]LogModuleManager: Shutting down and abandoning module AutomationWorker (113)
[2015.09.27-03.08.22:747][644]LogModuleManager: Shutting down and abandoning module CharacterAI (112)
[2015.09.27-03.08.22:747][644]LogModuleManager: Shutting down and abandoning module AITestSuite (111)
[2015.09.27-03.08.22:747][644]LogModuleManager: Shutting down and abandoning module GameplayDebugger (110)
[2015.09.27-03.08.22:747][644]LogModuleManager: Shutting down and abandoning module AIModule (109)
[2015.09.27-03.08.22:747][644]LogModuleManager: Shutting down and abandoning module GameLiveStreaming (108)
[2015.09.27-03.08.22:747][644]LogModuleManager: Shutting down and abandoning module StreamingPauseRendering (107)
[2015.09.27-03.08.22:747][644]LogModuleManager: Shutting down and abandoning module ProfilerService (106)
[2015.09.27-03.08.22:819][644]LogModuleManager: Shutting down and abandoning module TaskGraph (105)
[2015.09.27-03.08.22:819][644]LogModuleManager: Shutting down and abandoning module SlateRemote (104)
[2015.09.27-03.08.22:819][644]LogModuleManager: Shutting down and abandoning module SteamVRController (103)
[2015.09.27-03.08.22:819][644]LogModuleManager: Shutting down and abandoning module SteamVR (102)
[2015.09.27-03.08.22:819][644]LogModuleManager: Shutting down and abandoning module ProceduralMeshComponent (101)
[2015.09.27-03.08.22:819][644]LogModuleManager: Shutting down and abandoning module OculusRift (100)
[2015.09.27-03.08.22:819][644]LogModuleManager: Shutting down and abandoning module OculusLibrary (99)
[2015.09.27-03.08.22:819][644]LogModuleManager: Shutting down and abandoning module LeapMotionController (98)
[2015.09.27-03.08.22:829][644]LogModuleManager: Shutting down and abandoning module CustomMeshComponent (97)
[2015.09.27-03.08.22:829][644]LogModuleManager: Shutting down and abandoning module CableComponent (96)
[2015.09.27-03.08.22:829][644]LogModuleManager: Shutting down and abandoning module ArchVisCharacter (95)
[2015.09.27-03.08.22:829][644]LogModuleManager: Shutting down and abandoning module HTML5Networking (94)
[2015.09.27-03.08.22:829][644]LogModuleManager: Shutting down and abandoning module DesktopPlatform (93)
[2015.09.27-03.08.22:829][644]LogModuleManager: Shutting down and abandoning module DirectoryWatcher (92)
[2015.09.27-03.08.22:829][644]LogModuleManager: Shutting down and abandoning module HotReload (91)
[2015.09.27-03.08.22:829][644]LogModuleManager: Shutting down and abandoning module VisualStudioSourceCodeAccess (90)
[2015.09.27-03.08.22:829][644]LogModuleManager: Shutting down and abandoning module UObjectPlugin (89)
[2015.09.27-03.08.22:829][644]LogModuleManager: Shutting down and abandoning module SubversionSourceControl (88)
[2015.09.27-03.08.22:829][644]LogModuleManager: Shutting down and abandoning module SourceControl (87)
[2015.09.27-03.08.22:829][644]LogModuleManager: Shutting down and abandoning module PerforceSourceControl (86)
[2015.09.27-03.08.22:829][644]LogModuleManager: Shutting down and abandoning module UdpMessaging (85)
[2015.09.27-03.08.22:829][644]LogModuleManager: Shutting down and abandoning module LightPropagationVolumeRuntime (84)
[2015.09.27-03.08.22:829][644]LogModuleManager: Shutting down and abandoning module Paper2D (83)
[2015.09.27-03.08.22:829][644]LogModuleManager: Shutting down and abandoning module WindowsMoviePlayer (82)
[2015.09.27-03.08.22:831][644]LogModuleManager: Shutting down and abandoning module Media (81)
[2015.09.27-03.08.22:831][644]LogModuleManager: Shutting down and abandoning module WmfMedia (80)
[2015.09.27-03.08.22:832][644]LogModuleManager: Shutting down and abandoning module OnlineBlueprintSupport (79)
[2015.09.27-03.08.22:832][644]LogModuleManager: Shutting down and abandoning module GameplayTasksEditor (78)
[2015.09.27-03.08.22:832][644]LogModuleManager: Shutting down and abandoning module PropertyEditor (77)
[2015.09.27-03.08.22:832][644]LogModuleManager: Shutting down and abandoning module BehaviorTreeEditor (76)
[2015.09.27-03.08.22:832][644]LogModuleManager: Shutting down and abandoning module FunctionalTesting (75)
[2015.09.27-03.08.22:832][644]LogModuleManager: Shutting down and abandoning module CollisionAnalyzer (74)
[2015.09.27-03.08.22:832][644]LogModuleManager: Shutting down and abandoning module WorkspaceMenuStructure (73)
[2015.09.27-03.08.22:832][644]LogModuleManager: Shutting down and abandoning module MessageLog (72)
[2015.09.27-03.08.22:832][644]LogModuleManager: Shutting down and abandoning module Sequencer (71)
[2015.09.27-03.08.22:832][644]LogModuleManager: Shutting down and abandoning module AssetTools (70)
[2015.09.27-03.08.22:832][644]LogModuleManager: Shutting down and abandoning module UMGEditor (69)
[2015.09.27-03.08.22:832][644]LogModuleManager: Shutting down and abandoning module UMG (68)
[2015.09.27-03.08.22:832][644]LogModuleManager: Shutting down and abandoning module Slate (67)
[2015.09.27-03.08.22:832][644]LogModuleManager: Shutting down and abandoning module EditorStyle (66)
[2015.09.27-03.08.22:834][644]LogModuleManager: Shutting down and abandoning module SessionServices (65)
[2015.09.27-03.08.22:834][644]LogModuleManager: Shutting down and abandoning module SourceCodeAccess (64)
[2015.09.27-03.08.22:834][644]LogModuleManager: Shutting down and abandoning module HeadMountedDisplay (63)
[2015.09.27-03.08.22:834][644]LogModuleManager: Shutting down and abandoning module XAudio2 (62)
[2015.09.27-03.08.22:834][644]LogModuleManager: Shutting down and abandoning module Networking (60)
[2015.09.27-03.08.22:834][644]LogModuleManager: Shutting down and abandoning module Core (59)
[2015.09.27-03.08.22:834][644]LogModuleManager: Shutting down and abandoning module KismetCompiler (58)
[2015.09.27-03.08.22:834][644]LogModuleManager: Shutting down and abandoning module PhysXFormats (57)
[2015.09.27-03.08.22:834][644]LogModuleManager: Shutting down and abandoning module MeshUtilities (56)
[2015.09.27-03.08.22:834][644]LogModuleManager: Shutting down and abandoning module CookingStats (55)
[2015.09.27-03.08.22:834][644]LogModuleManager: Shutting down and abandoning module DerivedDataCache (54)
[2015.09.27-03.08.23:150][644]LogDerivedDataCache: Shutdown
[2015.09.27-03.08.23:150][644]LogModuleManager: Shutting down and abandoning module ShaderFormatOpenGL (53)
[2015.09.27-03.08.23:150][644]LogModuleManager: Shutting down and abandoning module ShaderFormatD3D (52)
[2015.09.27-03.08.23:150][644]LogModuleManager: Shutting down and abandoning module MetalShaderFormat (51)
[2015.09.27-03.08.23:150][644]LogModuleManager: Shutting down and abandoning module TextureFormatUncompressed (50)
[2015.09.27-03.08.23:150][644]LogModuleManager: Shutting down and abandoning module TextureFormatPVR (49)
[2015.09.27-03.08.23:150][644]LogModuleManager: Shutting down and abandoning module TextureFormatIntelISPCTexComp (48)
[2015.09.27-03.08.23:150][644]LogModuleManager: Shutting down and abandoning module TextureFormatDXT (47)
[2015.09.27-03.08.23:150][644]LogModuleManager: Shutting down and abandoning module ImageWrapper (46)
[2015.09.27-03.08.23:150][644]LogModuleManager: Shutting down and abandoning module TextureFormatASTC (45)
[2015.09.27-03.08.23:150][644]LogModuleManager: Shutting down and abandoning module TextureFormatAndroid (44)
[2015.09.27-03.08.23:150][644]LogModuleManager: Shutting down and abandoning module AudioFormatOpus (43)
[2015.09.27-03.08.23:150][644]LogModuleManager: Shutting down and abandoning module AudioFormatOgg (42)
[2015.09.27-03.08.23:150][644]LogModuleManager: Shutting down and abandoning module AudioFormatADPCM (41)
[2015.09.27-03.08.23:150][644]LogModuleManager: Shutting down and abandoning module LinuxTargetPlatform (40)
[2015.09.27-03.08.23:150][644]LogModuleManager: Shutting down and abandoning module LinuxServerTargetPlatform (39)
[2015.09.27-03.08.23:150][644]LogModuleManager: Shutting down and abandoning module LinuxNoEditorTargetPlatform (38)
[2015.09.27-03.08.23:150][644]LogModuleManager: Shutting down and abandoning module Messaging (37)
[2015.09.27-03.08.23:150][644]LogModuleManager: Shutting down and abandoning module IOSTargetPlatform (36)
[2015.09.27-03.08.23:150][644]LogModuleManager: Shutting down and abandoning module HTML5TargetPlatform (35)
[2015.09.27-03.08.23:150][644]LogModuleManager: Shutting down and abandoning module Android_PVRTCTargetPlatform (34)
[2015.09.27-03.08.23:150][644]LogModuleManager: Shutting down and abandoning module Android_ETC2TargetPlatform (33)
[2015.09.27-03.08.23:150][644]LogModuleManager: Shutting down and abandoning module Android_ETC1TargetPlatform (32)
[2015.09.27-03.08.23:150][644]LogModuleManager: Shutting down and abandoning module Android_DXTTargetPlatform (31)
[2015.09.27-03.08.23:150][644]LogModuleManager: Shutting down and abandoning module Android_ATCTargetPlatform (30)
[2015.09.27-03.08.23:150][644]LogModuleManager: Shutting down and abandoning module Android_ASTCTargetPlatform (29)
[2015.09.27-03.08.23:150][644]LogModuleManager: Shutting down and abandoning module AndroidTargetPlatform (28)
[2015.09.27-03.08.23:151][644]LogModuleManager: Shutting down and abandoning module WindowsTargetPlatform (27)
[2015.09.27-03.08.23:151][644]LogModuleManager: Shutting down and abandoning module WindowsServerTargetPlatform (26)
[2015.09.27-03.08.23:151][644]LogModuleManager: Shutting down and abandoning module WindowsNoEditorTargetPlatform (25)
[2015.09.27-03.08.23:151][644]LogModuleManager: Shutting down and abandoning module WindowsClientTargetPlatform (24)
[2015.09.27-03.08.23:151][644]LogModuleManager: Shutting down and abandoning module AllDesktopTargetPlatform (23)
[2015.09.27-03.08.23:151][644]LogModuleManager: Shutting down and abandoning module TargetPlatform (22)
[2015.09.27-03.08.23:151][644]LogModuleManager: Shutting down and abandoning module InputCore (21)
[2015.09.27-03.08.23:151][644]LogModuleManager: Shutting down and abandoning module Settings (20)
[2015.09.27-03.08.23:151][644]LogModuleManager: Shutting down and abandoning module OnlineSubsystem (18)
[2015.09.27-03.08.23:151][644]LogModuleManager: Shutting down and abandoning module HTTP (17)
[2015.09.27-03.08.23:151][644]LogModuleManager: Shutting down and abandoning module XMPP (16)
[2015.09.27-03.08.23:151][644]LogModuleManager: Shutting down and abandoning module ExampleDeviceProfileSelector (15)
[2015.09.27-03.08.23:151][644]LogModuleManager: Shutting down and abandoning module TextureCompressor (14)
[2015.09.27-03.08.23:151][644]LogModuleManager: Shutting down and abandoning module ShaderCore (13)
[2015.09.27-03.08.23:151][644]LogModuleManager: Shutting down and abandoning module Landscape (12)
[2015.09.27-03.08.23:151][644]LogModuleManager: Shutting down and abandoning module SlateRHIRenderer (11)
[2015.09.27-03.08.23:151][644]LogModuleManager: Shutting down and abandoning module OpenGLDrv (10)
[2015.09.27-03.08.23:151][644]LogModuleManager: Shutting down and abandoning module D3D11RHI (9)
[2015.09.27-03.08.23:151][644]LogModuleManager: Shutting down and abandoning module AnimGraphRuntime (8)
[2015.09.27-03.08.23:151][644]LogModuleManager: Shutting down and abandoning module Renderer (7)
[2015.09.27-03.08.23:151][644]LogModuleManager: Shutting down and abandoning module Engine (6)
[2015.09.27-03.08.23:151][644]LogModuleManager: Shutting down and abandoning module CoreUObject (5)
[2015.09.27-03.08.23:151][644]LogModuleManager: Shutting down and abandoning module NetworkFile (4)
[2015.09.27-03.08.23:151][644]LogModuleManager: Shutting down and abandoning module StreamingFile (3)
[2015.09.27-03.08.23:151][644]LogModuleManager: Shutting down and abandoning module SandboxFile (2)
[2015.09.27-03.08.23:151][644]LogModuleManager: Shutting down and abandoning module PakFile (1)
[2015.09.27-03.08.23:152][644]LogExit: Exiting.
[2015.09.27-03.08.23:153][644]Log file closed, 09/26/15 23:08:23
