[2015.09.28-20.31.27:684][  0]Log file open, 09/28/15 16:31:27
[2015.09.28-20.31.27:684][  0]LogInit:Display: Running engine for game: TrialThirdPerson
[2015.09.28-20.31.27:684][  0]LogInit:Display: RandInit(609881641) SRandInit(609881641).
[2015.09.28-20.31.27:684][  0]LogTaskGraph: Started task graph with 4 named threads and 7 total threads.
[2015.09.28-20.31.27:684][  0]LogStats: Stats thread started at 0.292941
[2015.09.28-20.31.27:684][  0]LogInit: Version: 4.9.1-2689999+++depot+UE4-Releases+4.9
[2015.09.28-20.31.27:684][  0]LogInit: API Version: 2672455
[2015.09.28-20.31.27:684][  0]LogInit: Compiled (64-bit): Sep 14 2015 04:12:03
[2015.09.28-20.31.27:684][  0]LogInit: Compiled with Visual C++: 18.00.21005.01
[2015.09.28-20.31.27:684][  0]LogInit: Build Configuration: Development
[2015.09.28-20.31.27:684][  0]LogInit: Branch Name: ++depot+UE4-Releases+4.9
[2015.09.28-20.31.27:684][  0]LogInit: Command line:  /Temp/Autosaves/Game/StarterContent/Maps/UEDPCMinimal_Default -game -PIEVIACONSOLE -ResX=1920 -ResY=1080  -Multiprocess 
[2015.09.28-20.31.27:684][  0]LogInit: Base directory: D:/Program Files (x86)/Epic Games/4.9/Engine/Binaries/Win64/
[2015.09.28-20.31.27:684][  0]LogInit: Rocket: 1
[2015.09.28-20.31.27:720][  0]LogInit: Using libcurl 7.41.0
[2015.09.28-20.31.27:720][  0]LogInit:  - built for x86_64-pc-win32
[2015.09.28-20.31.27:720][  0]LogInit:  - supports SSL with WinSSL
[2015.09.28-20.31.27:720][  0]LogInit:  - other features:
[2015.09.28-20.31.27:720][  0]LogInit:      CURL_VERSION_SSL
[2015.09.28-20.31.27:720][  0]LogInit:      CURL_VERSION_IPV6
[2015.09.28-20.31.27:720][  0]LogInit:      CURL_VERSION_ASYNCHDNS
[2015.09.28-20.31.27:720][  0]LogInit:      CURL_VERSION_LARGEFILE
[2015.09.28-20.31.27:720][  0]LogInit:      CURL_VERSION_IDN
[2015.09.28-20.31.27:720][  0]LogInit:  CurlRequestOptions (configurable via config and command line):
[2015.09.28-20.31.27:720][  0]LogInit:  - bVerifyPeer = true  - Libcurl will verify peer certificate
[2015.09.28-20.31.27:720][  0]LogInit:  - bUseHttpProxy = false  - Libcurl will NOT use HTTP proxy
[2015.09.28-20.31.27:720][  0]LogInit:  - bDontReuseConnections = false  - Libcurl will reuse connections
[2015.09.28-20.31.27:720][  0]LogInit:  - CertBundlePath = nullptr  - Libcurl will use whatever was configured at build time.
[2015.09.28-20.31.27:736][  0]LogInit: Presizing for 0 objects not considered by GC, pre-allocating 0 bytes.
[2015.09.28-20.31.27:757][  0]LogInit: Object subsystem initialized
[2015.09.28-20.31.27:761][  0]LogInit: Selected Device Profile: [Windows]
[2015.09.28-20.31.27:761][  0]LogInit: Applying CVar settings loaded from the selected device profile: [Windows]
[2015.09.28-20.31.27:768][  0]LogInit: Computer: DIGITALSTORM-PC
[2015.09.28-20.31.27:768][  0]LogInit: User: Juan
[2015.09.28-20.31.27:769][  0]LogInit: CPU Page size=4096, Cores=4
[2015.09.28-20.31.27:769][  0]LogInit: High frequency timer resolution =3.507503 MHz
[2015.09.28-20.31.27:769][  0]LogMemory: Memory total: Physical=8.0GB (8GB approx)
[2015.09.28-20.31.27:769][  0]LogMemory: Platform Memory Stats for Windows
[2015.09.28-20.31.27:769][  0]LogMemory: Process Physical Memory: 56.05 MB used, 56.05 MB peak
[2015.09.28-20.31.27:769][  0]LogMemory: Process Virtual Memory: 57.25 MB used, 57.25 MB peak
[2015.09.28-20.31.27:769][  0]LogMemory: Physical Memory: 4510.40 MB used, 8149.59 MB total
[2015.09.28-20.31.27:769][  0]LogMemory: Virtual Memory: 356.15 MB used, 134217728.00 MB total
[2015.09.28-20.31.27:856][  0]LogTextLocalizationManager: No specific translations for ('en-US') exist, so ('en') translations will be used.
[2015.09.28-20.31.28:918][  0]LogD3D11RHI: Found D3D11 adapter 0: NVIDIA GeForce GTX 980M        (Feature Level 11_0)
[2015.09.28-20.31.28:918][  0]LogD3D11RHI: Adapter has 8039MB of dedicated video memory, 0MB of dedicated system memory, and 4074MB of shared system memory, 1 output[s]
[2015.09.28-20.31.28:922][  0]LogD3D11RHI: Found D3D11 adapter 1: Microsoft Basic Render Driver (Feature Level 11_0)
[2015.09.28-20.31.28:922][  0]LogD3D11RHI: Adapter has 0MB of dedicated video memory, 0MB of dedicated system memory, and 256MB of shared system memory, 0 output[s]
[2015.09.28-20.31.28:922][  0]LogD3D11RHI: Chosen D3D11 Adapter Id = 0
[2015.09.28-20.31.28:927][  0]LogD3D11RHI: !Direct3DDevice
[2015.09.28-20.31.28:927][  0]LogRHI: Texture pool is 1361 MB (70% of 1945 MB)
[2015.09.28-20.31.28:947][  0]LogD3D11RHI: Async texture creation enabled
[2015.09.28-20.31.28:966][  0]LogShaderCompilers: Guid format shader working directory is 15 characters bigger than the processId version (C:/Users/Juan/Dropbox/Game Design Class/Francisco's Stuff/TrialThirdPerson/Intermediate/Shaders/WorkingDirectory/1728/).
[2015.09.28-20.31.28:966][  0]LogShaderCompilers: Cleaned the shader compiler working directory 'C:/Users/Juan/Dropbox/Game Design Class/Francisco's Stuff/TrialThirdPerson/Intermediate/Shaders/tmp/17B9E5EE45E8B39510B3BB9C737EAB62/'.
[2015.09.28-20.31.28:966][  0]LogShaderCompilers:Display: Using Local Shader Compiler.
[2015.09.28-20.31.31:032][  0]LogTemp:Display: Loaded TP AllDesktopTargetPlatform
[2015.09.28-20.31.31:042][  0]LogTemp:Display: Loaded TP WindowsClientTargetPlatform
[2015.09.28-20.31.31:058][  0]LogTemp:Display: Loaded TP WindowsNoEditorTargetPlatform
[2015.09.28-20.31.31:068][  0]LogTemp:Display: Loaded TP WindowsServerTargetPlatform
[2015.09.28-20.31.31:077][  0]LogTemp:Display: Loaded TP WindowsTargetPlatform
[2015.09.28-20.31.31:085][  0]LogTemp:Display: Loaded TP AndroidTargetPlatform
[2015.09.28-20.31.31:093][  0]LogTemp:Display: Loaded TP Android_ASTCTargetPlatform
[2015.09.28-20.31.31:102][  0]LogTemp:Display: Loaded TP Android_ATCTargetPlatform
[2015.09.28-20.31.31:110][  0]LogTemp:Display: Loaded TP Android_DXTTargetPlatform
[2015.09.28-20.31.31:123][  0]LogTemp:Display: Loaded TP Android_ETC1TargetPlatform
[2015.09.28-20.31.31:133][  0]LogTemp:Display: Loaded TP Android_ETC2TargetPlatform
[2015.09.28-20.31.31:146][  0]LogTemp:Display: Loaded TP Android_PVRTCTargetPlatform
[2015.09.28-20.31.31:149][  0]LogTemp:Display: Loaded TP HTML5TargetPlatform
[2015.09.28-20.31.31:179][  0]LogTemp:Display: Loaded TP IOSTargetPlatform
[2015.09.28-20.31.31:187][  0]LogTemp:Display: Loaded TP LinuxNoEditorTargetPlatform
[2015.09.28-20.31.31:195][  0]LogTemp:Display: Loaded TP LinuxServerTargetPlatform
[2015.09.28-20.31.31:202][  0]LogTemp:Display: Loaded TP LinuxTargetPlatform
[2015.09.28-20.31.31:202][  0]LogTargetPlatformManager:Display: Building Assets For Windows
[2015.09.28-20.31.31:350][  0]LogDerivedDataCache:Display: Max Cache Size: 512 MB
[2015.09.28-20.31.31:425][  0]LogDerivedDataCache: Loaded boot cache 0.07s 41MB C:/Users/Juan/AppData/Local/UnrealEngine/4.9/DerivedDataCache/Boot.ddc.
[2015.09.28-20.31.31:425][  0]LogDerivedDataCache:Display: Loaded Boot cache: C:/Users/Juan/AppData/Local/UnrealEngine/4.9/DerivedDataCache/Boot.ddc
[2015.09.28-20.31.31:425][  0]LogDerivedDataCache: FDerivedDataBackendGraph:  Pak pak cache file C:/Users/Juan/Dropbox/Game Design Class/Francisco's Stuff/TrialThirdPerson/DerivedDataCache/DDC.ddp not found, will not use a pak cache.
[2015.09.28-20.31.31:425][  0]LogDerivedDataCache: Unable to find inner node Pak for hierarchical cache Hierarchy.
[2015.09.28-20.31.31:425][  0]LogDerivedDataCache: FDerivedDataBackendGraph:  CompressedPak pak cache file C:/Users/Juan/Dropbox/Game Design Class/Francisco's Stuff/TrialThirdPerson/DerivedDataCache/Compressed.ddp not found, will not use a pak cache.
[2015.09.28-20.31.31:425][  0]LogDerivedDataCache: Unable to find inner node CompressedPak for hierarchical cache Hierarchy.
[2015.09.28-20.31.31:664][  0]LogDerivedDataCache:Display: Pak cache opened for reading ../../../Engine/DerivedDataCache/Compressed.ddp.
[2015.09.28-20.31.31:676][  0]LogDerivedDataCache: Using Local data cache path C:/Users/Juan/AppData/Local/UnrealEngine/Common/DerivedDataCache: Writable
[2015.09.28-20.31.31:954][  0]LogInit: Selected Device Profile: [Windows]
[2015.09.28-20.31.31:955][  0]LogContentStreaming: Texture pool size is 1000.000000MB
[2015.09.28-20.31.32:181][  0]LogMeshUtilities: No automatic mesh reduction module available
[2015.09.28-20.31.32:181][  0]LogMeshUtilities: No automatic mesh merging module available
[2015.09.28-20.31.32:554][  0]LogInit: WinSock: version 1.1 (2.2), MaxSocks=32767, MaxUdp=65467
[2015.09.28-20.31.32:825][  0]LogWindowsMoviePlayer: Unable to load movie: C:/Users/Juan/Dropbox/Game Design Class/Francisco's Stuff/TrialThirdPerson/Content/Movies/Default_Startup.mp4
[2015.09.28-20.31.32:981][  0]SourceControl: Info Source control is disabled
[2015.09.28-20.31.32:982][  0]SourceControl: Info Source control is disabled
[2015.09.28-20.31.33:005][  0]SourceControl: Info Source control is disabled
[2015.09.28-20.31.33:169][  0]LogLinker:Warning: Asset '../../../Engine/Plugins/Runtime/LeapMotionController/Content/LM_PassthroughMaterial.uasset' has been saved with empty engine version. The asset will be loaded but may be incompatible.
[2015.09.28-20.31.33:313][  0]LogObj: 27669 objects as part of root set at end of initial load.
[2015.09.28-20.31.33:313][  0]LogUObjectAllocator: 5775704 out of 0 bytes used by permanent object pool.
[2015.09.28-20.31.33:416][  0]LogEngine: Initializing Engine...
[2015.09.28-20.31.33:419][  0]LogHMD: Can't find Oculus library dev build: is proper Runtime installed? Version: 0.7.0.0
[2015.09.28-20.31.33:436][  0]LogHMD: SteamVR failed to initialize.  Err: 108
[2015.09.28-20.31.33:602][  0]LogInit: XAudio2 using 'Speakers (Realtek High Definition Audio)' : 2 channels at 48 kHz using 32 bits per sample (channel mask 0x3)
[2015.09.28-20.31.33:621][  0]LogInit: FAudioDevice initialized.
[2015.09.28-20.31.33:625][  0]LogInit: Texture streaming: Enabled
[2015.09.28-20.31.33:722][  0]LogNet: Browse: /Temp/Autosaves/Game/StarterContent/Maps/UEDPCMinimal_Default?Name=Player
[2015.09.28-20.31.33:724][  0]LogLoad: LoadMap: /Temp/Autosaves/Game/StarterContent/Maps/UEDPCMinimal_Default?Name=Player
[2015.09.28-20.31.33:740][  0]LogParticles: Destroying 0 GPU particle simulations for FXSystem 0x0000001FAAEDF560
[2015.09.28-20.31.33:754][  0]LogMemory: Platform Memory Stats for Windows
[2015.09.28-20.31.33:754][  0]LogMemory: Process Physical Memory: 371.53 MB used, 371.53 MB peak
[2015.09.28-20.31.33:754][  0]LogMemory: Process Virtual Memory: 335.30 MB used, 335.30 MB peak
[2015.09.28-20.31.33:754][  0]LogMemory: Physical Memory: 4697.77 MB used, 8149.59 MB total
[2015.09.28-20.31.33:754][  0]LogMemory: Virtual Memory: 864.18 MB used, 134217728.00 MB total
[2015.09.28-20.31.33:754][  0]LogMemory: 
[2015.09.28-20.31.33:754][  0]Allocator Stats for TBB: (not implemented)
[2015.09.28-20.31.35:025][  0]LogAIModule: Creating AISystem for world Minimal_Default
[2015.09.28-20.31.35:025][  0]LogWorld: Game class is 'MyGame_C'
[2015.09.28-20.31.35:061][  0]LogWorld: Bringing World /Temp/Autosaves/Game/StarterContent/Maps/UEDPCMinimal_Default.Minimal_Default up for play (max tick rate 0) at 2015.09.28-16.31.35
[2015.09.28-20.31.35:062][  0]LogWorld: Bringing up level for play took: 0.035443
[2015.09.28-20.31.35:070][  0]LogInit:Display: Game Engine Initialized.
[2015.09.28-20.31.35:298][  0]LogLoad: Full Startup: 8.28 seconds (BP compile: 0.34 seconds)
[2015.09.28-20.31.35:399][  0]LogRenderer: Reallocating scene render targets to support 128x128 (Frame:1).
[2015.09.28-20.31.35:506][  1]LogRenderer: Reallocating scene render targets to support 1920x1080 (Frame:2).
[2015.09.28-20.31.37:320][109]LogBlueprintUserMessages: [MyCharacter_C_0] 0.0
[2015.09.28-20.31.39:328][233]LogBlueprintUserMessages: [MyCharacter_C_0] 0.0
[2015.09.28-20.31.41:322][355]LogBlueprintUserMessages: [MyCharacter_C_0] 0.0
[2015.09.28-20.31.43:322][479]LogBlueprintUserMessages: [MyCharacter_C_0] 0.0
[2015.09.28-20.31.45:322][603]LogBlueprintUserMessages: [MyCharacter_C_0] 0.0
[2015.09.28-20.31.47:322][727]LogBlueprintUserMessages: [MyCharacter_C_0] 0.0
[2015.09.28-20.31.49:322][851]LogBlueprintUserMessages: [MyCharacter_C_0] 0.0
[2015.09.28-20.31.51:322][975]LogBlueprintUserMessages: [MyCharacter_C_0] 0.0
[2015.09.28-20.31.53:323][ 99]LogBlueprintUserMessages: [MyCharacter_C_0] 0.0
[2015.09.28-20.31.55:323][223]LogBlueprintUserMessages: [MyCharacter_C_0] 0.0
[2015.09.28-20.31.57:323][347]LogBlueprintUserMessages: [MyCharacter_C_0] 0.0
[2015.09.28-20.31.59:322][471]LogBlueprintUserMessages: [MyCharacter_C_0] 0.0
[2015.09.28-20.32.01:319][594]LogBlueprintUserMessages: [MyCharacter_C_0] 0.0
[2015.09.28-20.32.03:319][718]LogBlueprintUserMessages: [MyCharacter_C_0] 0.0
[2015.09.28-20.32.05:319][842]LogBlueprintUserMessages: [MyCharacter_C_0] 0.0
[2015.09.28-20.32.07:319][966]LogBlueprintUserMessages: [MyCharacter_C_0] 0.0
[2015.09.28-20.32.09:320][ 90]LogBlueprintUserMessages: [MyCharacter_C_0] 0.0
[2015.09.28-20.32.11:319][213]LogBlueprintUserMessages: [MyCharacter_C_0] 0.0
[2015.09.28-20.32.13:322][337]LogBlueprintUserMessages: [MyCharacter_C_0] 0.0
[2015.09.28-20.32.15:330][460]LogBlueprintUserMessages: [MyCharacter_C_0] 0.0
[2015.09.28-20.32.17:321][579]LogBlueprintUserMessages: [MyCharacter_C_0] 0.0
[2015.09.28-20.32.19:328][698]LogBlueprintUserMessages: [MyCharacter_C_0] 0.0
[2015.09.28-20.32.21:329][822]LogBlueprintUserMessages: [MyCharacter_C_0] 0.0
[2015.09.28-20.32.23:316][945]LogBlueprintUserMessages: [MyCharacter_C_0] 0.0
[2015.09.28-20.32.25:323][ 69]LogBlueprintUserMessages: [MyCharacter_C_0] 0.0
[2015.09.28-20.32.27:326][193]LogBlueprintUserMessages: [MyCharacter_C_0] 0.0
[2015.09.28-20.32.29:323][312]LogBlueprintUserMessages: [MyCharacter_C_0] 680.149353
[2015.09.28-20.32.31:320][429]LogBlueprintUserMessages: [MyCharacter_C_0] 1417.918335
[2015.09.28-20.32.33:324][545]LogBlueprintUserMessages: [MyCharacter_C_0] 2370.131592
[2015.09.28-20.32.35:434][663]LogBlueprintUserMessages: [MyCharacter_C_0] 2759.17627
[2015.09.28-20.32.37:325][779]LogBlueprintUserMessages: [MyCharacter_C_0] 2855.980469
[2015.09.28-20.32.39:322][897]LogBlueprintUserMessages: [MyCharacter_C_0] 2986.294678
[2015.09.28-20.32.41:327][ 10]LogBlueprintUserMessages: [MyCharacter_C_0] 2986.294678
[2015.09.28-20.32.43:327][126]LogBlueprintUserMessages: [MyCharacter_C_0] 3233.116211
[2015.09.28-20.32.45:321][244]LogBlueprintUserMessages: [MyCharacter_C_0] 3950.751465
[2015.09.28-20.32.47:325][367]LogBlueprintUserMessages: [MyCharacter_C_0] 4006.682861
[2015.09.28-20.32.49:329][487]LogBlueprintUserMessages: [MyCharacter_C_0] 4121.838867
[2015.09.28-20.32.51:333][606]LogBlueprintUserMessages: [MyCharacter_C_0] 5158.989258
[2015.09.28-20.32.53:329][723]LogBlueprintUserMessages: [MyCharacter_C_0] 5512.978027
[2015.09.28-20.32.55:330][842]LogBlueprintUserMessages: [MyCharacter_C_0] 5794.758301
[2015.09.28-20.32.57:323][960]LogBlueprintUserMessages: [MyCharacter_C_0] 6151.807617
[2015.09.28-20.32.59:316][ 82]LogBlueprintUserMessages: [MyCharacter_C_0] 6151.807617
[2015.09.28-20.33.01:333][199]LogBlueprintUserMessages: [MyCharacter_C_0] 6151.807617
[2015.09.28-20.33.03:316][318]LogBlueprintUserMessages: [MyCharacter_C_0] 6396.129395
[2015.09.28-20.33.05:319][442]LogBlueprintUserMessages: [MyCharacter_C_0] 6396.129395
[2015.09.28-20.33.07:323][566]LogBlueprintUserMessages: [MyCharacter_C_0] 6396.129395
[2015.09.28-20.33.09:325][690]LogBlueprintUserMessages: [MyCharacter_C_0] 6396.129395
[2015.09.28-20.33.11:317][811]LogBlueprintUserMessages: [MyCharacter_C_0] 6396.129395
[2015.09.28-20.33.13:318][935]LogBlueprintUserMessages: [MyCharacter_C_0] 6396.129395
[2015.09.28-20.33.15:329][ 59]LogBlueprintUserMessages: [MyCharacter_C_0] 6627.178223
[2015.09.28-20.33.17:326][176]LogBlueprintUserMessages: [MyCharacter_C_0] 7198.064453
[2015.09.28-20.33.19:322][294]LogBlueprintUserMessages: [MyCharacter_C_0] 7491.705078
[2015.09.28-20.33.21:324][414]LogBlueprintUserMessages: [MyCharacter_C_0] 8075.540527
[2015.09.28-20.33.23:323][533]LogBlueprintUserMessages: [MyCharacter_C_0] 8319.012695
[2015.09.28-20.33.25:323][652]LogBlueprintUserMessages: [MyCharacter_C_0] 9025.523438
[2015.09.28-20.33.27:331][776]LogBlueprintUserMessages: [MyCharacter_C_0] 9025.523438
[2015.09.28-20.33.29:320][895]LogBlueprintUserMessages: [MyCharacter_C_0] 9025.523438
[2015.09.28-20.33.31:327][  2]LogBlueprintUserMessages: [MyCharacter_C_0] 9025.523438
[2015.09.28-20.33.33:334][105]LogBlueprintUserMessages: [MyCharacter_C_0] 9025.523438
[2015.09.28-20.33.35:318][214]LogBlueprintUserMessages: [MyCharacter_C_0] 9232.021484
[2015.09.28-20.33.37:318][319]LogBlueprintUserMessages: [MyCharacter_C_0] 9421.624023
[2015.09.28-20.33.39:329][423]LogBlueprintUserMessages: [MyCharacter_C_0] 9421.624023
[2015.09.28-20.33.41:331][530]LogBlueprintUserMessages: [MyCharacter_C_0] 9428.447266
[2015.09.28-20.33.43:324][637]LogBlueprintUserMessages: [MyCharacter_C_0] 10172.75
[2015.09.28-20.33.45:334][741]LogBlueprintUserMessages: [MyCharacter_C_0] 10736.802734
[2015.09.28-20.33.47:318][844]LogBlueprintUserMessages: [MyCharacter_C_0] 10763.689453
[2015.09.28-20.33.49:336][948]LogBlueprintUserMessages: [MyCharacter_C_0] 10864.708008
[2015.09.28-20.33.51:326][ 59]LogBlueprintUserMessages: [MyCharacter_C_0] 11995.429688
[2015.09.28-20.33.53:329][176]LogBlueprintUserMessages: [MyCharacter_C_0] 12813.695313
[2015.09.28-20.33.55:325][285]LogBlueprintUserMessages: [MyCharacter_C_0] 13294.980469
[2015.09.28-20.33.57:317][396]LogBlueprintUserMessages: [MyCharacter_C_0] 13294.980469
[2015.09.28-20.33.59:335][508]LogBlueprintUserMessages: [MyCharacter_C_0] 13294.980469
[2015.09.28-20.34.01:317][618]LogBlueprintUserMessages: [MyCharacter_C_0] 13294.980469
[2015.09.28-20.34.03:321][729]LogBlueprintUserMessages: [MyCharacter_C_0] 13294.980469
[2015.09.28-20.34.05:324][839]LogBlueprintUserMessages: [MyCharacter_C_0] 13294.980469
[2015.09.28-20.34.07:330][949]LogBlueprintUserMessages: [MyCharacter_C_0] 13294.980469
[2015.09.28-20.34.09:329][ 59]LogBlueprintUserMessages: [MyCharacter_C_0] 13294.980469
[2015.09.28-20.34.11:319][168]LogBlueprintUserMessages: [MyCharacter_C_0] 13294.980469
[2015.09.28-20.34.13:323][278]LogBlueprintUserMessages: [MyCharacter_C_0] 13294.980469
[2015.09.28-20.34.15:320][389]LogBlueprintUserMessages: [MyCharacter_C_0] 13294.980469
[2015.09.28-20.34.17:327][500]LogBlueprintUserMessages: [MyCharacter_C_0] 13294.980469
[2015.09.28-20.34.19:335][611]LogBlueprintUserMessages: [MyCharacter_C_0] 13294.980469
[2015.09.28-20.34.21:323][721]LogBlueprintUserMessages: [MyCharacter_C_0] 13294.980469
[2015.09.28-20.34.23:323][832]LogBlueprintUserMessages: [MyCharacter_C_0] 13294.980469
[2015.09.28-20.34.25:320][943]LogBlueprintUserMessages: [MyCharacter_C_0] 13294.980469
[2015.09.28-20.34.27:325][ 54]LogBlueprintUserMessages: [MyCharacter_C_0] 13294.980469
[2015.09.28-20.34.28:603][122]LogWindowsTextInputMethodSystem:Display: IME system now deactivated.
[2015.09.28-20.34.28:618][122]LogEngine: All Windows Closed
[2015.09.28-20.34.28:618][122]LogWindows: FPlatformMisc::RequestExit(0)
[2015.09.28-20.34.29:542][123]LogExit: Preparing to exit.
[2015.09.28-20.34.29:708][123]LogExit: Game engine shut down
[2015.09.28-20.34.29:711][123]LogParticles: Destroying 0 GPU particle simulations for FXSystem 0x0000001FAD039940
[2015.09.28-20.34.30:213][123]LogExit: Object subsystem successfully closed.
[2015.09.28-20.34.30:242][123]LogD3D11RHI: Shutdown
[2015.09.28-20.34.30:242][123]LogD3D11RHI: CleanupD3DDevice
[2015.09.28-20.34.30:420][123]LogD3D11RHI: ~FD3D11DynamicRHI
[2015.09.28-20.34.30:491][123]LogModuleManager: Shutting down and abandoning module AndroidDeviceDetection (115)
[2015.09.28-20.34.31:415][123]LogModuleManager: Shutting down and abandoning module AutomationController (114)
[2015.09.28-20.34.31:415][123]LogModuleManager: Shutting down and abandoning module AutomationWorker (113)
[2015.09.28-20.34.31:415][123]LogModuleManager: Shutting down and abandoning module CharacterAI (112)
[2015.09.28-20.34.31:415][123]LogModuleManager: Shutting down and abandoning module AITestSuite (111)
[2015.09.28-20.34.31:415][123]LogModuleManager: Shutting down and abandoning module GameplayDebugger (110)
[2015.09.28-20.34.31:415][123]LogModuleManager: Shutting down and abandoning module AIModule (109)
[2015.09.28-20.34.31:415][123]LogModuleManager: Shutting down and abandoning module GameLiveStreaming (108)
[2015.09.28-20.34.31:415][123]LogModuleManager: Shutting down and abandoning module StreamingPauseRendering (107)
[2015.09.28-20.34.31:415][123]LogModuleManager: Shutting down and abandoning module ProfilerService (106)
[2015.09.28-20.34.31:499][123]LogModuleManager: Shutting down and abandoning module TaskGraph (105)
[2015.09.28-20.34.31:499][123]LogModuleManager: Shutting down and abandoning module SlateRemote (104)
[2015.09.28-20.34.31:499][123]LogModuleManager: Shutting down and abandoning module SteamVRController (103)
[2015.09.28-20.34.31:499][123]LogModuleManager: Shutting down and abandoning module SteamVR (102)
[2015.09.28-20.34.31:499][123]LogModuleManager: Shutting down and abandoning module ProceduralMeshComponent (101)
[2015.09.28-20.34.31:499][123]LogModuleManager: Shutting down and abandoning module OculusRift (100)
[2015.09.28-20.34.31:499][123]LogModuleManager: Shutting down and abandoning module OculusLibrary (99)
[2015.09.28-20.34.31:499][123]LogModuleManager: Shutting down and abandoning module LeapMotionController (98)
[2015.09.28-20.34.31:517][123]LogModuleManager: Shutting down and abandoning module CustomMeshComponent (97)
[2015.09.28-20.34.31:517][123]LogModuleManager: Shutting down and abandoning module CableComponent (96)
[2015.09.28-20.34.31:517][123]LogModuleManager: Shutting down and abandoning module ArchVisCharacter (95)
[2015.09.28-20.34.31:517][123]LogModuleManager: Shutting down and abandoning module HTML5Networking (94)
[2015.09.28-20.34.31:517][123]LogModuleManager: Shutting down and abandoning module DesktopPlatform (93)
[2015.09.28-20.34.31:517][123]LogModuleManager: Shutting down and abandoning module DirectoryWatcher (92)
[2015.09.28-20.34.31:517][123]LogModuleManager: Shutting down and abandoning module HotReload (91)
[2015.09.28-20.34.31:517][123]LogModuleManager: Shutting down and abandoning module VisualStudioSourceCodeAccess (90)
[2015.09.28-20.34.31:517][123]LogModuleManager: Shutting down and abandoning module UObjectPlugin (89)
[2015.09.28-20.34.31:517][123]LogModuleManager: Shutting down and abandoning module SubversionSourceControl (88)
[2015.09.28-20.34.31:517][123]LogModuleManager: Shutting down and abandoning module SourceControl (87)
[2015.09.28-20.34.31:517][123]LogModuleManager: Shutting down and abandoning module PerforceSourceControl (86)
[2015.09.28-20.34.31:517][123]LogModuleManager: Shutting down and abandoning module UdpMessaging (85)
[2015.09.28-20.34.31:517][123]LogModuleManager: Shutting down and abandoning module LightPropagationVolumeRuntime (84)
[2015.09.28-20.34.31:517][123]LogModuleManager: Shutting down and abandoning module Paper2D (83)
[2015.09.28-20.34.31:517][123]LogModuleManager: Shutting down and abandoning module WindowsMoviePlayer (82)
[2015.09.28-20.34.31:521][123]LogModuleManager: Shutting down and abandoning module Media (81)
[2015.09.28-20.34.31:521][123]LogModuleManager: Shutting down and abandoning module WmfMedia (80)
[2015.09.28-20.34.31:521][123]LogModuleManager: Shutting down and abandoning module OnlineBlueprintSupport (79)
[2015.09.28-20.34.31:521][123]LogModuleManager: Shutting down and abandoning module GameplayTasksEditor (78)
[2015.09.28-20.34.31:521][123]LogModuleManager: Shutting down and abandoning module PropertyEditor (77)
[2015.09.28-20.34.31:521][123]LogModuleManager: Shutting down and abandoning module BehaviorTreeEditor (76)
[2015.09.28-20.34.31:521][123]LogModuleManager: Shutting down and abandoning module FunctionalTesting (75)
[2015.09.28-20.34.31:521][123]LogModuleManager: Shutting down and abandoning module CollisionAnalyzer (74)
[2015.09.28-20.34.31:521][123]LogModuleManager: Shutting down and abandoning module WorkspaceMenuStructure (73)
[2015.09.28-20.34.31:521][123]LogModuleManager: Shutting down and abandoning module MessageLog (72)
[2015.09.28-20.34.31:521][123]LogModuleManager: Shutting down and abandoning module Sequencer (71)
[2015.09.28-20.34.31:521][123]LogModuleManager: Shutting down and abandoning module AssetTools (70)
[2015.09.28-20.34.31:521][123]LogModuleManager: Shutting down and abandoning module UMGEditor (69)
[2015.09.28-20.34.31:521][123]LogModuleManager: Shutting down and abandoning module UMG (68)
[2015.09.28-20.34.31:521][123]LogModuleManager: Shutting down and abandoning module Slate (67)
[2015.09.28-20.34.31:521][123]LogModuleManager: Shutting down and abandoning module EditorStyle (66)
[2015.09.28-20.34.31:524][123]LogModuleManager: Shutting down and abandoning module SessionServices (65)
[2015.09.28-20.34.31:524][123]LogModuleManager: Shutting down and abandoning module SourceCodeAccess (64)
[2015.09.28-20.34.31:524][123]LogModuleManager: Shutting down and abandoning module HeadMountedDisplay (63)
[2015.09.28-20.34.31:524][123]LogModuleManager: Shutting down and abandoning module XAudio2 (62)
[2015.09.28-20.34.31:524][123]LogModuleManager: Shutting down and abandoning module Networking (60)
[2015.09.28-20.34.31:524][123]LogModuleManager: Shutting down and abandoning module Core (59)
[2015.09.28-20.34.31:524][123]LogModuleManager: Shutting down and abandoning module KismetCompiler (58)
[2015.09.28-20.34.31:524][123]LogModuleManager: Shutting down and abandoning module PhysXFormats (57)
[2015.09.28-20.34.31:524][123]LogModuleManager: Shutting down and abandoning module MeshUtilities (56)
[2015.09.28-20.34.31:524][123]LogModuleManager: Shutting down and abandoning module CookingStats (55)
[2015.09.28-20.34.31:525][123]LogModuleManager: Shutting down and abandoning module DerivedDataCache (54)
[2015.09.28-20.34.31:539][123]LogDerivedDataCache: Shutdown
[2015.09.28-20.34.31:539][123]LogModuleManager: Shutting down and abandoning module ShaderFormatOpenGL (53)
[2015.09.28-20.34.31:539][123]LogModuleManager: Shutting down and abandoning module ShaderFormatD3D (52)
[2015.09.28-20.34.31:539][123]LogModuleManager: Shutting down and abandoning module MetalShaderFormat (51)
[2015.09.28-20.34.31:539][123]LogModuleManager: Shutting down and abandoning module TextureFormatUncompressed (50)
[2015.09.28-20.34.31:539][123]LogModuleManager: Shutting down and abandoning module TextureFormatPVR (49)
[2015.09.28-20.34.31:539][123]LogModuleManager: Shutting down and abandoning module TextureFormatIntelISPCTexComp (48)
[2015.09.28-20.34.31:539][123]LogModuleManager: Shutting down and abandoning module TextureFormatDXT (47)
[2015.09.28-20.34.31:539][123]LogModuleManager: Shutting down and abandoning module ImageWrapper (46)
[2015.09.28-20.34.31:539][123]LogModuleManager: Shutting down and abandoning module TextureFormatASTC (45)
[2015.09.28-20.34.31:539][123]LogModuleManager: Shutting down and abandoning module TextureFormatAndroid (44)
[2015.09.28-20.34.31:539][123]LogModuleManager: Shutting down and abandoning module AudioFormatOpus (43)
[2015.09.28-20.34.31:539][123]LogModuleManager: Shutting down and abandoning module AudioFormatOgg (42)
[2015.09.28-20.34.31:539][123]LogModuleManager: Shutting down and abandoning module AudioFormatADPCM (41)
[2015.09.28-20.34.31:539][123]LogModuleManager: Shutting down and abandoning module LinuxTargetPlatform (40)
[2015.09.28-20.34.31:539][123]LogModuleManager: Shutting down and abandoning module LinuxServerTargetPlatform (39)
[2015.09.28-20.34.31:539][123]LogModuleManager: Shutting down and abandoning module LinuxNoEditorTargetPlatform (38)
[2015.09.28-20.34.31:539][123]LogModuleManager: Shutting down and abandoning module Messaging (37)
[2015.09.28-20.34.31:539][123]LogModuleManager: Shutting down and abandoning module IOSTargetPlatform (36)
[2015.09.28-20.34.31:539][123]LogModuleManager: Shutting down and abandoning module HTML5TargetPlatform (35)
[2015.09.28-20.34.31:539][123]LogModuleManager: Shutting down and abandoning module Android_PVRTCTargetPlatform (34)
[2015.09.28-20.34.31:539][123]LogModuleManager: Shutting down and abandoning module Android_ETC2TargetPlatform (33)
[2015.09.28-20.34.31:539][123]LogModuleManager: Shutting down and abandoning module Android_ETC1TargetPlatform (32)
[2015.09.28-20.34.31:539][123]LogModuleManager: Shutting down and abandoning module Android_DXTTargetPlatform (31)
[2015.09.28-20.34.31:539][123]LogModuleManager: Shutting down and abandoning module Android_ATCTargetPlatform (30)
[2015.09.28-20.34.31:539][123]LogModuleManager: Shutting down and abandoning module Android_ASTCTargetPlatform (29)
[2015.09.28-20.34.31:539][123]LogModuleManager: Shutting down and abandoning module AndroidTargetPlatform (28)
[2015.09.28-20.34.31:539][123]LogModuleManager: Shutting down and abandoning module WindowsTargetPlatform (27)
[2015.09.28-20.34.31:539][123]LogModuleManager: Shutting down and abandoning module WindowsServerTargetPlatform (26)
[2015.09.28-20.34.31:539][123]LogModuleManager: Shutting down and abandoning module WindowsNoEditorTargetPlatform (25)
[2015.09.28-20.34.31:539][123]LogModuleManager: Shutting down and abandoning module WindowsClientTargetPlatform (24)
[2015.09.28-20.34.31:539][123]LogModuleManager: Shutting down and abandoning module AllDesktopTargetPlatform (23)
[2015.09.28-20.34.31:539][123]LogModuleManager: Shutting down and abandoning module TargetPlatform (22)
[2015.09.28-20.34.31:539][123]LogModuleManager: Shutting down and abandoning module InputCore (21)
[2015.09.28-20.34.31:539][123]LogModuleManager: Shutting down and abandoning module Settings (20)
[2015.09.28-20.34.31:539][123]LogModuleManager: Shutting down and abandoning module OnlineSubsystem (18)
[2015.09.28-20.34.31:540][123]LogModuleManager: Shutting down and abandoning module HTTP (17)
[2015.09.28-20.34.31:540][123]LogModuleManager: Shutting down and abandoning module XMPP (16)
[2015.09.28-20.34.31:540][123]LogModuleManager: Shutting down and abandoning module ExampleDeviceProfileSelector (15)
[2015.09.28-20.34.31:540][123]LogModuleManager: Shutting down and abandoning module TextureCompressor (14)
[2015.09.28-20.34.31:540][123]LogModuleManager: Shutting down and abandoning module ShaderCore (13)
[2015.09.28-20.34.31:540][123]LogModuleManager: Shutting down and abandoning module Landscape (12)
[2015.09.28-20.34.31:540][123]LogModuleManager: Shutting down and abandoning module SlateRHIRenderer (11)
[2015.09.28-20.34.31:540][123]LogModuleManager: Shutting down and abandoning module OpenGLDrv (10)
[2015.09.28-20.34.31:540][123]LogModuleManager: Shutting down and abandoning module D3D11RHI (9)
[2015.09.28-20.34.31:540][123]LogModuleManager: Shutting down and abandoning module AnimGraphRuntime (8)
[2015.09.28-20.34.31:540][123]LogModuleManager: Shutting down and abandoning module Renderer (7)
[2015.09.28-20.34.31:540][123]LogModuleManager: Shutting down and abandoning module Engine (6)
[2015.09.28-20.34.31:540][123]LogModuleManager: Shutting down and abandoning module CoreUObject (5)
[2015.09.28-20.34.31:540][123]LogModuleManager: Shutting down and abandoning module NetworkFile (4)
[2015.09.28-20.34.31:540][123]LogModuleManager: Shutting down and abandoning module StreamingFile (3)
[2015.09.28-20.34.31:540][123]LogModuleManager: Shutting down and abandoning module SandboxFile (2)
[2015.09.28-20.34.31:540][123]LogModuleManager: Shutting down and abandoning module PakFile (1)
[2015.09.28-20.34.31:541][123]LogExit: Exiting.
[2015.09.28-20.34.31:543][123]Log file closed, 09/28/15 16:34:31
