[2015.09.28-19.39.49:834][  0]Log file open, 09/28/15 15:39:49
[2015.09.28-19.39.49:834][  0]LogInit:Display: Running engine for game: TrialThirdPerson
[2015.09.28-19.39.49:834][  0]LogInit:Display: RandInit(-1665945789) SRandInit(-1665945788).
[2015.09.28-19.39.49:834][  0]LogTaskGraph: Started task graph with 4 named threads and 7 total threads.
[2015.09.28-19.39.49:834][  0]LogStats: Stats thread started at 0.287927
[2015.09.28-19.39.49:834][  0]LogInit: Version: 4.9.1-2689999+++depot+UE4-Releases+4.9
[2015.09.28-19.39.49:834][  0]LogInit: API Version: 2672455
[2015.09.28-19.39.49:834][  0]LogInit: Compiled (64-bit): Sep 14 2015 04:12:03
[2015.09.28-19.39.49:834][  0]LogInit: Compiled with Visual C++: 18.00.21005.01
[2015.09.28-19.39.49:834][  0]LogInit: Build Configuration: Development
[2015.09.28-19.39.49:834][  0]LogInit: Branch Name: ++depot+UE4-Releases+4.9
[2015.09.28-19.39.49:834][  0]LogInit: Command line:  /Temp/Autosaves/Game/StarterContent/Maps/UEDPCMinimal_Default -game -PIEVIACONSOLE -ResX=1920 -ResY=1080  -Multiprocess 
[2015.09.28-19.39.49:834][  0]LogInit: Base directory: D:/Program Files (x86)/Epic Games/4.9/Engine/Binaries/Win64/
[2015.09.28-19.39.49:834][  0]LogInit: Rocket: 1
[2015.09.28-19.39.49:873][  0]LogInit: Using libcurl 7.41.0
[2015.09.28-19.39.49:873][  0]LogInit:  - built for x86_64-pc-win32
[2015.09.28-19.39.49:873][  0]LogInit:  - supports SSL with WinSSL
[2015.09.28-19.39.49:873][  0]LogInit:  - other features:
[2015.09.28-19.39.49:873][  0]LogInit:      CURL_VERSION_SSL
[2015.09.28-19.39.49:873][  0]LogInit:      CURL_VERSION_IPV6
[2015.09.28-19.39.49:873][  0]LogInit:      CURL_VERSION_ASYNCHDNS
[2015.09.28-19.39.49:873][  0]LogInit:      CURL_VERSION_LARGEFILE
[2015.09.28-19.39.49:873][  0]LogInit:      CURL_VERSION_IDN
[2015.09.28-19.39.49:873][  0]LogInit:  CurlRequestOptions (configurable via config and command line):
[2015.09.28-19.39.49:873][  0]LogInit:  - bVerifyPeer = true  - Libcurl will verify peer certificate
[2015.09.28-19.39.49:873][  0]LogInit:  - bUseHttpProxy = false  - Libcurl will NOT use HTTP proxy
[2015.09.28-19.39.49:873][  0]LogInit:  - bDontReuseConnections = false  - Libcurl will reuse connections
[2015.09.28-19.39.49:873][  0]LogInit:  - CertBundlePath = nullptr  - Libcurl will use whatever was configured at build time.
[2015.09.28-19.39.49:891][  0]LogInit: Presizing for 0 objects not considered by GC, pre-allocating 0 bytes.
[2015.09.28-19.39.49:910][  0]LogInit: Object subsystem initialized
[2015.09.28-19.39.49:914][  0]LogInit: Selected Device Profile: [Windows]
[2015.09.28-19.39.49:914][  0]LogInit: Applying CVar settings loaded from the selected device profile: [Windows]
[2015.09.28-19.39.49:922][  0]LogInit: Computer: DIGITALSTORM-PC
[2015.09.28-19.39.49:922][  0]LogInit: User: Juan
[2015.09.28-19.39.49:922][  0]LogInit: CPU Page size=4096, Cores=4
[2015.09.28-19.39.49:922][  0]LogInit: High frequency timer resolution =3.507503 MHz
[2015.09.28-19.39.49:922][  0]LogMemory: Memory total: Physical=8.0GB (8GB approx)
[2015.09.28-19.39.49:922][  0]LogMemory: Platform Memory Stats for Windows
[2015.09.28-19.39.49:922][  0]LogMemory: Process Physical Memory: 56.04 MB used, 56.04 MB peak
[2015.09.28-19.39.49:922][  0]LogMemory: Process Virtual Memory: 57.21 MB used, 57.21 MB peak
[2015.09.28-19.39.49:922][  0]LogMemory: Physical Memory: 3514.36 MB used, 8149.59 MB total
[2015.09.28-19.39.49:922][  0]LogMemory: Virtual Memory: 356.15 MB used, 134217728.00 MB total
[2015.09.28-19.39.50:011][  0]LogTextLocalizationManager: No specific translations for ('en-US') exist, so ('en') translations will be used.
[2015.09.28-19.39.51:248][  0]LogD3D11RHI: Found D3D11 adapter 0: NVIDIA GeForce GTX 980M        (Feature Level 11_0)
[2015.09.28-19.39.51:248][  0]LogD3D11RHI: Adapter has 8039MB of dedicated video memory, 0MB of dedicated system memory, and 4074MB of shared system memory, 1 output[s]
[2015.09.28-19.39.51:253][  0]LogD3D11RHI: Found D3D11 adapter 1: Microsoft Basic Render Driver (Feature Level 11_0)
[2015.09.28-19.39.51:253][  0]LogD3D11RHI: Adapter has 0MB of dedicated video memory, 0MB of dedicated system memory, and 256MB of shared system memory, 0 output[s]
[2015.09.28-19.39.51:253][  0]LogD3D11RHI: Chosen D3D11 Adapter Id = 0
[2015.09.28-19.39.51:259][  0]LogD3D11RHI: !Direct3DDevice
[2015.09.28-19.39.51:259][  0]LogRHI: Texture pool is 1361 MB (70% of 1945 MB)
[2015.09.28-19.39.51:282][  0]LogD3D11RHI: Async texture creation enabled
[2015.09.28-19.39.51:305][  0]LogShaderCompilers: Guid format shader working directory is 15 characters bigger than the processId version (C:/Users/Juan/Dropbox/Game Design Class/Francisco's Stuff/TrialThirdPerson/Intermediate/Shaders/WorkingDirectory/9420/).
[2015.09.28-19.39.51:305][  0]LogShaderCompilers: Cleaned the shader compiler working directory 'C:/Users/Juan/Dropbox/Game Design Class/Francisco's Stuff/TrialThirdPerson/Intermediate/Shaders/tmp/FF3EC99D41E4F6F46D4ADCB0F7DDF23B/'.
[2015.09.28-19.39.51:305][  0]LogShaderCompilers:Display: Using Local Shader Compiler.
[2015.09.28-19.39.53:348][  0]LogTemp:Display: Loaded TP AllDesktopTargetPlatform
[2015.09.28-19.39.53:357][  0]LogTemp:Display: Loaded TP WindowsClientTargetPlatform
[2015.09.28-19.39.53:366][  0]LogTemp:Display: Loaded TP WindowsNoEditorTargetPlatform
[2015.09.28-19.39.53:374][  0]LogTemp:Display: Loaded TP WindowsServerTargetPlatform
[2015.09.28-19.39.53:383][  0]LogTemp:Display: Loaded TP WindowsTargetPlatform
[2015.09.28-19.39.53:390][  0]LogTemp:Display: Loaded TP AndroidTargetPlatform
[2015.09.28-19.39.53:397][  0]LogTemp:Display: Loaded TP Android_ASTCTargetPlatform
[2015.09.28-19.39.53:405][  0]LogTemp:Display: Loaded TP Android_ATCTargetPlatform
[2015.09.28-19.39.53:412][  0]LogTemp:Display: Loaded TP Android_DXTTargetPlatform
[2015.09.28-19.39.53:419][  0]LogTemp:Display: Loaded TP Android_ETC1TargetPlatform
[2015.09.28-19.39.53:426][  0]LogTemp:Display: Loaded TP Android_ETC2TargetPlatform
[2015.09.28-19.39.53:433][  0]LogTemp:Display: Loaded TP Android_PVRTCTargetPlatform
[2015.09.28-19.39.53:436][  0]LogTemp:Display: Loaded TP HTML5TargetPlatform
[2015.09.28-19.39.53:459][  0]LogTemp:Display: Loaded TP IOSTargetPlatform
[2015.09.28-19.39.53:467][  0]LogTemp:Display: Loaded TP LinuxNoEditorTargetPlatform
[2015.09.28-19.39.53:474][  0]LogTemp:Display: Loaded TP LinuxServerTargetPlatform
[2015.09.28-19.39.53:481][  0]LogTemp:Display: Loaded TP LinuxTargetPlatform
[2015.09.28-19.39.53:481][  0]LogTargetPlatformManager:Display: Building Assets For Windows
[2015.09.28-19.39.53:627][  0]LogDerivedDataCache:Display: Max Cache Size: 512 MB
[2015.09.28-19.39.53:692][  0]LogDerivedDataCache: Loaded boot cache 0.06s 41MB C:/Users/Juan/AppData/Local/UnrealEngine/4.9/DerivedDataCache/Boot.ddc.
[2015.09.28-19.39.53:692][  0]LogDerivedDataCache:Display: Loaded Boot cache: C:/Users/Juan/AppData/Local/UnrealEngine/4.9/DerivedDataCache/Boot.ddc
[2015.09.28-19.39.53:692][  0]LogDerivedDataCache: FDerivedDataBackendGraph:  Pak pak cache file C:/Users/Juan/Dropbox/Game Design Class/Francisco's Stuff/TrialThirdPerson/DerivedDataCache/DDC.ddp not found, will not use a pak cache.
[2015.09.28-19.39.53:692][  0]LogDerivedDataCache: Unable to find inner node Pak for hierarchical cache Hierarchy.
[2015.09.28-19.39.53:692][  0]LogDerivedDataCache: FDerivedDataBackendGraph:  CompressedPak pak cache file C:/Users/Juan/Dropbox/Game Design Class/Francisco's Stuff/TrialThirdPerson/DerivedDataCache/Compressed.ddp not found, will not use a pak cache.
[2015.09.28-19.39.53:692][  0]LogDerivedDataCache: Unable to find inner node CompressedPak for hierarchical cache Hierarchy.
[2015.09.28-19.39.53:948][  0]LogDerivedDataCache:Display: Pak cache opened for reading ../../../Engine/DerivedDataCache/Compressed.ddp.
[2015.09.28-19.39.53:960][  0]LogDerivedDataCache: Using Local data cache path C:/Users/Juan/AppData/Local/UnrealEngine/Common/DerivedDataCache: Writable
[2015.09.28-19.39.54:224][  0]LogInit: Selected Device Profile: [Windows]
[2015.09.28-19.39.54:226][  0]LogContentStreaming: Texture pool size is 1000.000000MB
[2015.09.28-19.39.54:406][  0]LogMeshUtilities: No automatic mesh reduction module available
[2015.09.28-19.39.54:406][  0]LogMeshUtilities: No automatic mesh merging module available
[2015.09.28-19.39.54:788][  0]LogInit: WinSock: version 1.1 (2.2), MaxSocks=32767, MaxUdp=65467
[2015.09.28-19.39.55:097][  0]LogWindowsMoviePlayer: Unable to load movie: C:/Users/Juan/Dropbox/Game Design Class/Francisco's Stuff/TrialThirdPerson/Content/Movies/Default_Startup.mp4
[2015.09.28-19.39.55:266][  0]SourceControl: Info Source control is disabled
[2015.09.28-19.39.55:267][  0]SourceControl: Info Source control is disabled
[2015.09.28-19.39.55:294][  0]SourceControl: Info Source control is disabled
[2015.09.28-19.39.55:450][  0]LogLinker:Warning: Asset '../../../Engine/Plugins/Runtime/LeapMotionController/Content/LM_PassthroughMaterial.uasset' has been saved with empty engine version. The asset will be loaded but may be incompatible.
[2015.09.28-19.39.55:577][  0]LogObj: 27669 objects as part of root set at end of initial load.
[2015.09.28-19.39.55:577][  0]LogUObjectAllocator: 5775704 out of 0 bytes used by permanent object pool.
[2015.09.28-19.39.55:694][  0]LogEngine: Initializing Engine...
[2015.09.28-19.39.55:697][  0]LogHMD: Can't find Oculus library dev build: is proper Runtime installed? Version: 0.7.0.0
[2015.09.28-19.39.55:732][  0]LogHMD: SteamVR failed to initialize.  Err: 108
[2015.09.28-19.39.55:983][  0]LogInit: XAudio2 using 'Speakers (Realtek High Definition Audio)' : 2 channels at 48 kHz using 32 bits per sample (channel mask 0x3)
[2015.09.28-19.39.56:001][  0]LogInit: FAudioDevice initialized.
[2015.09.28-19.39.56:007][  0]LogInit: Texture streaming: Enabled
[2015.09.28-19.39.56:196][  0]LogNet: Browse: /Temp/Autosaves/Game/StarterContent/Maps/UEDPCMinimal_Default?Name=Player
[2015.09.28-19.39.56:197][  0]LogLoad: LoadMap: /Temp/Autosaves/Game/StarterContent/Maps/UEDPCMinimal_Default?Name=Player
[2015.09.28-19.39.56:238][  0]LogParticles: Destroying 0 GPU particle simulations for FXSystem 0x00000072FA2B7560
[2015.09.28-19.39.56:275][  0]LogMemory: Platform Memory Stats for Windows
[2015.09.28-19.39.56:275][  0]LogMemory: Process Physical Memory: 364.80 MB used, 365.17 MB peak
[2015.09.28-19.39.56:275][  0]LogMemory: Process Virtual Memory: 328.34 MB used, 337.12 MB peak
[2015.09.28-19.39.56:275][  0]LogMemory: Physical Memory: 3856.02 MB used, 8149.59 MB total
[2015.09.28-19.39.56:275][  0]LogMemory: Virtual Memory: 858.30 MB used, 134217728.00 MB total
[2015.09.28-19.39.56:275][  0]LogMemory: 
[2015.09.28-19.39.56:275][  0]Allocator Stats for TBB: (not implemented)
[2015.09.28-19.39.57:710][  0]LogAIModule: Creating AISystem for world Minimal_Default
[2015.09.28-19.39.57:710][  0]LogWorld: Game class is 'MyGame_C'
[2015.09.28-19.39.57:745][  0]LogWorld: Bringing World /Temp/Autosaves/Game/StarterContent/Maps/UEDPCMinimal_Default.Minimal_Default up for play (max tick rate 0) at 2015.09.28-15.39.57
[2015.09.28-19.39.57:755][  0]LogWorld: Bringing up level for play took: 0.043287
[2015.09.28-19.39.57:950][  0]LogInit:Display: Game Engine Initialized.
[2015.09.28-19.39.58:178][  0]LogLoad: Full Startup: 9.02 seconds (BP compile: 0.36 seconds)
[2015.09.28-19.39.58:308][  0]LogRenderer: Reallocating scene render targets to support 128x128 (Frame:1).
[2015.09.28-19.39.58:436][  1]LogRenderer: Reallocating scene render targets to support 1920x1080 (Frame:2).
[2015.09.28-19.40.00:208][107]LogBlueprintUserMessages: [MyCharacter_C_0] 0.0
[2015.09.28-19.40.02:209][231]LogBlueprintUserMessages: [MyCharacter_C_0] 19.272713
[2015.09.28-19.40.04:206][348]LogBlueprintUserMessages: [MyCharacter_C_0] 999.835327
[2015.09.28-19.40.06:206][472]LogBlueprintUserMessages: [MyCharacter_C_0] 999.835327
[2015.09.28-19.40.08:207][596]LogBlueprintUserMessages: [MyCharacter_C_0] 999.835327
[2015.09.28-19.40.10:206][720]LogBlueprintUserMessages: [MyCharacter_C_0] 999.835327
[2015.09.28-19.40.12:206][844]LogBlueprintUserMessages: [MyCharacter_C_0] 999.835327
[2015.09.28-19.40.14:207][968]LogBlueprintUserMessages: [MyCharacter_C_0] 999.835327
[2015.09.28-19.40.16:206][ 92]LogBlueprintUserMessages: [MyCharacter_C_0] 999.835327
[2015.09.28-19.40.18:201][214]LogBlueprintUserMessages: [MyCharacter_C_0] 999.835327
[2015.09.28-19.40.20:206][338]LogBlueprintUserMessages: [MyCharacter_C_0] 999.835327
[2015.09.28-19.40.22:206][462]LogBlueprintUserMessages: [MyCharacter_C_0] 999.835327
[2015.09.28-19.40.24:206][586]LogBlueprintUserMessages: [MyCharacter_C_0] 999.835327
[2015.09.28-19.40.26:206][710]LogBlueprintUserMessages: [MyCharacter_C_0] 999.835327
[2015.09.28-19.40.28:206][834]LogBlueprintUserMessages: [MyCharacter_C_0] 999.835327
[2015.09.28-19.40.30:206][958]LogBlueprintUserMessages: [MyCharacter_C_0] 999.835327
[2015.09.28-19.40.32:206][ 82]LogBlueprintUserMessages: [MyCharacter_C_0] 999.835327
[2015.09.28-19.40.34:205][206]LogBlueprintUserMessages: [MyCharacter_C_0] 999.835327
[2015.09.28-19.40.36:208][330]LogBlueprintUserMessages: [MyCharacter_C_0] 999.835327
[2015.09.28-19.40.38:207][454]LogBlueprintUserMessages: [MyCharacter_C_0] 999.835327
[2015.09.28-19.40.40:205][578]LogBlueprintUserMessages: [MyCharacter_C_0] 999.835327
[2015.09.28-19.40.42:206][702]LogBlueprintUserMessages: [MyCharacter_C_0] 999.835327
[2015.09.28-19.40.44:207][826]LogBlueprintUserMessages: [MyCharacter_C_0] 1074.928467
[2015.09.28-19.40.46:206][950]LogBlueprintUserMessages: [MyCharacter_C_0] 1089.252808
[2015.09.28-19.40.48:206][ 74]LogBlueprintUserMessages: [MyCharacter_C_0] 1089.252808
[2015.09.28-19.40.50:206][198]LogBlueprintUserMessages: [MyCharacter_C_0] 1089.252808
[2015.09.28-19.40.52:206][322]LogBlueprintUserMessages: [MyCharacter_C_0] 1089.252808
[2015.09.28-19.40.54:210][430]LogBlueprintUserMessages: [MyCharacter_C_0] 1089.252808
[2015.09.28-19.40.56:210][554]LogBlueprintUserMessages: [MyCharacter_C_0] 1089.252808
[2015.09.28-19.40.58:230][678]LogBlueprintUserMessages: [MyCharacter_C_0] 1089.252808
[2015.09.28-19.41.00:200][800]LogBlueprintUserMessages: [MyCharacter_C_0] 1089.252808
[2015.09.28-19.41.02:198][924]LogBlueprintUserMessages: [MyCharacter_C_0] 1089.252808
[2015.09.28-19.41.04:198][ 48]LogBlueprintUserMessages: [MyCharacter_C_0] 1089.252808
[2015.09.28-19.41.06:198][172]LogBlueprintUserMessages: [MyCharacter_C_0] 1089.252808
[2015.09.28-19.41.08:198][296]LogBlueprintUserMessages: [MyCharacter_C_0] 1089.252808
[2015.09.28-19.41.10:199][420]LogBlueprintUserMessages: [MyCharacter_C_0] 1089.252808
[2015.09.28-19.41.12:199][544]LogBlueprintUserMessages: [MyCharacter_C_0] 1089.252808
[2015.09.28-19.41.14:198][668]LogBlueprintUserMessages: [MyCharacter_C_0] 1089.252808
[2015.09.28-19.41.16:200][792]LogBlueprintUserMessages: [MyCharacter_C_0] 1089.252808
[2015.09.28-19.41.18:199][916]LogBlueprintUserMessages: [MyCharacter_C_0] 1089.252808
[2015.09.28-19.41.20:197][ 40]LogBlueprintUserMessages: [MyCharacter_C_0] 1089.252808
[2015.09.28-19.41.22:198][164]LogBlueprintUserMessages: [MyCharacter_C_0] 1089.252808
[2015.09.28-19.41.24:198][288]LogBlueprintUserMessages: [MyCharacter_C_0] 1089.252808
[2015.09.28-19.41.26:198][412]LogBlueprintUserMessages: [MyCharacter_C_0] 1089.252808
[2015.09.28-19.41.28:198][536]LogBlueprintUserMessages: [MyCharacter_C_0] 1089.252808
[2015.09.28-19.41.30:200][660]LogBlueprintUserMessages: [MyCharacter_C_0] 1089.252808
[2015.09.28-19.41.32:198][784]LogBlueprintUserMessages: [MyCharacter_C_0] 1089.252808
[2015.09.28-19.41.34:198][908]LogBlueprintUserMessages: [MyCharacter_C_0] 1089.252808
[2015.09.28-19.41.36:198][ 32]LogBlueprintUserMessages: [MyCharacter_C_0] 1089.252808
[2015.09.28-19.41.38:200][156]LogBlueprintUserMessages: [MyCharacter_C_0] 1089.252808
[2015.09.28-19.41.40:199][280]LogBlueprintUserMessages: [MyCharacter_C_0] 1089.252808
[2015.09.28-19.41.42:199][404]LogBlueprintUserMessages: [MyCharacter_C_0] 1089.252808
[2015.09.28-19.41.44:199][528]LogBlueprintUserMessages: [MyCharacter_C_0] 1130.72937
[2015.09.28-19.41.46:199][652]LogBlueprintUserMessages: [MyCharacter_C_0] 1393.140137
[2015.09.28-19.41.48:198][776]LogBlueprintUserMessages: [MyCharacter_C_0] 1548.487549
[2015.09.28-19.41.50:199][900]LogBlueprintUserMessages: [MyCharacter_C_0] 1548.487549
[2015.09.28-19.41.52:199][ 24]LogBlueprintUserMessages: [MyCharacter_C_0] 1548.487549
[2015.09.28-19.41.54:200][148]LogBlueprintUserMessages: [MyCharacter_C_0] 1548.487549
[2015.09.28-19.41.56:200][272]LogBlueprintUserMessages: [MyCharacter_C_0] 1548.487549
[2015.09.28-19.41.58:199][378]LogBlueprintUserMessages: [MyCharacter_C_0] 1548.487549
[2015.09.28-19.42.00:201][502]LogBlueprintUserMessages: [MyCharacter_C_0] 1548.487549
[2015.09.28-19.42.02:214][616]LogBlueprintUserMessages: [MyCharacter_C_0] 1548.487549
[2015.09.28-19.42.04:207][731]LogBlueprintUserMessages: [MyCharacter_C_0] 1548.487549
[2015.09.28-19.42.06:208][855]LogBlueprintUserMessages: [MyCharacter_C_0] 1548.487549
[2015.09.28-19.42.08:198][971]LogBlueprintUserMessages: [MyCharacter_C_0] 1548.487549
[2015.09.28-19.42.10:200][ 95]LogBlueprintUserMessages: [MyCharacter_C_0] 1620.946777
[2015.09.28-19.42.12:199][219]LogBlueprintUserMessages: [MyCharacter_C_0] 1634.223022
[2015.09.28-19.42.14:200][339]LogBlueprintUserMessages: [MyCharacter_C_0] 1710.240479
[2015.09.28-19.42.16:216][452]LogBlueprintUserMessages: [MyCharacter_C_0] 1710.240479
[2015.09.28-19.42.18:205][575]LogBlueprintUserMessages: [MyCharacter_C_0] 1710.240479
[2015.09.28-19.42.20:199][696]LogBlueprintUserMessages: [MyCharacter_C_0] 1710.240479
[2015.09.28-19.42.22:196][800]LogBlueprintUserMessages: [MyCharacter_C_0] 1710.240479
[2015.09.28-19.42.24:196][924]LogBlueprintUserMessages: [MyCharacter_C_0] 1710.240479
[2015.09.28-19.42.26:212][ 38]LogBlueprintUserMessages: [MyCharacter_C_0] 2134.471436
[2015.09.28-19.42.28:203][158]LogBlueprintUserMessages: [MyCharacter_C_0] 2134.471436
[2015.09.28-19.42.30:203][282]LogBlueprintUserMessages: [MyCharacter_C_0] 2134.471436
[2015.09.28-19.42.32:208][403]LogBlueprintUserMessages: [MyCharacter_C_0] 2134.471436
[2015.09.28-19.42.34:207][523]LogBlueprintUserMessages: [MyCharacter_C_0] 2134.471436
[2015.09.28-19.42.36:206][647]LogBlueprintUserMessages: [MyCharacter_C_0] 2134.471436
[2015.09.28-19.42.38:208][768]LogBlueprintUserMessages: [MyCharacter_C_0] 2134.471436
[2015.09.28-19.42.40:209][888]LogBlueprintUserMessages: [MyCharacter_C_0] 2134.471436
[2015.09.28-19.42.42:209][ 12]LogBlueprintUserMessages: [MyCharacter_C_0] 2137.667969
[2015.09.28-19.42.44:211][136]LogBlueprintUserMessages: [MyCharacter_C_0] 2434.964844
[2015.09.28-19.42.46:202][253]LogBlueprintUserMessages: [MyCharacter_C_0] 2526.042236
[2015.09.28-19.42.48:210][377]LogBlueprintUserMessages: [MyCharacter_C_0] 2939.505615
[2015.09.28-19.42.50:211][485]LogBlueprintUserMessages: [MyCharacter_C_0] 3701.335449
[2015.09.28-19.42.52:211][609]LogBlueprintUserMessages: [MyCharacter_C_0] 4283.29248
[2015.09.28-19.42.54:213][730]LogBlueprintUserMessages: [MyCharacter_C_0] 4913.685059
[2015.09.28-19.42.56:208][853]LogBlueprintUserMessages: [MyCharacter_C_0] 5776.986328
[2015.09.28-19.42.58:206][977]LogBlueprintUserMessages: [MyCharacter_C_0] 5960.570313
[2015.09.28-19.42.58:931][ 22]LogNet: Browse: /Temp/Autosaves/Game/StarterContent/Maps/UEDPCMinimal_Default?Name=Player?restart
[2015.09.28-19.42.58:931][ 22]LogLoad: LoadMap: /Temp/Autosaves/Game/StarterContent/Maps/UEDPCMinimal_Default?Name=Player
[2015.09.28-19.42.59:236][ 22]LogParticles: Destroying 0 GPU particle simulations for FXSystem 0x0000007289139C60
[2015.09.28-19.42.59:273][ 22]LogMemory: Platform Memory Stats for Windows
[2015.09.28-19.42.59:273][ 22]LogMemory: Process Physical Memory: 469.68 MB used, 471.80 MB peak
[2015.09.28-19.42.59:273][ 22]LogMemory: Process Virtual Memory: 418.17 MB used, 423.34 MB peak
[2015.09.28-19.42.59:273][ 22]LogMemory: Physical Memory: 3446.83 MB used, 8149.59 MB total
[2015.09.28-19.42.59:273][ 22]LogMemory: Virtual Memory: 928.64 MB used, 134217728.00 MB total
[2015.09.28-19.42.59:273][ 22]LogMemory: 
[2015.09.28-19.42.59:273][ 22]Allocator Stats for TBB: (not implemented)
[2015.09.28-19.43.00:468][ 22]LogAIModule: Creating AISystem for world Minimal_Default
[2015.09.28-19.43.00:468][ 22]LogWorld: Game class is 'MyGame_C'
[2015.09.28-19.43.00:496][ 22]LogWorld: Bringing World /Temp/Autosaves/Game/StarterContent/Maps/UEDPCMinimal_Default.Minimal_Default up for play (max tick rate 0) at 2015.09.28-15.43.00
[2015.09.28-19.43.00:497][ 22]LogWorld: Bringing up level for play took: 0.027305
[2015.09.28-19.43.02:123][120]LogBlueprintUserMessages: [MyCharacter_C_0] 0.0
[2015.09.28-19.43.04:123][244]LogBlueprintUserMessages: [MyCharacter_C_0] 401.961395
[2015.09.28-19.43.06:124][368]LogBlueprintUserMessages: [MyCharacter_C_0] 436.191833
[2015.09.28-19.43.08:124][492]LogBlueprintUserMessages: [MyCharacter_C_0] 940.11438
[2015.09.28-19.43.10:122][616]LogBlueprintUserMessages: [MyCharacter_C_0] 1283.855835
[2015.09.28-19.43.12:123][740]LogBlueprintUserMessages: [MyCharacter_C_0] 1563.762573
[2015.09.28-19.43.14:124][864]LogBlueprintUserMessages: [MyCharacter_C_0] 1853.55957
[2015.09.28-19.43.16:125][988]LogBlueprintUserMessages: [MyCharacter_C_0] 2056.984619
[2015.09.28-19.43.18:123][112]LogBlueprintUserMessages: [MyCharacter_C_0] 2641.737793
[2015.09.28-19.43.20:124][236]LogBlueprintUserMessages: [MyCharacter_C_0] 3128.314209
[2015.09.28-19.43.22:124][360]LogBlueprintUserMessages: [MyCharacter_C_0] 3342.646973
[2015.09.28-19.43.24:123][484]LogBlueprintUserMessages: [MyCharacter_C_0] 3396.100342
[2015.09.28-19.43.26:125][608]LogBlueprintUserMessages: [MyCharacter_C_0] 3587.423584
[2015.09.28-19.43.28:124][732]LogBlueprintUserMessages: [MyCharacter_C_0] 3792.235596
[2015.09.28-19.43.30:123][856]LogBlueprintUserMessages: [MyCharacter_C_0] 4059.23877
[2015.09.28-19.43.32:123][980]LogBlueprintUserMessages: [MyCharacter_C_0] 4059.23877
[2015.09.28-19.43.34:123][104]LogBlueprintUserMessages: [MyCharacter_C_0] 4165.873047
[2015.09.28-19.43.36:124][228]LogBlueprintUserMessages: [MyCharacter_C_0] 4282.500977
[2015.09.28-19.43.38:123][352]LogBlueprintUserMessages: [MyCharacter_C_0] 4282.500977
[2015.09.28-19.43.40:123][476]LogBlueprintUserMessages: [MyCharacter_C_0] 4282.500977
[2015.09.28-19.43.42:125][600]LogBlueprintUserMessages: [MyCharacter_C_0] 4282.500977
[2015.09.28-19.43.44:123][724]LogBlueprintUserMessages: [MyCharacter_C_0] 4627.145996
[2015.09.28-19.43.46:123][848]LogBlueprintUserMessages: [MyCharacter_C_0] 5034.56543
[2015.09.28-19.43.48:123][972]LogBlueprintUserMessages: [MyCharacter_C_0] 5034.56543
[2015.09.28-19.43.50:125][ 96]LogBlueprintUserMessages: [MyCharacter_C_0] 5034.56543
[2015.09.28-19.43.52:124][220]LogBlueprintUserMessages: [MyCharacter_C_0] 5034.56543
[2015.09.28-19.43.54:123][344]LogBlueprintUserMessages: [MyCharacter_C_0] 5034.56543
[2015.09.28-19.43.56:125][468]LogBlueprintUserMessages: [MyCharacter_C_0] 5034.56543
[2015.09.28-19.43.58:124][592]LogBlueprintUserMessages: [MyCharacter_C_0] 5034.56543
[2015.09.28-19.44.00:183][716]LogBlueprintUserMessages: [MyCharacter_C_0] 5034.56543
[2015.09.28-19.44.02:120][836]LogBlueprintUserMessages: [MyCharacter_C_0] 5034.56543
[2015.09.28-19.44.04:118][960]LogBlueprintUserMessages: [MyCharacter_C_0] 5034.56543
[2015.09.28-19.44.06:119][ 84]LogBlueprintUserMessages: [MyCharacter_C_0] 5034.56543
[2015.09.28-19.44.08:118][208]LogBlueprintUserMessages: [MyCharacter_C_0] 5034.56543
[2015.09.28-19.44.10:118][332]LogBlueprintUserMessages: [MyCharacter_C_0] 5034.56543
[2015.09.28-19.44.12:062][451]LogWindowsTextInputMethodSystem:Display: IME system now deactivated.
[2015.09.28-19.44.12:342][451]LogEngine: All Windows Closed
[2015.09.28-19.44.12:342][451]LogWindows: FPlatformMisc::RequestExit(0)
[2015.09.28-19.44.12:866][452]LogExit: Preparing to exit.
[2015.09.28-19.44.13:166][452]LogExit: Game engine shut down
[2015.09.28-19.44.13:199][452]LogParticles: Destroying 0 GPU particle simulations for FXSystem 0x00000072F9A38CC0
[2015.09.28-19.44.13:789][452]LogExit: Object subsystem successfully closed.
[2015.09.28-19.44.13:904][452]LogD3D11RHI: Shutdown
[2015.09.28-19.44.13:904][452]LogD3D11RHI: CleanupD3DDevice
[2015.09.28-19.44.14:090][452]LogD3D11RHI: ~FD3D11DynamicRHI
[2015.09.28-19.44.14:193][452]LogModuleManager: Shutting down and abandoning module AndroidDeviceDetection (115)
[2015.09.28-19.44.14:324][452]LogModuleManager: Shutting down and abandoning module AutomationController (114)
[2015.09.28-19.44.14:324][452]LogModuleManager: Shutting down and abandoning module AutomationWorker (113)
[2015.09.28-19.44.14:324][452]LogModuleManager: Shutting down and abandoning module CharacterAI (112)
[2015.09.28-19.44.14:324][452]LogModuleManager: Shutting down and abandoning module AITestSuite (111)
[2015.09.28-19.44.14:324][452]LogModuleManager: Shutting down and abandoning module GameplayDebugger (110)
[2015.09.28-19.44.14:324][452]LogModuleManager: Shutting down and abandoning module AIModule (109)
[2015.09.28-19.44.14:324][452]LogModuleManager: Shutting down and abandoning module GameLiveStreaming (108)
[2015.09.28-19.44.14:324][452]LogModuleManager: Shutting down and abandoning module StreamingPauseRendering (107)
[2015.09.28-19.44.14:324][452]LogModuleManager: Shutting down and abandoning module ProfilerService (106)
[2015.09.28-19.44.14:542][452]LogModuleManager: Shutting down and abandoning module TaskGraph (105)
[2015.09.28-19.44.14:542][452]LogModuleManager: Shutting down and abandoning module SlateRemote (104)
[2015.09.28-19.44.14:542][452]LogModuleManager: Shutting down and abandoning module SteamVRController (103)
[2015.09.28-19.44.14:542][452]LogModuleManager: Shutting down and abandoning module SteamVR (102)
[2015.09.28-19.44.14:542][452]LogModuleManager: Shutting down and abandoning module ProceduralMeshComponent (101)
[2015.09.28-19.44.14:542][452]LogModuleManager: Shutting down and abandoning module OculusRift (100)
[2015.09.28-19.44.14:542][452]LogModuleManager: Shutting down and abandoning module OculusLibrary (99)
[2015.09.28-19.44.14:542][452]LogModuleManager: Shutting down and abandoning module LeapMotionController (98)
[2015.09.28-19.44.14:556][452]LogModuleManager: Shutting down and abandoning module CustomMeshComponent (97)
[2015.09.28-19.44.14:565][452]LogModuleManager: Shutting down and abandoning module CableComponent (96)
[2015.09.28-19.44.14:565][452]LogModuleManager: Shutting down and abandoning module ArchVisCharacter (95)
[2015.09.28-19.44.14:565][452]LogModuleManager: Shutting down and abandoning module HTML5Networking (94)
[2015.09.28-19.44.14:565][452]LogModuleManager: Shutting down and abandoning module DesktopPlatform (93)
[2015.09.28-19.44.14:565][452]LogModuleManager: Shutting down and abandoning module DirectoryWatcher (92)
[2015.09.28-19.44.14:565][452]LogModuleManager: Shutting down and abandoning module HotReload (91)
[2015.09.28-19.44.14:565][452]LogModuleManager: Shutting down and abandoning module VisualStudioSourceCodeAccess (90)
[2015.09.28-19.44.14:565][452]LogModuleManager: Shutting down and abandoning module UObjectPlugin (89)
[2015.09.28-19.44.14:565][452]LogModuleManager: Shutting down and abandoning module SubversionSourceControl (88)
[2015.09.28-19.44.14:565][452]LogModuleManager: Shutting down and abandoning module SourceControl (87)
[2015.09.28-19.44.14:565][452]LogModuleManager: Shutting down and abandoning module PerforceSourceControl (86)
[2015.09.28-19.44.14:565][452]LogModuleManager: Shutting down and abandoning module UdpMessaging (85)
[2015.09.28-19.44.14:565][452]LogModuleManager: Shutting down and abandoning module LightPropagationVolumeRuntime (84)
[2015.09.28-19.44.14:565][452]LogModuleManager: Shutting down and abandoning module Paper2D (83)
[2015.09.28-19.44.14:565][452]LogModuleManager: Shutting down and abandoning module WindowsMoviePlayer (82)
[2015.09.28-19.44.14:569][452]LogModuleManager: Shutting down and abandoning module Media (81)
[2015.09.28-19.44.14:569][452]LogModuleManager: Shutting down and abandoning module WmfMedia (80)
[2015.09.28-19.44.14:569][452]LogModuleManager: Shutting down and abandoning module OnlineBlueprintSupport (79)
[2015.09.28-19.44.14:569][452]LogModuleManager: Shutting down and abandoning module GameplayTasksEditor (78)
[2015.09.28-19.44.14:569][452]LogModuleManager: Shutting down and abandoning module PropertyEditor (77)
[2015.09.28-19.44.14:612][452]LogModuleManager: Shutting down and abandoning module BehaviorTreeEditor (76)
[2015.09.28-19.44.14:613][452]LogModuleManager: Shutting down and abandoning module FunctionalTesting (75)
[2015.09.28-19.44.14:613][452]LogModuleManager: Shutting down and abandoning module CollisionAnalyzer (74)
[2015.09.28-19.44.14:613][452]LogModuleManager: Shutting down and abandoning module WorkspaceMenuStructure (73)
[2015.09.28-19.44.14:613][452]LogModuleManager: Shutting down and abandoning module MessageLog (72)
[2015.09.28-19.44.14:613][452]LogModuleManager: Shutting down and abandoning module Sequencer (71)
[2015.09.28-19.44.14:621][452]LogModuleManager: Shutting down and abandoning module AssetTools (70)
[2015.09.28-19.44.14:648][452]LogModuleManager: Shutting down and abandoning module UMGEditor (69)
[2015.09.28-19.44.14:657][452]LogModuleManager: Shutting down and abandoning module UMG (68)
[2015.09.28-19.44.14:657][452]LogModuleManager: Shutting down and abandoning module Slate (67)
[2015.09.28-19.44.14:657][452]LogModuleManager: Shutting down and abandoning module EditorStyle (66)
[2015.09.28-19.44.14:660][452]LogModuleManager: Shutting down and abandoning module SessionServices (65)
[2015.09.28-19.44.14:660][452]LogModuleManager: Shutting down and abandoning module SourceCodeAccess (64)
[2015.09.28-19.44.14:660][452]LogModuleManager: Shutting down and abandoning module HeadMountedDisplay (63)
[2015.09.28-19.44.14:660][452]LogModuleManager: Shutting down and abandoning module XAudio2 (62)
[2015.09.28-19.44.14:660][452]LogModuleManager: Shutting down and abandoning module Networking (60)
[2015.09.28-19.44.14:660][452]LogModuleManager: Shutting down and abandoning module Core (59)
[2015.09.28-19.44.14:660][452]LogModuleManager: Shutting down and abandoning module KismetCompiler (58)
[2015.09.28-19.44.14:660][452]LogModuleManager: Shutting down and abandoning module PhysXFormats (57)
[2015.09.28-19.44.14:660][452]LogModuleManager: Shutting down and abandoning module MeshUtilities (56)
[2015.09.28-19.44.14:671][452]LogModuleManager: Shutting down and abandoning module CookingStats (55)
[2015.09.28-19.44.14:672][452]LogModuleManager: Shutting down and abandoning module DerivedDataCache (54)
[2015.09.28-19.44.14:681][452]LogDerivedDataCache: Shutdown
[2015.09.28-19.44.14:681][452]LogModuleManager: Shutting down and abandoning module ShaderFormatOpenGL (53)
[2015.09.28-19.44.14:689][452]LogModuleManager: Shutting down and abandoning module ShaderFormatD3D (52)
[2015.09.28-19.44.14:689][452]LogModuleManager: Shutting down and abandoning module MetalShaderFormat (51)
[2015.09.28-19.44.14:700][452]LogModuleManager: Shutting down and abandoning module TextureFormatUncompressed (50)
[2015.09.28-19.44.14:700][452]LogModuleManager: Shutting down and abandoning module TextureFormatPVR (49)
[2015.09.28-19.44.14:700][452]LogModuleManager: Shutting down and abandoning module TextureFormatIntelISPCTexComp (48)
[2015.09.28-19.44.14:700][452]LogModuleManager: Shutting down and abandoning module TextureFormatDXT (47)
[2015.09.28-19.44.14:700][452]LogModuleManager: Shutting down and abandoning module ImageWrapper (46)
[2015.09.28-19.44.14:700][452]LogModuleManager: Shutting down and abandoning module TextureFormatASTC (45)
[2015.09.28-19.44.14:700][452]LogModuleManager: Shutting down and abandoning module TextureFormatAndroid (44)
[2015.09.28-19.44.14:700][452]LogModuleManager: Shutting down and abandoning module AudioFormatOpus (43)
[2015.09.28-19.44.14:700][452]LogModuleManager: Shutting down and abandoning module AudioFormatOgg (42)
[2015.09.28-19.44.14:700][452]LogModuleManager: Shutting down and abandoning module AudioFormatADPCM (41)
[2015.09.28-19.44.14:701][452]LogModuleManager: Shutting down and abandoning module LinuxTargetPlatform (40)
[2015.09.28-19.44.14:701][452]LogModuleManager: Shutting down and abandoning module LinuxServerTargetPlatform (39)
[2015.09.28-19.44.14:701][452]LogModuleManager: Shutting down and abandoning module LinuxNoEditorTargetPlatform (38)
[2015.09.28-19.44.14:701][452]LogModuleManager: Shutting down and abandoning module Messaging (37)
[2015.09.28-19.44.14:701][452]LogModuleManager: Shutting down and abandoning module IOSTargetPlatform (36)
[2015.09.28-19.44.14:701][452]LogModuleManager: Shutting down and abandoning module HTML5TargetPlatform (35)
[2015.09.28-19.44.14:701][452]LogModuleManager: Shutting down and abandoning module Android_PVRTCTargetPlatform (34)
[2015.09.28-19.44.14:701][452]LogModuleManager: Shutting down and abandoning module Android_ETC2TargetPlatform (33)
[2015.09.28-19.44.14:701][452]LogModuleManager: Shutting down and abandoning module Android_ETC1TargetPlatform (32)
[2015.09.28-19.44.14:701][452]LogModuleManager: Shutting down and abandoning module Android_DXTTargetPlatform (31)
[2015.09.28-19.44.14:701][452]LogModuleManager: Shutting down and abandoning module Android_ATCTargetPlatform (30)
[2015.09.28-19.44.14:701][452]LogModuleManager: Shutting down and abandoning module Android_ASTCTargetPlatform (29)
[2015.09.28-19.44.14:701][452]LogModuleManager: Shutting down and abandoning module AndroidTargetPlatform (28)
[2015.09.28-19.44.14:701][452]LogModuleManager: Shutting down and abandoning module WindowsTargetPlatform (27)
[2015.09.28-19.44.14:701][452]LogModuleManager: Shutting down and abandoning module WindowsServerTargetPlatform (26)
[2015.09.28-19.44.14:701][452]LogModuleManager: Shutting down and abandoning module WindowsNoEditorTargetPlatform (25)
[2015.09.28-19.44.14:701][452]LogModuleManager: Shutting down and abandoning module WindowsClientTargetPlatform (24)
[2015.09.28-19.44.14:701][452]LogModuleManager: Shutting down and abandoning module AllDesktopTargetPlatform (23)
[2015.09.28-19.44.14:701][452]LogModuleManager: Shutting down and abandoning module TargetPlatform (22)
[2015.09.28-19.44.14:701][452]LogModuleManager: Shutting down and abandoning module InputCore (21)
[2015.09.28-19.44.14:701][452]LogModuleManager: Shutting down and abandoning module Settings (20)
[2015.09.28-19.44.14:701][452]LogModuleManager: Shutting down and abandoning module OnlineSubsystem (18)
[2015.09.28-19.44.14:701][452]LogModuleManager: Shutting down and abandoning module HTTP (17)
[2015.09.28-19.44.14:701][452]LogModuleManager: Shutting down and abandoning module XMPP (16)
[2015.09.28-19.44.14:706][452]LogModuleManager: Shutting down and abandoning module ExampleDeviceProfileSelector (15)
[2015.09.28-19.44.14:706][452]LogModuleManager: Shutting down and abandoning module TextureCompressor (14)
[2015.09.28-19.44.14:712][452]LogModuleManager: Shutting down and abandoning module ShaderCore (13)
[2015.09.28-19.44.14:712][452]LogModuleManager: Shutting down and abandoning module Landscape (12)
[2015.09.28-19.44.14:712][452]LogModuleManager: Shutting down and abandoning module SlateRHIRenderer (11)
[2015.09.28-19.44.14:713][452]LogModuleManager: Shutting down and abandoning module OpenGLDrv (10)
[2015.09.28-19.44.14:723][452]LogModuleManager: Shutting down and abandoning module D3D11RHI (9)
[2015.09.28-19.44.14:723][452]LogModuleManager: Shutting down and abandoning module AnimGraphRuntime (8)
[2015.09.28-19.44.14:723][452]LogModuleManager: Shutting down and abandoning module Renderer (7)
[2015.09.28-19.44.14:723][452]LogModuleManager: Shutting down and abandoning module Engine (6)
[2015.09.28-19.44.14:723][452]LogModuleManager: Shutting down and abandoning module CoreUObject (5)
[2015.09.28-19.44.14:723][452]LogModuleManager: Shutting down and abandoning module NetworkFile (4)
[2015.09.28-19.44.14:731][452]LogModuleManager: Shutting down and abandoning module StreamingFile (3)
[2015.09.28-19.44.14:731][452]LogModuleManager: Shutting down and abandoning module SandboxFile (2)
[2015.09.28-19.44.14:731][452]LogModuleManager: Shutting down and abandoning module PakFile (1)
[2015.09.28-19.44.14:732][452]LogExit: Exiting.
[2015.09.28-19.44.14:735][452]Log file closed, 09/28/15 15:44:14
